{"F:\\Dev_Env\\Multi-Agent-Enterprise-CRM\\gateway\\src\\index.ts": {"path":"F:\\Dev_Env\\Multi-Agent-Enterprise-CRM\\gateway\\src\\index.ts","statementMap":{"0":{"start":{"line":1,"column":0},"end":{"line":1,"column":80}},"1":{"start":{"line":2,"column":0},"end":{"line":2,"column":24}},"2":{"start":{"line":3,"column":0},"end":{"line":3,"column":28}},"3":{"start":{"line":4,"column":0},"end":{"line":4,"column":38}},"4":{"start":{"line":5,"column":0},"end":{"line":5,"column":43}},"5":{"start":{"line":6,"column":0},"end":{"line":6,"column":36}},"6":{"start":{"line":7,"column":0},"end":{"line":7,"column":37}},"7":{"start":{"line":8,"column":0},"end":{"line":8,"column":36}},"8":{"start":{"line":10,"column":0},"end":{"line":10,"column":40}},"9":{"start":{"line":11,"column":0},"end":{"line":11,"column":57}},"10":{"start":{"line":12,"column":0},"end":{"line":12,"column":51}},"11":{"start":{"line":13,"column":0},"end":{"line":13,"column":55}},"12":{"start":{"line":14,"column":0},"end":{"line":14,"column":49}},"13":{"start":{"line":15,"column":0},"end":{"line":15,"column":53}},"14":{"start":{"line":16,"column":0},"end":{"line":16,"column":59}},"15":{"start":{"line":18,"column":0},"end":{"line":18,"column":39}},"16":{"start":{"line":19,"column":0},"end":{"line":19,"column":41}},"17":{"start":{"line":20,"column":0},"end":{"line":20,"column":41}},"18":{"start":{"line":21,"column":0},"end":{"line":21,"column":45}},"19":{"start":{"line":22,"column":0},"end":{"line":22,"column":49}},"20":{"start":{"line":23,"column":0},"end":{"line":23,"column":53}},"21":{"start":{"line":24,"column":0},"end":{"line":24,"column":49}},"22":{"start":{"line":25,"column":0},"end":{"line":25,"column":43}},"23":{"start":{"line":26,"column":0},"end":{"line":26,"column":43}},"24":{"start":{"line":27,"column":0},"end":{"line":27,"column":51}},"25":{"start":{"line":28,"column":0},"end":{"line":28,"column":51}},"26":{"start":{"line":29,"column":0},"end":{"line":29,"column":47}},"27":{"start":{"line":30,"column":0},"end":{"line":30,"column":55}},"28":{"start":{"line":31,"column":0},"end":{"line":31,"column":55}},"29":{"start":{"line":32,"column":0},"end":{"line":32,"column":53}},"30":{"start":{"line":33,"column":0},"end":{"line":33,"column":41}},"31":{"start":{"line":34,"column":0},"end":{"line":34,"column":49}},"32":{"start":{"line":35,"column":0},"end":{"line":35,"column":41}},"33":{"start":{"line":36,"column":0},"end":{"line":36,"column":41}},"34":{"start":{"line":37,"column":0},"end":{"line":37,"column":39}},"35":{"start":{"line":39,"column":0},"end":{"line":39,"column":54}},"36":{"start":{"line":40,"column":0},"end":{"line":40,"column":62}},"37":{"start":{"line":41,"column":0},"end":{"line":41,"column":50}},"38":{"start":{"line":42,"column":0},"end":{"line":42,"column":79}},"39":{"start":{"line":43,"column":0},"end":{"line":43,"column":67}},"40":{"start":{"line":44,"column":0},"end":{"line":44,"column":79}},"41":{"start":{"line":45,"column":0},"end":{"line":45,"column":99}},"42":{"start":{"line":46,"column":0},"end":{"line":46,"column":73}},"43":{"start":{"line":47,"column":0},"end":{"line":47,"column":83}},"44":{"start":{"line":48,"column":0},"end":{"line":48,"column":101}},"45":{"start":{"line":49,"column":0},"end":{"line":49,"column":97}},"46":{"start":{"line":50,"column":0},"end":{"line":50,"column":81}},"47":{"start":{"line":51,"column":0},"end":{"line":51,"column":95}},"48":{"start":{"line":52,"column":0},"end":{"line":52,"column":87}},"49":{"start":{"line":53,"column":0},"end":{"line":53,"column":43}},"50":{"start":{"line":54,"column":0},"end":{"line":54,"column":47}},"51":{"start":{"line":56,"column":25},"end":{"line":56,"column":34}},"52":{"start":{"line":57,"column":13},"end":{"line":57,"column":45}},"53":{"start":{"line":60,"column":0},"end":{"line":60,"column":26}},"54":{"start":{"line":63,"column":0},"end":{"line":66,"column":4}},"55":{"start":{"line":67,"column":0},"end":{"line":70,"column":4}},"56":{"start":{"line":71,"column":0},"end":{"line":71,"column":23}},"57":{"start":{"line":74,"column":16},"end":{"line":80,"column":2}},"58":{"start":{"line":81,"column":0},"end":{"line":81,"column":17}},"59":{"start":{"line":84,"column":20},"end":{"line":90,"column":2}},"60":{"start":{"line":93,"column":0},"end":{"line":93,"column":41}},"61":{"start":{"line":94,"column":0},"end":{"line":94,"column":48}},"62":{"start":{"line":97,"column":0},"end":{"line":101,"column":3}},"63":{"start":{"line":98,"column":2},"end":{"line":98,"column":80}},"64":{"start":{"line":99,"column":2},"end":{"line":99,"column":69}},"65":{"start":{"line":100,"column":2},"end":{"line":100,"column":9}},"66":{"start":{"line":104,"column":0},"end":{"line":104,"column":23}},"67":{"start":{"line":107,"column":0},"end":{"line":107,"column":18}},"68":{"start":{"line":110,"column":0},"end":{"line":116,"column":3}},"69":{"start":{"line":111,"column":2},"end":{"line":115,"column":5}},"70":{"start":{"line":119,"column":0},"end":{"line":137,"column":3}},"71":{"start":{"line":120,"column":2},"end":{"line":136,"column":3}},"72":{"start":{"line":121,"column":4},"end":{"line":123,"column":5}},"73":{"start":{"line":122,"column":6},"end":{"line":122,"column":58}},"74":{"start":{"line":125,"column":4},"end":{"line":125,"column":37}},"75":{"start":{"line":127,"column":4},"end":{"line":127,"column":29}},"76":{"start":{"line":129,"column":23},"end":{"line":129,"column":42}},"77":{"start":{"line":130,"column":4},"end":{"line":130,"column":31}},"78":{"start":{"line":131,"column":4},"end":{"line":131,"column":34}},"79":{"start":{"line":133,"column":4},"end":{"line":133,"column":34}},"80":{"start":{"line":135,"column":4},"end":{"line":135,"column":72}},"81":{"start":{"line":140,"column":0},"end":{"line":140,"column":49}},"82":{"start":{"line":143,"column":0},"end":{"line":148,"column":2}},"83":{"start":{"line":151,"column":0},"end":{"line":151,"column":38}},"84":{"start":{"line":152,"column":0},"end":{"line":152,"column":38}},"85":{"start":{"line":153,"column":0},"end":{"line":153,"column":42}},"86":{"start":{"line":154,"column":0},"end":{"line":154,"column":46}},"87":{"start":{"line":155,"column":0},"end":{"line":155,"column":50}},"88":{"start":{"line":156,"column":0},"end":{"line":156,"column":46}},"89":{"start":{"line":157,"column":0},"end":{"line":157,"column":40}},"90":{"start":{"line":158,"column":0},"end":{"line":158,"column":40}},"91":{"start":{"line":159,"column":0},"end":{"line":159,"column":48}},"92":{"start":{"line":160,"column":0},"end":{"line":160,"column":48}},"93":{"start":{"line":161,"column":0},"end":{"line":161,"column":44}},"94":{"start":{"line":162,"column":0},"end":{"line":162,"column":52}},"95":{"start":{"line":163,"column":0},"end":{"line":163,"column":52}},"96":{"start":{"line":164,"column":0},"end":{"line":164,"column":50}},"97":{"start":{"line":165,"column":0},"end":{"line":165,"column":38}},"98":{"start":{"line":166,"column":0},"end":{"line":166,"column":46}},"99":{"start":{"line":168,"column":0},"end":{"line":174,"column":2}},"100":{"start":{"line":176,"column":0},"end":{"line":182,"column":2}},"101":{"start":{"line":184,"column":0},"end":{"line":190,"column":2}},"102":{"start":{"line":192,"column":0},"end":{"line":198,"column":2}},"103":{"start":{"line":200,"column":0},"end":{"line":206,"column":2}},"104":{"start":{"line":209,"column":0},"end":{"line":216,"column":3}},"105":{"start":{"line":210,"column":2},"end":{"line":215,"column":5}},"106":{"start":{"line":219,"column":0},"end":{"line":219,"column":22}},"107":{"start":{"line":222,"column":15},"end":{"line":222,"column":32}},"108":{"start":{"line":225,"column":12},"end":{"line":225,"column":56}},"109":{"start":{"line":226,"column":0},"end":{"line":226,"column":20}},"110":{"start":{"line":229,"column":17},"end":{"line":285,"column":1}},"111":{"start":{"line":230,"column":2},"end":{"line":230,"column":45}},"112":{"start":{"line":233,"column":2},"end":{"line":235,"column":5}},"113":{"start":{"line":234,"column":4},"end":{"line":234,"column":47}},"114":{"start":{"line":237,"column":2},"end":{"line":239,"column":3}},"115":{"start":{"line":238,"column":4},"end":{"line":238,"column":52}},"116":{"start":{"line":240,"column":2},"end":{"line":242,"column":3}},"117":{"start":{"line":241,"column":4},"end":{"line":241,"column":48}},"118":{"start":{"line":243,"column":2},"end":{"line":245,"column":3}},"119":{"start":{"line":244,"column":4},"end":{"line":244,"column":52}},"120":{"start":{"line":246,"column":2},"end":{"line":248,"column":3}},"121":{"start":{"line":247,"column":4},"end":{"line":247,"column":55}},"122":{"start":{"line":249,"column":2},"end":{"line":251,"column":3}},"123":{"start":{"line":250,"column":4},"end":{"line":250,"column":50}},"124":{"start":{"line":252,"column":2},"end":{"line":254,"column":3}},"125":{"start":{"line":253,"column":4},"end":{"line":253,"column":54}},"126":{"start":{"line":255,"column":2},"end":{"line":257,"column":3}},"127":{"start":{"line":256,"column":4},"end":{"line":256,"column":55}},"128":{"start":{"line":258,"column":2},"end":{"line":260,"column":3}},"129":{"start":{"line":259,"column":4},"end":{"line":259,"column":55}},"130":{"start":{"line":261,"column":2},"end":{"line":263,"column":3}},"131":{"start":{"line":262,"column":4},"end":{"line":262,"column":53}},"132":{"start":{"line":264,"column":2},"end":{"line":266,"column":3}},"133":{"start":{"line":265,"column":4},"end":{"line":265,"column":60}},"134":{"start":{"line":267,"column":2},"end":{"line":269,"column":3}},"135":{"start":{"line":268,"column":4},"end":{"line":268,"column":56}},"136":{"start":{"line":272,"column":2},"end":{"line":272,"column":35}},"137":{"start":{"line":275,"column":2},"end":{"line":278,"column":5}},"138":{"start":{"line":276,"column":4},"end":{"line":276,"column":38}},"139":{"start":{"line":277,"column":4},"end":{"line":277,"column":20}},"140":{"start":{"line":281,"column":2},"end":{"line":284,"column":12}},"141":{"start":{"line":282,"column":4},"end":{"line":282,"column":50}},"142":{"start":{"line":283,"column":4},"end":{"line":283,"column":20}},"143":{"start":{"line":287,"column":0},"end":{"line":287,"column":32}},"144":{"start":{"line":288,"column":0},"end":{"line":288,"column":31}},"145":{"start":{"line":291,"column":20},"end":{"line":339,"column":1}},"146":{"start":{"line":292,"column":2},"end":{"line":338,"column":3}},"147":{"start":{"line":294,"column":4},"end":{"line":294,"column":34}},"148":{"start":{"line":295,"column":4},"end":{"line":295,"column":38}},"149":{"start":{"line":297,"column":4},"end":{"line":299,"column":5}},"150":{"start":{"line":298,"column":7},"end":{"line":298,"column":87}},"151":{"start":{"line":300,"column":4},"end":{"line":302,"column":5}},"152":{"start":{"line":301,"column":7},"end":{"line":301,"column":77}},"153":{"start":{"line":303,"column":4},"end":{"line":305,"column":5}},"154":{"start":{"line":304,"column":7},"end":{"line":304,"column":87}},"155":{"start":{"line":306,"column":4},"end":{"line":308,"column":5}},"156":{"start":{"line":307,"column":7},"end":{"line":307,"column":100}},"157":{"start":{"line":309,"column":4},"end":{"line":311,"column":5}},"158":{"start":{"line":310,"column":7},"end":{"line":310,"column":82}},"159":{"start":{"line":312,"column":4},"end":{"line":314,"column":5}},"160":{"start":{"line":313,"column":7},"end":{"line":313,"column":91}},"161":{"start":{"line":315,"column":4},"end":{"line":317,"column":5}},"162":{"start":{"line":316,"column":7},"end":{"line":316,"column":101}},"163":{"start":{"line":318,"column":4},"end":{"line":320,"column":5}},"164":{"start":{"line":319,"column":7},"end":{"line":319,"column":99}},"165":{"start":{"line":321,"column":4},"end":{"line":323,"column":5}},"166":{"start":{"line":322,"column":7},"end":{"line":322,"column":89}},"167":{"start":{"line":324,"column":4},"end":{"line":326,"column":5}},"168":{"start":{"line":325,"column":7},"end":{"line":325,"column":103}},"169":{"start":{"line":327,"column":4},"end":{"line":329,"column":5}},"170":{"start":{"line":328,"column":7},"end":{"line":328,"column":95}},"171":{"start":{"line":331,"column":4},"end":{"line":334,"column":7}},"172":{"start":{"line":332,"column":6},"end":{"line":332,"column":57}},"173":{"start":{"line":333,"column":6},"end":{"line":333,"column":75}},"174":{"start":{"line":336,"column":4},"end":{"line":336,"column":51}},"175":{"start":{"line":337,"column":4},"end":{"line":337,"column":20}},"176":{"start":{"line":341,"column":0},"end":{"line":343,"column":1}},"177":{"start":{"line":342,"column":2},"end":{"line":342,"column":16}},"178":{"start":{"line":345,"column":0},"end":{"line":345,"column":19}}},"fnMap":{"0":{"name":"(anonymous_1)","decl":{"start":{"line":97,"column":8},"end":{"line":97,"column":9}},"loc":{"start":{"line":97,"column":60},"end":{"line":101,"column":1}}},"1":{"name":"(anonymous_2)","decl":{"start":{"line":110,"column":19},"end":{"line":110,"column":20}},"loc":{"start":{"line":110,"column":51},"end":{"line":116,"column":1}}},"2":{"name":"(anonymous_3)","decl":{"start":{"line":119,"column":18},"end":{"line":119,"column":23}},"loc":{"start":{"line":119,"column":56},"end":{"line":137,"column":1}}},"3":{"name":"(anonymous_4)","decl":{"start":{"line":209,"column":8},"end":{"line":209,"column":9}},"loc":{"start":{"line":209,"column":40},"end":{"line":216,"column":1}}},"4":{"name":"(anonymous_5)","decl":{"start":{"line":229,"column":17},"end":{"line":229,"column":22}},"loc":{"start":{"line":229,"column":28},"end":{"line":285,"column":1}}},"5":{"name":"(anonymous_6)","decl":{"start":{"line":233,"column":22},"end":{"line":233,"column":23}},"loc":{"start":{"line":233,"column":33},"end":{"line":235,"column":3}}},"6":{"name":"(anonymous_7)","decl":{"start":{"line":275,"column":15},"end":{"line":275,"column":18}},"loc":{"start":{"line":275,"column":20},"end":{"line":278,"column":3}}},"7":{"name":"(anonymous_8)","decl":{"start":{"line":281,"column":13},"end":{"line":281,"column":16}},"loc":{"start":{"line":281,"column":18},"end":{"line":284,"column":3}}},"8":{"name":"(anonymous_9)","decl":{"start":{"line":291,"column":20},"end":{"line":291,"column":25}},"loc":{"start":{"line":291,"column":31},"end":{"line":339,"column":1}}},"9":{"name":"(anonymous_10)","decl":{"start":{"line":331,"column":24},"end":{"line":331,"column":27}},"loc":{"start":{"line":331,"column":29},"end":{"line":334,"column":5}}}},"branchMap":{"0":{"loc":{"start":{"line":57,"column":13},"end":{"line":57,"column":45}},"type":"binary-expr","locations":[{"start":{"line":57,"column":13},"end":{"line":57,"column":37}},{"start":{"line":57,"column":41},"end":{"line":57,"column":45}}]},"1":{"loc":{"start":{"line":65,"column":25},"end":{"line":65,"column":77}},"type":"cond-expr","locations":[{"start":{"line":65,"column":60},"end":{"line":65,"column":65}},{"start":{"line":65,"column":68},"end":{"line":65,"column":77}}]},"2":{"loc":{"start":{"line":68,"column":10},"end":{"line":68,"column":75}},"type":"binary-expr","locations":[{"start":{"line":68,"column":10},"end":{"line":68,"column":46}},{"start":{"line":68,"column":50},"end":{"line":68,"column":75}}]},"3":{"loc":{"start":{"line":98,"column":36},"end":{"line":98,"column":79}},"type":"binary-expr","locations":[{"start":{"line":98,"column":36},"end":{"line":98,"column":67}},{"start":{"line":98,"column":71},"end":{"line":98,"column":79}}]},"4":{"loc":{"start":{"line":114,"column":13},"end":{"line":114,"column":55}},"type":"binary-expr","locations":[{"start":{"line":114,"column":13},"end":{"line":114,"column":44}},{"start":{"line":114,"column":48},"end":{"line":114,"column":55}}]},"5":{"loc":{"start":{"line":121,"column":4},"end":{"line":123,"column":5}},"type":"if","locations":[{"start":{"line":121,"column":4},"end":{"line":123,"column":5}}]},"6":{"loc":{"start":{"line":237,"column":2},"end":{"line":239,"column":3}},"type":"if","locations":[{"start":{"line":237,"column":2},"end":{"line":239,"column":3}}]},"7":{"loc":{"start":{"line":240,"column":2},"end":{"line":242,"column":3}},"type":"if","locations":[{"start":{"line":240,"column":2},"end":{"line":242,"column":3}}]},"8":{"loc":{"start":{"line":243,"column":2},"end":{"line":245,"column":3}},"type":"if","locations":[{"start":{"line":243,"column":2},"end":{"line":245,"column":3}}]},"9":{"loc":{"start":{"line":246,"column":2},"end":{"line":248,"column":3}},"type":"if","locations":[{"start":{"line":246,"column":2},"end":{"line":248,"column":3}}]},"10":{"loc":{"start":{"line":249,"column":2},"end":{"line":251,"column":3}},"type":"if","locations":[{"start":{"line":249,"column":2},"end":{"line":251,"column":3}}]},"11":{"loc":{"start":{"line":252,"column":2},"end":{"line":254,"column":3}},"type":"if","locations":[{"start":{"line":252,"column":2},"end":{"line":254,"column":3}}]},"12":{"loc":{"start":{"line":255,"column":2},"end":{"line":257,"column":3}},"type":"if","locations":[{"start":{"line":255,"column":2},"end":{"line":257,"column":3}}]},"13":{"loc":{"start":{"line":258,"column":2},"end":{"line":260,"column":3}},"type":"if","locations":[{"start":{"line":258,"column":2},"end":{"line":260,"column":3}}]},"14":{"loc":{"start":{"line":261,"column":2},"end":{"line":263,"column":3}},"type":"if","locations":[{"start":{"line":261,"column":2},"end":{"line":263,"column":3}}]},"15":{"loc":{"start":{"line":264,"column":2},"end":{"line":266,"column":3}},"type":"if","locations":[{"start":{"line":264,"column":2},"end":{"line":266,"column":3}}]},"16":{"loc":{"start":{"line":267,"column":2},"end":{"line":269,"column":3}},"type":"if","locations":[{"start":{"line":267,"column":2},"end":{"line":269,"column":3}}]},"17":{"loc":{"start":{"line":297,"column":4},"end":{"line":299,"column":5}},"type":"if","locations":[{"start":{"line":297,"column":4},"end":{"line":299,"column":5}}]},"18":{"loc":{"start":{"line":300,"column":4},"end":{"line":302,"column":5}},"type":"if","locations":[{"start":{"line":300,"column":4},"end":{"line":302,"column":5}}]},"19":{"loc":{"start":{"line":303,"column":4},"end":{"line":305,"column":5}},"type":"if","locations":[{"start":{"line":303,"column":4},"end":{"line":305,"column":5}}]},"20":{"loc":{"start":{"line":306,"column":4},"end":{"line":308,"column":5}},"type":"if","locations":[{"start":{"line":306,"column":4},"end":{"line":308,"column":5}}]},"21":{"loc":{"start":{"line":309,"column":4},"end":{"line":311,"column":5}},"type":"if","locations":[{"start":{"line":309,"column":4},"end":{"line":311,"column":5}}]},"22":{"loc":{"start":{"line":312,"column":4},"end":{"line":314,"column":5}},"type":"if","locations":[{"start":{"line":312,"column":4},"end":{"line":314,"column":5}}]},"23":{"loc":{"start":{"line":315,"column":4},"end":{"line":317,"column":5}},"type":"if","locations":[{"start":{"line":315,"column":4},"end":{"line":317,"column":5}}]},"24":{"loc":{"start":{"line":318,"column":4},"end":{"line":320,"column":5}},"type":"if","locations":[{"start":{"line":318,"column":4},"end":{"line":320,"column":5}}]},"25":{"loc":{"start":{"line":321,"column":4},"end":{"line":323,"column":5}},"type":"if","locations":[{"start":{"line":321,"column":4},"end":{"line":323,"column":5}}]},"26":{"loc":{"start":{"line":324,"column":4},"end":{"line":326,"column":5}},"type":"if","locations":[{"start":{"line":324,"column":4},"end":{"line":326,"column":5}}]},"27":{"loc":{"start":{"line":327,"column":4},"end":{"line":329,"column":5}},"type":"if","locations":[{"start":{"line":327,"column":4},"end":{"line":329,"column":5}}]},"28":{"loc":{"start":{"line":333,"column":34},"end":{"line":333,"column":71}},"type":"binary-expr","locations":[{"start":{"line":333,"column":34},"end":{"line":333,"column":54}},{"start":{"line":333,"column":58},"end":{"line":333,"column":71}}]},"29":{"loc":{"start":{"line":341,"column":0},"end":{"line":343,"column":1}},"type":"if","locations":[{"start":{"line":341,"column":0},"end":{"line":343,"column":1}}]}},"s":{"0":7,"1":7,"2":7,"3":7,"4":7,"5":7,"6":7,"7":7,"8":7,"9":7,"10":7,"11":7,"12":7,"13":7,"14":7,"15":7,"16":7,"17":7,"18":7,"19":7,"20":7,"21":7,"22":7,"23":7,"24":7,"25":7,"26":7,"27":7,"28":7,"29":7,"30":7,"31":7,"32":7,"33":7,"34":7,"35":7,"36":7,"37":7,"38":7,"39":7,"40":7,"41":7,"42":7,"43":7,"44":7,"45":7,"46":7,"47":7,"48":7,"49":7,"50":7,"51":7,"52":7,"53":7,"54":7,"55":7,"56":7,"57":7,"58":7,"59":7,"60":7,"61":7,"62":7,"63":0,"64":0,"65":0,"66":7,"67":7,"68":7,"69":0,"70":7,"71":0,"72":0,"73":0,"74":0,"75":0,"76":0,"77":0,"78":0,"79":0,"80":0,"81":7,"82":7,"83":7,"84":7,"85":7,"86":7,"87":7,"88":7,"89":7,"90":7,"91":7,"92":7,"93":7,"94":7,"95":7,"96":7,"97":7,"98":7,"99":7,"100":7,"101":7,"102":7,"103":7,"104":7,"105":0,"106":7,"107":7,"108":7,"109":7,"110":7,"111":0,"112":0,"113":0,"114":0,"115":0,"116":0,"117":0,"118":0,"119":0,"120":0,"121":0,"122":0,"123":0,"124":0,"125":0,"126":0,"127":0,"128":0,"129":0,"130":0,"131":0,"132":0,"133":0,"134":0,"135":0,"136":0,"137":0,"138":0,"139":0,"140":0,"141":0,"142":0,"143":7,"144":7,"145":7,"146":0,"147":0,"148":0,"149":0,"150":0,"151":0,"152":0,"153":0,"154":0,"155":0,"156":0,"157":0,"158":0,"159":0,"160":0,"161":0,"162":0,"163":0,"164":0,"165":0,"166":0,"167":0,"168":0,"169":0,"170":0,"171":0,"172":0,"173":0,"174":0,"175":0,"176":7,"177":0,"178":7},"f":{"0":0,"1":0,"2":0,"3":0,"4":0,"5":0,"6":0,"7":0,"8":0,"9":0},"b":{"0":[7,0],"1":[0,7],"2":[7,0],"3":[0,0],"4":[0,0],"5":[0],"6":[0],"7":[0],"8":[0],"9":[0],"10":[0],"11":[0],"12":[0],"13":[0],"14":[0],"15":[0],"16":[0],"17":[0],"18":[0],"19":[0],"20":[0],"21":[0],"22":[0],"23":[0],"24":[0],"25":[0],"26":[0],"27":[0],"28":[0,0],"29":[0]}}
,"F:\\Dev_Env\\Multi-Agent-Enterprise-CRM\\gateway\\src\\consumers\\approvalsRequired.ts": {"path":"F:\\Dev_Env\\Multi-Agent-Enterprise-CRM\\gateway\\src\\consumers\\approvalsRequired.ts","statementMap":{"0":{"start":{"line":1,"column":0},"end":{"line":1,"column":87}},"1":{"start":{"line":2,"column":0},"end":{"line":2,"column":41}},"2":{"start":{"line":3,"column":0},"end":{"line":3,"column":50}},"3":{"start":{"line":5,"column":19},"end":{"line":5,"column":95}},"4":{"start":{"line":7,"column":15},"end":{"line":7,"column":103}},"5":{"start":{"line":7,"column":52},"end":{"line":7,"column":103}},"6":{"start":{"line":9,"column":46},"end":{"line":81,"column":1}},"7":{"start":{"line":10,"column":19},"end":{"line":10,"column":103}},"8":{"start":{"line":12,"column":2},"end":{"line":74,"column":5}},"9":{"start":{"line":13,"column":4},"end":{"line":13,"column":31}},"10":{"start":{"line":13,"column":24},"end":{"line":13,"column":31}},"11":{"start":{"line":16,"column":4},"end":{"line":21,"column":5}},"12":{"start":{"line":17,"column":6},"end":{"line":17,"column":58}},"13":{"start":{"line":19,"column":6},"end":{"line":19,"column":80}},"14":{"start":{"line":20,"column":6},"end":{"line":20,"column":13}},"15":{"start":{"line":23,"column":21},"end":{"line":23,"column":35}},"16":{"start":{"line":24,"column":22},"end":{"line":24,"column":38}},"17":{"start":{"line":26,"column":23},"end":{"line":26,"column":103}},"18":{"start":{"line":27,"column":4},"end":{"line":27,"column":49}},"19":{"start":{"line":27,"column":42},"end":{"line":27,"column":49}},"20":{"start":{"line":29,"column":26},"end":{"line":29,"column":55}},"21":{"start":{"line":30,"column":24},"end":{"line":30,"column":74}},"22":{"start":{"line":31,"column":23},"end":{"line":31,"column":38}},"23":{"start":{"line":32,"column":4},"end":{"line":32,"column":63}},"24":{"start":{"line":32,"column":56},"end":{"line":32,"column":63}},"25":{"start":{"line":34,"column":24},"end":{"line":34,"column":37}},"26":{"start":{"line":35,"column":21},"end":{"line":35,"column":61}},"27":{"start":{"line":36,"column":25},"end":{"line":36,"column":89}},"28":{"start":{"line":38,"column":23},"end":{"line":38,"column":153}},"29":{"start":{"line":39,"column":22},"end":{"line":39,"column":128}},"30":{"start":{"line":41,"column":20},"end":{"line":52,"column":6}},"31":{"start":{"line":54,"column":4},"end":{"line":73,"column":7}},"32":{"start":{"line":55,"column":23},"end":{"line":55,"column":91}},"33":{"start":{"line":56,"column":6},"end":{"line":56,"column":27}},"34":{"start":{"line":56,"column":20},"end":{"line":56,"column":27}},"35":{"start":{"line":58,"column":6},"end":{"line":72,"column":9}},"36":{"start":{"line":76,"column":2},"end":{"line":76,"column":53}},"37":{"start":{"line":78,"column":2},"end":{"line":80,"column":4}},"38":{"start":{"line":79,"column":4},"end":{"line":79,"column":32}},"39":{"start":{"line":9,"column":13},"end":{"line":9,"column":46}}},"fnMap":{"0":{"name":"(anonymous_0)","decl":{"start":{"line":7,"column":15},"end":{"line":7,"column":16}},"loc":{"start":{"line":7,"column":52},"end":{"line":7,"column":103}}},"1":{"name":"(anonymous_1)","decl":{"start":{"line":9,"column":46},"end":{"line":9,"column":51}},"loc":{"start":{"line":9,"column":87},"end":{"line":81,"column":1}}},"2":{"name":"(anonymous_2)","decl":{"start":{"line":12,"column":61},"end":{"line":12,"column":66}},"loc":{"start":{"line":12,"column":90},"end":{"line":74,"column":3}}},"3":{"name":"(anonymous_3)","decl":{"start":{"line":54,"column":33},"end":{"line":54,"column":38}},"loc":{"start":{"line":54,"column":46},"end":{"line":73,"column":5}}},"4":{"name":"(anonymous_4)","decl":{"start":{"line":78,"column":9},"end":{"line":78,"column":14}},"loc":{"start":{"line":78,"column":20},"end":{"line":80,"column":3}}}},"branchMap":{"0":{"loc":{"start":{"line":7,"column":52},"end":{"line":7,"column":103}},"type":"binary-expr","locations":[{"start":{"line":7,"column":52},"end":{"line":7,"column":77}},{"start":{"line":7,"column":81},"end":{"line":7,"column":103}}]},"1":{"loc":{"start":{"line":10,"column":34},"end":{"line":10,"column":102}},"type":"binary-expr","locations":[{"start":{"line":10,"column":34},"end":{"line":10,"column":70}},{"start":{"line":10,"column":74},"end":{"line":10,"column":102}}]},"2":{"loc":{"start":{"line":13,"column":4},"end":{"line":13,"column":31}},"type":"if","locations":[{"start":{"line":13,"column":4},"end":{"line":13,"column":31}}]},"3":{"loc":{"start":{"line":24,"column":22},"end":{"line":24,"column":38}},"type":"binary-expr","locations":[{"start":{"line":24,"column":22},"end":{"line":24,"column":32}},{"start":{"line":24,"column":36},"end":{"line":24,"column":38}}]},"4":{"loc":{"start":{"line":26,"column":23},"end":{"line":26,"column":103}},"type":"cond-expr","locations":[{"start":{"line":26,"column":49},"end":{"line":26,"column":64}},{"start":{"line":26,"column":68},"end":{"line":26,"column":102}}]},"5":{"loc":{"start":{"line":26,"column":68},"end":{"line":26,"column":102}},"type":"cond-expr","locations":[{"start":{"line":26,"column":87},"end":{"line":26,"column":95}},{"start":{"line":26,"column":98},"end":{"line":26,"column":102}}]},"6":{"loc":{"start":{"line":27,"column":4},"end":{"line":27,"column":49}},"type":"if","locations":[{"start":{"line":27,"column":4},"end":{"line":27,"column":49}}]},"7":{"loc":{"start":{"line":27,"column":8},"end":{"line":27,"column":40}},"type":"binary-expr","locations":[{"start":{"line":27,"column":8},"end":{"line":27,"column":19}},{"start":{"line":27,"column":23},"end":{"line":27,"column":40}}]},"8":{"loc":{"start":{"line":29,"column":26},"end":{"line":29,"column":55}},"type":"binary-expr","locations":[{"start":{"line":29,"column":26},"end":{"line":29,"column":44}},{"start":{"line":29,"column":48},"end":{"line":29,"column":55}}]},"9":{"loc":{"start":{"line":30,"column":24},"end":{"line":30,"column":74}},"type":"cond-expr","locations":[{"start":{"line":30,"column":51},"end":{"line":30,"column":67}},{"start":{"line":30,"column":70},"end":{"line":30,"column":74}}]},"10":{"loc":{"start":{"line":32,"column":4},"end":{"line":32,"column":63}},"type":"if","locations":[{"start":{"line":32,"column":4},"end":{"line":32,"column":63}}]},"11":{"loc":{"start":{"line":32,"column":8},"end":{"line":32,"column":54}},"type":"binary-expr","locations":[{"start":{"line":32,"column":8},"end":{"line":32,"column":20}},{"start":{"line":32,"column":24},"end":{"line":32,"column":54}}]},"12":{"loc":{"start":{"line":35,"column":21},"end":{"line":35,"column":61}},"type":"cond-expr","locations":[{"start":{"line":35,"column":43},"end":{"line":35,"column":54}},{"start":{"line":35,"column":57},"end":{"line":35,"column":61}}]},"13":{"loc":{"start":{"line":36,"column":25},"end":{"line":36,"column":89}},"type":"cond-expr","locations":[{"start":{"line":36,"column":65},"end":{"line":36,"column":82}},{"start":{"line":36,"column":85},"end":{"line":36,"column":89}}]},"14":{"loc":{"start":{"line":38,"column":23},"end":{"line":38,"column":153}},"type":"cond-expr","locations":[{"start":{"line":38,"column":61},"end":{"line":38,"column":76}},{"start":{"line":38,"column":80},"end":{"line":38,"column":152}}]},"15":{"loc":{"start":{"line":38,"column":80},"end":{"line":38,"column":152}},"type":"cond-expr","locations":[{"start":{"line":38,"column":124},"end":{"line":38,"column":145}},{"start":{"line":38,"column":148},"end":{"line":38,"column":152}}]},"16":{"loc":{"start":{"line":39,"column":22},"end":{"line":39,"column":128}},"type":"cond-expr","locations":[{"start":{"line":39,"column":35},"end":{"line":39,"column":75}},{"start":{"line":39,"column":79},"end":{"line":39,"column":127}}]},"17":{"loc":{"start":{"line":39,"column":79},"end":{"line":39,"column":127}},"type":"cond-expr","locations":[{"start":{"line":39,"column":96},"end":{"line":39,"column":120}},{"start":{"line":39,"column":123},"end":{"line":39,"column":127}}]},"18":{"loc":{"start":{"line":42,"column":10},"end":{"line":42,"column":28}},"type":"binary-expr","locations":[{"start":{"line":42,"column":10},"end":{"line":42,"column":22}},{"start":{"line":42,"column":26},"end":{"line":42,"column":28}}]},"19":{"loc":{"start":{"line":51,"column":24},"end":{"line":51,"column":58}},"type":"cond-expr","locations":[{"start":{"line":51,"column":35},"end":{"line":51,"column":44}},{"start":{"line":51,"column":47},"end":{"line":51,"column":58}}]},"20":{"loc":{"start":{"line":56,"column":6},"end":{"line":56,"column":27}},"type":"if","locations":[{"start":{"line":56,"column":6},"end":{"line":56,"column":27}}]},"21":{"loc":{"start":{"line":62,"column":23},"end":{"line":62,"column":58}},"type":"binary-expr","locations":[{"start":{"line":62,"column":23},"end":{"line":62,"column":39}},{"start":{"line":62,"column":43},"end":{"line":62,"column":58}}]}},"s":{"0":7,"1":7,"2":7,"3":7,"4":7,"5":0,"6":7,"7":0,"8":0,"9":0,"10":0,"11":0,"12":0,"13":0,"14":0,"15":0,"16":0,"17":0,"18":0,"19":0,"20":0,"21":0,"22":0,"23":0,"24":0,"25":0,"26":0,"27":0,"28":0,"29":0,"30":0,"31":0,"32":0,"33":0,"34":0,"35":0,"36":0,"37":0,"38":0,"39":7},"f":{"0":0,"1":0,"2":0,"3":0,"4":0},"b":{"0":[0,0],"1":[0,0],"2":[0],"3":[0,0],"4":[0,0],"5":[0,0],"6":[0],"7":[0,0],"8":[0,0],"9":[0,0],"10":[0],"11":[0,0],"12":[0,0],"13":[0,0],"14":[0,0],"15":[0,0],"16":[0,0],"17":[0,0],"18":[0,0],"19":[0,0],"20":[0],"21":[0,0]}}
,"F:\\Dev_Env\\Multi-Agent-Enterprise-CRM\\gateway\\src\\consumers\\auditEvents.ts": {"path":"F:\\Dev_Env\\Multi-Agent-Enterprise-CRM\\gateway\\src\\consumers\\auditEvents.ts","statementMap":{"0":{"start":{"line":1,"column":0},"end":{"line":1,"column":74}},"1":{"start":{"line":2,"column":0},"end":{"line":2,"column":41}},"2":{"start":{"line":3,"column":0},"end":{"line":3,"column":50}},"3":{"start":{"line":4,"column":0},"end":{"line":4,"column":36}},"4":{"start":{"line":6,"column":19},"end":{"line":6,"column":95}},"5":{"start":{"line":7,"column":18},"end":{"line":7,"column":56}},"6":{"start":{"line":9,"column":15},"end":{"line":9,"column":103}},"7":{"start":{"line":9,"column":52},"end":{"line":9,"column":103}},"8":{"start":{"line":11,"column":18},"end":{"line":15,"column":1}},"9":{"start":{"line":12,"column":2},"end":{"line":12,"column":34}},"10":{"start":{"line":12,"column":21},"end":{"line":12,"column":34}},"11":{"start":{"line":13,"column":2},"end":{"line":13,"column":85}},"12":{"start":{"line":13,"column":53},"end":{"line":13,"column":85}},"13":{"start":{"line":14,"column":2},"end":{"line":14,"column":38}},"14":{"start":{"line":17,"column":40},"end":{"line":80,"column":1}},"15":{"start":{"line":18,"column":19},"end":{"line":18,"column":93}},"16":{"start":{"line":20,"column":2},"end":{"line":73,"column":5}},"17":{"start":{"line":21,"column":4},"end":{"line":21,"column":31}},"18":{"start":{"line":21,"column":24},"end":{"line":21,"column":31}},"19":{"start":{"line":24,"column":4},"end":{"line":29,"column":5}},"20":{"start":{"line":25,"column":6},"end":{"line":25,"column":56}},"21":{"start":{"line":27,"column":6},"end":{"line":27,"column":76}},"22":{"start":{"line":28,"column":6},"end":{"line":28,"column":13}},"23":{"start":{"line":31,"column":21},"end":{"line":31,"column":33}},"24":{"start":{"line":32,"column":4},"end":{"line":32,"column":34}},"25":{"start":{"line":32,"column":27},"end":{"line":32,"column":34}},"26":{"start":{"line":34,"column":21},"end":{"line":34,"column":136}},"27":{"start":{"line":35,"column":20},"end":{"line":35,"column":47}},"28":{"start":{"line":37,"column":22},"end":{"line":37,"column":83}},"29":{"start":{"line":38,"column":20},"end":{"line":38,"column":42}},"30":{"start":{"line":39,"column":19},"end":{"line":39,"column":74}},"31":{"start":{"line":40,"column":25},"end":{"line":40,"column":92}},"32":{"start":{"line":41,"column":23},"end":{"line":41,"column":69}},"33":{"start":{"line":42,"column":26},"end":{"line":42,"column":78}},"34":{"start":{"line":44,"column":21},"end":{"line":48,"column":6}},"35":{"start":{"line":50,"column":22},"end":{"line":50,"column":74}},"36":{"start":{"line":52,"column":4},"end":{"line":72,"column":7}},"37":{"start":{"line":53,"column":23},"end":{"line":53,"column":88}},"38":{"start":{"line":54,"column":6},"end":{"line":54,"column":27}},"39":{"start":{"line":54,"column":20},"end":{"line":54,"column":27}},"40":{"start":{"line":55,"column":6},"end":{"line":71,"column":9}},"41":{"start":{"line":75,"column":2},"end":{"line":75,"column":47}},"42":{"start":{"line":77,"column":2},"end":{"line":79,"column":4}},"43":{"start":{"line":78,"column":4},"end":{"line":78,"column":32}},"44":{"start":{"line":17,"column":13},"end":{"line":17,"column":40}}},"fnMap":{"0":{"name":"(anonymous_0)","decl":{"start":{"line":9,"column":15},"end":{"line":9,"column":16}},"loc":{"start":{"line":9,"column":52},"end":{"line":9,"column":103}}},"1":{"name":"(anonymous_1)","decl":{"start":{"line":11,"column":18},"end":{"line":11,"column":19}},"loc":{"start":{"line":11,"column":45},"end":{"line":15,"column":1}}},"2":{"name":"(anonymous_2)","decl":{"start":{"line":17,"column":40},"end":{"line":17,"column":45}},"loc":{"start":{"line":17,"column":81},"end":{"line":80,"column":1}}},"3":{"name":"(anonymous_3)","decl":{"start":{"line":20,"column":55},"end":{"line":20,"column":60}},"loc":{"start":{"line":20,"column":84},"end":{"line":73,"column":3}}},"4":{"name":"(anonymous_4)","decl":{"start":{"line":52,"column":33},"end":{"line":52,"column":38}},"loc":{"start":{"line":52,"column":46},"end":{"line":72,"column":5}}},"5":{"name":"(anonymous_5)","decl":{"start":{"line":77,"column":9},"end":{"line":77,"column":14}},"loc":{"start":{"line":77,"column":20},"end":{"line":79,"column":3}}}},"branchMap":{"0":{"loc":{"start":{"line":9,"column":52},"end":{"line":9,"column":103}},"type":"binary-expr","locations":[{"start":{"line":9,"column":52},"end":{"line":9,"column":77}},{"start":{"line":9,"column":81},"end":{"line":9,"column":103}}]},"1":{"loc":{"start":{"line":12,"column":2},"end":{"line":12,"column":34}},"type":"if","locations":[{"start":{"line":12,"column":2},"end":{"line":12,"column":34}}]},"2":{"loc":{"start":{"line":13,"column":2},"end":{"line":13,"column":85}},"type":"if","locations":[{"start":{"line":13,"column":2},"end":{"line":13,"column":85}}]},"3":{"loc":{"start":{"line":13,"column":6},"end":{"line":13,"column":51}},"type":"binary-expr","locations":[{"start":{"line":13,"column":6},"end":{"line":13,"column":31}},{"start":{"line":13,"column":35},"end":{"line":13,"column":51}}]},"4":{"loc":{"start":{"line":18,"column":34},"end":{"line":18,"column":92}},"type":"binary-expr","locations":[{"start":{"line":18,"column":34},"end":{"line":18,"column":66}},{"start":{"line":18,"column":70},"end":{"line":18,"column":92}}]},"5":{"loc":{"start":{"line":21,"column":4},"end":{"line":21,"column":31}},"type":"if","locations":[{"start":{"line":21,"column":4},"end":{"line":21,"column":31}}]},"6":{"loc":{"start":{"line":32,"column":4},"end":{"line":32,"column":34}},"type":"if","locations":[{"start":{"line":32,"column":4},"end":{"line":32,"column":34}}]},"7":{"loc":{"start":{"line":34,"column":87},"end":{"line":34,"column":107}},"type":"binary-expr","locations":[{"start":{"line":34,"column":87},"end":{"line":34,"column":101}},{"start":{"line":34,"column":105},"end":{"line":34,"column":107}}]},"8":{"loc":{"start":{"line":34,"column":111},"end":{"line":34,"column":134}},"type":"binary-expr","locations":[{"start":{"line":34,"column":111},"end":{"line":34,"column":128}},{"start":{"line":34,"column":132},"end":{"line":34,"column":134}}]},"9":{"loc":{"start":{"line":37,"column":22},"end":{"line":37,"column":83}},"type":"cond-expr","locations":[{"start":{"line":37,"column":58},"end":{"line":37,"column":71}},{"start":{"line":37,"column":74},"end":{"line":37,"column":83}}]},"10":{"loc":{"start":{"line":39,"column":19},"end":{"line":39,"column":74}},"type":"cond-expr","locations":[{"start":{"line":39,"column":52},"end":{"line":39,"column":62}},{"start":{"line":39,"column":65},"end":{"line":39,"column":74}}]},"11":{"loc":{"start":{"line":40,"column":25},"end":{"line":40,"column":92}},"type":"cond-expr","locations":[{"start":{"line":40,"column":64},"end":{"line":40,"column":80}},{"start":{"line":40,"column":83},"end":{"line":40,"column":92}}]},"12":{"loc":{"start":{"line":41,"column":23},"end":{"line":41,"column":69}},"type":"cond-expr","locations":[{"start":{"line":41,"column":48},"end":{"line":41,"column":62}},{"start":{"line":41,"column":65},"end":{"line":41,"column":69}}]},"13":{"loc":{"start":{"line":42,"column":26},"end":{"line":42,"column":78}},"type":"cond-expr","locations":[{"start":{"line":42,"column":54},"end":{"line":42,"column":71}},{"start":{"line":42,"column":74},"end":{"line":42,"column":78}}]},"14":{"loc":{"start":{"line":50,"column":22},"end":{"line":50,"column":74}},"type":"cond-expr","locations":[{"start":{"line":50,"column":38},"end":{"line":50,"column":61}},{"start":{"line":50,"column":64},"end":{"line":50,"column":74}}]},"15":{"loc":{"start":{"line":54,"column":6},"end":{"line":54,"column":27}},"type":"if","locations":[{"start":{"line":54,"column":6},"end":{"line":54,"column":27}}]},"16":{"loc":{"start":{"line":66,"column":21},"end":{"line":66,"column":82}},"type":"cond-expr","locations":[{"start":{"line":66,"column":57},"end":{"line":66,"column":70}},{"start":{"line":66,"column":73},"end":{"line":66,"column":82}}]},"17":{"loc":{"start":{"line":67,"column":21},"end":{"line":67,"column":82}},"type":"cond-expr","locations":[{"start":{"line":67,"column":57},"end":{"line":67,"column":70}},{"start":{"line":67,"column":73},"end":{"line":67,"column":82}}]},"18":{"loc":{"start":{"line":68,"column":25},"end":{"line":68,"column":51}},"type":"binary-expr","locations":[{"start":{"line":68,"column":25},"end":{"line":68,"column":38}},{"start":{"line":68,"column":42},"end":{"line":68,"column":51}}]}},"s":{"0":7,"1":7,"2":7,"3":7,"4":7,"5":7,"6":7,"7":0,"8":7,"9":0,"10":0,"11":0,"12":0,"13":0,"14":7,"15":0,"16":0,"17":0,"18":0,"19":0,"20":0,"21":0,"22":0,"23":0,"24":0,"25":0,"26":0,"27":0,"28":0,"29":0,"30":0,"31":0,"32":0,"33":0,"34":0,"35":0,"36":0,"37":0,"38":0,"39":0,"40":0,"41":0,"42":0,"43":0,"44":7},"f":{"0":0,"1":0,"2":0,"3":0,"4":0,"5":0},"b":{"0":[0,0],"1":[0],"2":[0],"3":[0,0],"4":[0,0],"5":[0],"6":[0],"7":[0,0],"8":[0,0],"9":[0,0],"10":[0,0],"11":[0,0],"12":[0,0],"13":[0,0],"14":[0,0],"15":[0],"16":[0,0],"17":[0,0],"18":[0,0]}}
,"F:\\Dev_Env\\Multi-Agent-Enterprise-CRM\\gateway\\src\\consumers\\automationActionRequested.ts": {"path":"F:\\Dev_Env\\Multi-Agent-Enterprise-CRM\\gateway\\src\\consumers\\automationActionRequested.ts","statementMap":{"0":{"start":{"line":1,"column":0},"end":{"line":1,"column":87}},"1":{"start":{"line":2,"column":0},"end":{"line":2,"column":41}},"2":{"start":{"line":3,"column":0},"end":{"line":3,"column":50}},"3":{"start":{"line":4,"column":0},"end":{"line":4,"column":51}},"4":{"start":{"line":6,"column":19},"end":{"line":6,"column":95}},"5":{"start":{"line":7,"column":15},"end":{"line":7,"column":103}},"6":{"start":{"line":7,"column":52},"end":{"line":7,"column":103}},"7":{"start":{"line":10,"column":2},"end":{"line":10,"column":27}},"8":{"start":{"line":10,"column":17},"end":{"line":10,"column":27}},"9":{"start":{"line":11,"column":21},"end":{"line":11,"column":36}},"10":{"start":{"line":12,"column":2},"end":{"line":12,"column":29}},"11":{"start":{"line":12,"column":19},"end":{"line":12,"column":29}},"12":{"start":{"line":14,"column":2},"end":{"line":19,"column":5}},"13":{"start":{"line":15,"column":17},"end":{"line":15,"column":105}},"14":{"start":{"line":16,"column":4},"end":{"line":16,"column":25}},"15":{"start":{"line":16,"column":15},"end":{"line":16,"column":25}},"16":{"start":{"line":17,"column":22},"end":{"line":17,"column":116}},"17":{"start":{"line":18,"column":4},"end":{"line":18,"column":42}},"18":{"start":{"line":18,"column":32},"end":{"line":18,"column":40}},"19":{"start":{"line":22,"column":54},"end":{"line":119,"column":1}},"20":{"start":{"line":23,"column":19},"end":{"line":23,"column":121}},"21":{"start":{"line":25,"column":2},"end":{"line":112,"column":36}},"22":{"start":{"line":26,"column":4},"end":{"line":26,"column":31}},"23":{"start":{"line":26,"column":24},"end":{"line":26,"column":31}},"24":{"start":{"line":29,"column":4},"end":{"line":34,"column":5}},"25":{"start":{"line":30,"column":6},"end":{"line":30,"column":58}},"26":{"start":{"line":32,"column":6},"end":{"line":32,"column":88}},"27":{"start":{"line":33,"column":6},"end":{"line":33,"column":13}},"28":{"start":{"line":36,"column":21},"end":{"line":36,"column":35}},"29":{"start":{"line":37,"column":4},"end":{"line":37,"column":34}},"30":{"start":{"line":37,"column":27},"end":{"line":37,"column":34}},"31":{"start":{"line":38,"column":22},"end":{"line":38,"column":38}},"32":{"start":{"line":39,"column":21},"end":{"line":39,"column":109}},"33":{"start":{"line":40,"column":24},"end":{"line":40,"column":124}},"34":{"start":{"line":41,"column":27},"end":{"line":41,"column":141}},"35":{"start":{"line":42,"column":28},"end":{"line":42,"column":146}},"36":{"start":{"line":43,"column":24},"end":{"line":43,"column":145}},"37":{"start":{"line":44,"column":19},"end":{"line":44,"column":86}},"38":{"start":{"line":46,"column":4},"end":{"line":46,"column":53}},"39":{"start":{"line":46,"column":46},"end":{"line":46,"column":53}},"40":{"start":{"line":48,"column":23},"end":{"line":48,"column":48}},"41":{"start":{"line":49,"column":4},"end":{"line":49,"column":28}},"42":{"start":{"line":49,"column":21},"end":{"line":49,"column":28}},"43":{"start":{"line":51,"column":4},"end":{"line":68,"column":5}},"44":{"start":{"line":52,"column":23},"end":{"line":52,"column":55}},"45":{"start":{"line":53,"column":20},"end":{"line":53,"column":64}},"46":{"start":{"line":54,"column":26},"end":{"line":54,"column":138}},"47":{"start":{"line":55,"column":6},"end":{"line":66,"column":9}},"48":{"start":{"line":56,"column":8},"end":{"line":65,"column":11}},"49":{"start":{"line":67,"column":6},"end":{"line":67,"column":13}},"50":{"start":{"line":70,"column":4},"end":{"line":111,"column":5}},"51":{"start":{"line":71,"column":27},"end":{"line":71,"column":104}},"52":{"start":{"line":72,"column":29},"end":{"line":72,"column":97}},"53":{"start":{"line":73,"column":21},"end":{"line":73,"column":57}},"54":{"start":{"line":74,"column":6},"end":{"line":74,"column":26}},"55":{"start":{"line":74,"column":19},"end":{"line":74,"column":26}},"56":{"start":{"line":76,"column":24},"end":{"line":76,"column":96}},"57":{"start":{"line":77,"column":23},"end":{"line":77,"column":100}},"58":{"start":{"line":78,"column":28},"end":{"line":80,"column":41}},"59":{"start":{"line":81,"column":21},"end":{"line":83,"column":121}},"60":{"start":{"line":85,"column":6},"end":{"line":109,"column":9}},"61":{"start":{"line":86,"column":25},"end":{"line":86,"column":122}},"62":{"start":{"line":87,"column":8},"end":{"line":87,"column":29}},"63":{"start":{"line":87,"column":22},"end":{"line":87,"column":29}},"64":{"start":{"line":88,"column":8},"end":{"line":108,"column":11}},"65":{"start":{"line":110,"column":6},"end":{"line":110,"column":13}},"66":{"start":{"line":114,"column":2},"end":{"line":114,"column":62}},"67":{"start":{"line":116,"column":2},"end":{"line":118,"column":4}},"68":{"start":{"line":117,"column":4},"end":{"line":117,"column":32}},"69":{"start":{"line":22,"column":13},"end":{"line":22,"column":54}}},"fnMap":{"0":{"name":"(anonymous_0)","decl":{"start":{"line":7,"column":15},"end":{"line":7,"column":16}},"loc":{"start":{"line":7,"column":52},"end":{"line":7,"column":103}}},"1":{"name":"resolveUsersByRole","decl":{"start":{"line":9,"column":15},"end":{"line":9,"column":33}},"loc":{"start":{"line":9,"column":68},"end":{"line":20,"column":1}}},"2":{"name":"(anonymous_2)","decl":{"start":{"line":14,"column":38},"end":{"line":14,"column":43}},"loc":{"start":{"line":14,"column":51},"end":{"line":19,"column":3}}},"3":{"name":"(anonymous_3)","decl":{"start":{"line":18,"column":25},"end":{"line":18,"column":26}},"loc":{"start":{"line":18,"column":32},"end":{"line":18,"column":40}}},"4":{"name":"(anonymous_4)","decl":{"start":{"line":22,"column":54},"end":{"line":22,"column":59}},"loc":{"start":{"line":22,"column":95},"end":{"line":119,"column":1}}},"5":{"name":"(anonymous_5)","decl":{"start":{"line":25,"column":70},"end":{"line":25,"column":75}},"loc":{"start":{"line":25,"column":99},"end":{"line":112,"column":3}}},"6":{"name":"(anonymous_6)","decl":{"start":{"line":55,"column":20},"end":{"line":55,"column":21}},"loc":{"start":{"line":55,"column":31},"end":{"line":66,"column":7}}},"7":{"name":"(anonymous_7)","decl":{"start":{"line":85,"column":35},"end":{"line":85,"column":40}},"loc":{"start":{"line":85,"column":48},"end":{"line":109,"column":7}}},"8":{"name":"(anonymous_8)","decl":{"start":{"line":116,"column":9},"end":{"line":116,"column":14}},"loc":{"start":{"line":116,"column":20},"end":{"line":118,"column":3}}}},"branchMap":{"0":{"loc":{"start":{"line":7,"column":52},"end":{"line":7,"column":103}},"type":"binary-expr","locations":[{"start":{"line":7,"column":52},"end":{"line":7,"column":77}},{"start":{"line":7,"column":81},"end":{"line":7,"column":103}}]},"1":{"loc":{"start":{"line":10,"column":2},"end":{"line":10,"column":27}},"type":"if","locations":[{"start":{"line":10,"column":2},"end":{"line":10,"column":27}}]},"2":{"loc":{"start":{"line":12,"column":2},"end":{"line":12,"column":29}},"type":"if","locations":[{"start":{"line":12,"column":2},"end":{"line":12,"column":29}}]},"3":{"loc":{"start":{"line":16,"column":4},"end":{"line":16,"column":25}},"type":"if","locations":[{"start":{"line":16,"column":4},"end":{"line":16,"column":25}}]},"4":{"loc":{"start":{"line":23,"column":34},"end":{"line":23,"column":120}},"type":"binary-expr","locations":[{"start":{"line":23,"column":34},"end":{"line":23,"column":79}},{"start":{"line":23,"column":83},"end":{"line":23,"column":120}}]},"5":{"loc":{"start":{"line":26,"column":4},"end":{"line":26,"column":31}},"type":"if","locations":[{"start":{"line":26,"column":4},"end":{"line":26,"column":31}}]},"6":{"loc":{"start":{"line":37,"column":4},"end":{"line":37,"column":34}},"type":"if","locations":[{"start":{"line":37,"column":4},"end":{"line":37,"column":34}}]},"7":{"loc":{"start":{"line":38,"column":22},"end":{"line":38,"column":38}},"type":"binary-expr","locations":[{"start":{"line":38,"column":22},"end":{"line":38,"column":32}},{"start":{"line":38,"column":36},"end":{"line":38,"column":38}}]},"8":{"loc":{"start":{"line":39,"column":21},"end":{"line":39,"column":109}},"type":"cond-expr","locations":[{"start":{"line":39,"column":46},"end":{"line":39,"column":60}},{"start":{"line":39,"column":64},"end":{"line":39,"column":108}}]},"9":{"loc":{"start":{"line":39,"column":64},"end":{"line":39,"column":108}},"type":"cond-expr","locations":[{"start":{"line":39,"column":88},"end":{"line":39,"column":101}},{"start":{"line":39,"column":104},"end":{"line":39,"column":108}}]},"10":{"loc":{"start":{"line":40,"column":24},"end":{"line":40,"column":124}},"type":"cond-expr","locations":[{"start":{"line":40,"column":52},"end":{"line":40,"column":69}},{"start":{"line":40,"column":73},"end":{"line":40,"column":123}}]},"11":{"loc":{"start":{"line":40,"column":73},"end":{"line":40,"column":123}},"type":"cond-expr","locations":[{"start":{"line":40,"column":100},"end":{"line":40,"column":116}},{"start":{"line":40,"column":119},"end":{"line":40,"column":123}}]},"12":{"loc":{"start":{"line":41,"column":27},"end":{"line":41,"column":141}},"type":"cond-expr","locations":[{"start":{"line":41,"column":59},"end":{"line":41,"column":80}},{"start":{"line":41,"column":84},"end":{"line":41,"column":140}}]},"13":{"loc":{"start":{"line":41,"column":84},"end":{"line":41,"column":140}},"type":"cond-expr","locations":[{"start":{"line":41,"column":114},"end":{"line":41,"column":133}},{"start":{"line":41,"column":136},"end":{"line":41,"column":140}}]},"14":{"loc":{"start":{"line":42,"column":28},"end":{"line":42,"column":146}},"type":"cond-expr","locations":[{"start":{"line":42,"column":61},"end":{"line":42,"column":83}},{"start":{"line":42,"column":87},"end":{"line":42,"column":145}}]},"15":{"loc":{"start":{"line":42,"column":87},"end":{"line":42,"column":145}},"type":"cond-expr","locations":[{"start":{"line":42,"column":118},"end":{"line":42,"column":138}},{"start":{"line":42,"column":141},"end":{"line":42,"column":145}}]},"16":{"loc":{"start":{"line":43,"column":24},"end":{"line":43,"column":145}},"type":"cond-expr","locations":[{"start":{"line":43,"column":64},"end":{"line":43,"column":81}},{"start":{"line":43,"column":85},"end":{"line":43,"column":144}}]},"17":{"loc":{"start":{"line":43,"column":85},"end":{"line":43,"column":144}},"type":"cond-expr","locations":[{"start":{"line":43,"column":124},"end":{"line":43,"column":140}},{"start":{"line":43,"column":143},"end":{"line":43,"column":144}}]},"18":{"loc":{"start":{"line":44,"column":19},"end":{"line":44,"column":86}},"type":"cond-expr","locations":[{"start":{"line":44,"column":68},"end":{"line":44,"column":79}},{"start":{"line":44,"column":82},"end":{"line":44,"column":86}}]},"19":{"loc":{"start":{"line":44,"column":19},"end":{"line":44,"column":65}},"type":"binary-expr","locations":[{"start":{"line":44,"column":19},"end":{"line":44,"column":50}},{"start":{"line":44,"column":54},"end":{"line":44,"column":65}}]},"20":{"loc":{"start":{"line":46,"column":4},"end":{"line":46,"column":53}},"type":"if","locations":[{"start":{"line":46,"column":4},"end":{"line":46,"column":53}}]},"21":{"loc":{"start":{"line":46,"column":8},"end":{"line":46,"column":44}},"type":"binary-expr","locations":[{"start":{"line":46,"column":8},"end":{"line":46,"column":17}},{"start":{"line":46,"column":21},"end":{"line":46,"column":33}},{"start":{"line":46,"column":37},"end":{"line":46,"column":44}}]},"22":{"loc":{"start":{"line":48,"column":30},"end":{"line":48,"column":47}},"type":"binary-expr","locations":[{"start":{"line":48,"column":30},"end":{"line":48,"column":41}},{"start":{"line":48,"column":45},"end":{"line":48,"column":47}}]},"23":{"loc":{"start":{"line":49,"column":4},"end":{"line":49,"column":28}},"type":"if","locations":[{"start":{"line":49,"column":4},"end":{"line":49,"column":28}}]},"24":{"loc":{"start":{"line":51,"column":4},"end":{"line":68,"column":5}},"type":"if","locations":[{"start":{"line":51,"column":4},"end":{"line":68,"column":5}}]},"25":{"loc":{"start":{"line":52,"column":30},"end":{"line":52,"column":47}},"type":"binary-expr","locations":[{"start":{"line":52,"column":30},"end":{"line":52,"column":41}},{"start":{"line":52,"column":45},"end":{"line":52,"column":47}}]},"26":{"loc":{"start":{"line":54,"column":26},"end":{"line":54,"column":138}},"type":"cond-expr","locations":[{"start":{"line":54,"column":88},"end":{"line":54,"column":110}},{"start":{"line":54,"column":113},"end":{"line":54,"column":138}}]},"27":{"loc":{"start":{"line":54,"column":26},"end":{"line":54,"column":85}},"type":"binary-expr","locations":[{"start":{"line":54,"column":26},"end":{"line":54,"column":60}},{"start":{"line":54,"column":64},"end":{"line":54,"column":85}}]},"28":{"loc":{"start":{"line":70,"column":4},"end":{"line":111,"column":5}},"type":"if","locations":[{"start":{"line":70,"column":4},"end":{"line":111,"column":5}}]},"29":{"loc":{"start":{"line":70,"column":8},"end":{"line":70,"column":73}},"type":"binary-expr","locations":[{"start":{"line":70,"column":8},"end":{"line":70,"column":36}},{"start":{"line":70,"column":40},"end":{"line":70,"column":73}}]},"30":{"loc":{"start":{"line":71,"column":27},"end":{"line":71,"column":104}},"type":"cond-expr","locations":[{"start":{"line":71,"column":58},"end":{"line":71,"column":99}},{"start":{"line":71,"column":102},"end":{"line":71,"column":104}}]},"31":{"loc":{"start":{"line":71,"column":65},"end":{"line":71,"column":91}},"type":"binary-expr","locations":[{"start":{"line":71,"column":65},"end":{"line":71,"column":85}},{"start":{"line":71,"column":89},"end":{"line":71,"column":91}}]},"32":{"loc":{"start":{"line":72,"column":29},"end":{"line":72,"column":97}},"type":"cond-expr","locations":[{"start":{"line":72,"column":44},"end":{"line":72,"column":92}},{"start":{"line":72,"column":95},"end":{"line":72,"column":97}}]},"33":{"loc":{"start":{"line":73,"column":21},"end":{"line":73,"column":57}},"type":"binary-expr","locations":[{"start":{"line":73,"column":21},"end":{"line":73,"column":38}},{"start":{"line":73,"column":42},"end":{"line":73,"column":57}}]},"34":{"loc":{"start":{"line":74,"column":6},"end":{"line":74,"column":26}},"type":"if","locations":[{"start":{"line":74,"column":6},"end":{"line":74,"column":26}}]},"35":{"loc":{"start":{"line":76,"column":50},"end":{"line":76,"column":79}},"type":"binary-expr","locations":[{"start":{"line":76,"column":50},"end":{"line":76,"column":64}},{"start":{"line":76,"column":68},"end":{"line":76,"column":79}}]},"36":{"loc":{"start":{"line":77,"column":23},"end":{"line":77,"column":100}},"type":"cond-expr","locations":[{"start":{"line":77,"column":54},"end":{"line":77,"column":89}},{"start":{"line":77,"column":92},"end":{"line":77,"column":100}}]},"37":{"loc":{"start":{"line":77,"column":61},"end":{"line":77,"column":88}},"type":"binary-expr","locations":[{"start":{"line":77,"column":61},"end":{"line":77,"column":76}},{"start":{"line":77,"column":80},"end":{"line":77,"column":88}}]},"38":{"loc":{"start":{"line":78,"column":28},"end":{"line":80,"column":41}},"type":"cond-expr","locations":[{"start":{"line":79,"column":10},"end":{"line":79,"column":71}},{"start":{"line":80,"column":10},"end":{"line":80,"column":41}}]},"39":{"loc":{"start":{"line":79,"column":47},"end":{"line":79,"column":68}},"type":"binary-expr","locations":[{"start":{"line":79,"column":47},"end":{"line":79,"column":58}},{"start":{"line":79,"column":62},"end":{"line":79,"column":68}}]},"40":{"loc":{"start":{"line":81,"column":21},"end":{"line":83,"column":121}},"type":"cond-expr","locations":[{"start":{"line":82,"column":10},"end":{"line":82,"column":82}},{"start":{"line":83,"column":10},"end":{"line":83,"column":121}}]},"41":{"loc":{"start":{"line":82,"column":25},"end":{"line":82,"column":42}},"type":"binary-expr","locations":[{"start":{"line":82,"column":25},"end":{"line":82,"column":36}},{"start":{"line":82,"column":40},"end":{"line":82,"column":42}}]},"42":{"loc":{"start":{"line":82,"column":60},"end":{"line":82,"column":80}},"type":"binary-expr","locations":[{"start":{"line":82,"column":60},"end":{"line":82,"column":72}},{"start":{"line":82,"column":76},"end":{"line":82,"column":80}}]},"43":{"loc":{"start":{"line":83,"column":51},"end":{"line":83,"column":70}},"type":"binary-expr","locations":[{"start":{"line":83,"column":51},"end":{"line":83,"column":62}},{"start":{"line":83,"column":66},"end":{"line":83,"column":70}}]},"44":{"loc":{"start":{"line":83,"column":89},"end":{"line":83,"column":119}},"type":"binary-expr","locations":[{"start":{"line":83,"column":89},"end":{"line":83,"column":111}},{"start":{"line":83,"column":115},"end":{"line":83,"column":119}}]},"45":{"loc":{"start":{"line":87,"column":8},"end":{"line":87,"column":29}},"type":"if","locations":[{"start":{"line":87,"column":8},"end":{"line":87,"column":29}}]},"46":{"loc":{"start":{"line":92,"column":24},"end":{"line":92,"column":90}},"type":"cond-expr","locations":[{"start":{"line":92,"column":55},"end":{"line":92,"column":69}},{"start":{"line":92,"column":72},"end":{"line":92,"column":90}}]}},"s":{"0":7,"1":7,"2":7,"3":7,"4":7,"5":7,"6":0,"7":0,"8":0,"9":0,"10":0,"11":0,"12":0,"13":0,"14":0,"15":0,"16":0,"17":0,"18":0,"19":7,"20":0,"21":0,"22":0,"23":0,"24":0,"25":0,"26":0,"27":0,"28":0,"29":0,"30":0,"31":0,"32":0,"33":0,"34":0,"35":0,"36":0,"37":0,"38":0,"39":0,"40":0,"41":0,"42":0,"43":0,"44":0,"45":0,"46":0,"47":0,"48":0,"49":0,"50":0,"51":0,"52":0,"53":0,"54":0,"55":0,"56":0,"57":0,"58":0,"59":0,"60":0,"61":0,"62":0,"63":0,"64":0,"65":0,"66":0,"67":0,"68":0,"69":7},"f":{"0":0,"1":0,"2":0,"3":0,"4":0,"5":0,"6":0,"7":0,"8":0},"b":{"0":[0,0],"1":[0],"2":[0],"3":[0],"4":[0,0],"5":[0],"6":[0],"7":[0,0],"8":[0,0],"9":[0,0],"10":[0,0],"11":[0,0],"12":[0,0],"13":[0,0],"14":[0,0],"15":[0,0],"16":[0,0],"17":[0,0],"18":[0,0],"19":[0,0],"20":[0],"21":[0,0,0],"22":[0,0],"23":[0],"24":[0],"25":[0,0],"26":[0,0],"27":[0,0],"28":[0],"29":[0,0],"30":[0,0],"31":[0,0],"32":[0,0],"33":[0,0],"34":[0],"35":[0,0],"36":[0,0],"37":[0,0],"38":[0,0],"39":[0,0],"40":[0,0],"41":[0,0],"42":[0,0],"43":[0,0],"44":[0,0],"45":[0],"46":[0,0]}}
,"F:\\Dev_Env\\Multi-Agent-Enterprise-CRM\\gateway\\src\\consumers\\automationActivationDecision.ts": {"path":"F:\\Dev_Env\\Multi-Agent-Enterprise-CRM\\gateway\\src\\consumers\\automationActivationDecision.ts","statementMap":{"0":{"start":{"line":1,"column":0},"end":{"line":1,"column":87}},"1":{"start":{"line":2,"column":0},"end":{"line":2,"column":41}},"2":{"start":{"line":3,"column":0},"end":{"line":3,"column":50}},"3":{"start":{"line":4,"column":0},"end":{"line":4,"column":56}},"4":{"start":{"line":6,"column":19},"end":{"line":6,"column":95}},"5":{"start":{"line":7,"column":15},"end":{"line":7,"column":103}},"6":{"start":{"line":7,"column":52},"end":{"line":7,"column":103}},"7":{"start":{"line":9,"column":57},"end":{"line":52,"column":1}},"8":{"start":{"line":10,"column":19},"end":{"line":10,"column":117}},"9":{"start":{"line":12,"column":2},"end":{"line":45,"column":39}},"10":{"start":{"line":13,"column":4},"end":{"line":13,"column":31}},"11":{"start":{"line":13,"column":24},"end":{"line":13,"column":31}},"12":{"start":{"line":16,"column":4},"end":{"line":21,"column":5}},"13":{"start":{"line":17,"column":6},"end":{"line":17,"column":58}},"14":{"start":{"line":19,"column":6},"end":{"line":19,"column":92}},"15":{"start":{"line":20,"column":6},"end":{"line":20,"column":13}},"16":{"start":{"line":23,"column":21},"end":{"line":23,"column":35}},"17":{"start":{"line":24,"column":4},"end":{"line":24,"column":34}},"18":{"start":{"line":24,"column":27},"end":{"line":24,"column":34}},"19":{"start":{"line":25,"column":22},"end":{"line":25,"column":38}},"20":{"start":{"line":26,"column":23},"end":{"line":26,"column":119}},"21":{"start":{"line":27,"column":21},"end":{"line":27,"column":77}},"22":{"start":{"line":28,"column":23},"end":{"line":28,"column":143}},"23":{"start":{"line":29,"column":25},"end":{"line":29,"column":153}},"24":{"start":{"line":30,"column":21},"end":{"line":30,"column":109}},"25":{"start":{"line":32,"column":4},"end":{"line":32,"column":135}},"26":{"start":{"line":32,"column":128},"end":{"line":32,"column":135}},"27":{"start":{"line":34,"column":4},"end":{"line":44,"column":7}},"28":{"start":{"line":35,"column":21},"end":{"line":35,"column":95}},"29":{"start":{"line":36,"column":6},"end":{"line":36,"column":26}},"30":{"start":{"line":36,"column":19},"end":{"line":36,"column":26}},"31":{"start":{"line":37,"column":6},"end":{"line":41,"column":7}},"32":{"start":{"line":38,"column":8},"end":{"line":38,"column":98}},"33":{"start":{"line":39,"column":13},"end":{"line":41,"column":7}},"34":{"start":{"line":40,"column":8},"end":{"line":40,"column":97}},"35":{"start":{"line":42,"column":26},"end":{"line":42,"column":100}},"36":{"start":{"line":43,"column":6},"end":{"line":43,"column":58}},"37":{"start":{"line":47,"column":2},"end":{"line":47,"column":65}},"38":{"start":{"line":49,"column":2},"end":{"line":51,"column":4}},"39":{"start":{"line":50,"column":4},"end":{"line":50,"column":32}},"40":{"start":{"line":9,"column":13},"end":{"line":9,"column":57}}},"fnMap":{"0":{"name":"(anonymous_0)","decl":{"start":{"line":7,"column":15},"end":{"line":7,"column":16}},"loc":{"start":{"line":7,"column":52},"end":{"line":7,"column":103}}},"1":{"name":"(anonymous_1)","decl":{"start":{"line":9,"column":57},"end":{"line":9,"column":62}},"loc":{"start":{"line":9,"column":98},"end":{"line":52,"column":1}}},"2":{"name":"(anonymous_2)","decl":{"start":{"line":12,"column":61},"end":{"line":12,"column":66}},"loc":{"start":{"line":12,"column":90},"end":{"line":45,"column":3}}},"3":{"name":"(anonymous_3)","decl":{"start":{"line":34,"column":33},"end":{"line":34,"column":38}},"loc":{"start":{"line":34,"column":46},"end":{"line":44,"column":5}}},"4":{"name":"(anonymous_4)","decl":{"start":{"line":49,"column":9},"end":{"line":49,"column":14}},"loc":{"start":{"line":49,"column":20},"end":{"line":51,"column":3}}}},"branchMap":{"0":{"loc":{"start":{"line":7,"column":52},"end":{"line":7,"column":103}},"type":"binary-expr","locations":[{"start":{"line":7,"column":52},"end":{"line":7,"column":77}},{"start":{"line":7,"column":81},"end":{"line":7,"column":103}}]},"1":{"loc":{"start":{"line":10,"column":34},"end":{"line":10,"column":116}},"type":"binary-expr","locations":[{"start":{"line":10,"column":34},"end":{"line":10,"column":72}},{"start":{"line":10,"column":76},"end":{"line":10,"column":116}}]},"2":{"loc":{"start":{"line":13,"column":4},"end":{"line":13,"column":31}},"type":"if","locations":[{"start":{"line":13,"column":4},"end":{"line":13,"column":31}}]},"3":{"loc":{"start":{"line":24,"column":4},"end":{"line":24,"column":34}},"type":"if","locations":[{"start":{"line":24,"column":4},"end":{"line":24,"column":34}}]},"4":{"loc":{"start":{"line":25,"column":22},"end":{"line":25,"column":38}},"type":"binary-expr","locations":[{"start":{"line":25,"column":22},"end":{"line":25,"column":32}},{"start":{"line":25,"column":36},"end":{"line":25,"column":38}}]},"5":{"loc":{"start":{"line":26,"column":23},"end":{"line":26,"column":119}},"type":"cond-expr","locations":[{"start":{"line":26,"column":49},"end":{"line":26,"column":64}},{"start":{"line":26,"column":68},"end":{"line":26,"column":118}}]},"6":{"loc":{"start":{"line":26,"column":68},"end":{"line":26,"column":118}},"type":"cond-expr","locations":[{"start":{"line":26,"column":95},"end":{"line":26,"column":111}},{"start":{"line":26,"column":114},"end":{"line":26,"column":118}}]},"7":{"loc":{"start":{"line":27,"column":21},"end":{"line":27,"column":77}},"type":"cond-expr","locations":[{"start":{"line":27,"column":57},"end":{"line":27,"column":70}},{"start":{"line":27,"column":73},"end":{"line":27,"column":77}}]},"8":{"loc":{"start":{"line":28,"column":23},"end":{"line":28,"column":143}},"type":"cond-expr","locations":[{"start":{"line":28,"column":61},"end":{"line":28,"column":76}},{"start":{"line":28,"column":80},"end":{"line":28,"column":142}}]},"9":{"loc":{"start":{"line":28,"column":80},"end":{"line":28,"column":142}},"type":"cond-expr","locations":[{"start":{"line":28,"column":119},"end":{"line":28,"column":135}},{"start":{"line":28,"column":138},"end":{"line":28,"column":142}}]},"10":{"loc":{"start":{"line":29,"column":25},"end":{"line":29,"column":153}},"type":"cond-expr","locations":[{"start":{"line":29,"column":65},"end":{"line":29,"column":82}},{"start":{"line":29,"column":86},"end":{"line":29,"column":152}}]},"11":{"loc":{"start":{"line":29,"column":86},"end":{"line":29,"column":152}},"type":"cond-expr","locations":[{"start":{"line":29,"column":127},"end":{"line":29,"column":145}},{"start":{"line":29,"column":148},"end":{"line":29,"column":152}}]},"12":{"loc":{"start":{"line":30,"column":21},"end":{"line":30,"column":109}},"type":"cond-expr","locations":[{"start":{"line":30,"column":45},"end":{"line":30,"column":58}},{"start":{"line":30,"column":62},"end":{"line":30,"column":108}}]},"13":{"loc":{"start":{"line":30,"column":62},"end":{"line":30,"column":108}},"type":"cond-expr","locations":[{"start":{"line":30,"column":87},"end":{"line":30,"column":101}},{"start":{"line":30,"column":104},"end":{"line":30,"column":108}}]},"14":{"loc":{"start":{"line":32,"column":4},"end":{"line":32,"column":135}},"type":"if","locations":[{"start":{"line":32,"column":4},"end":{"line":32,"column":135}}]},"15":{"loc":{"start":{"line":32,"column":8},"end":{"line":32,"column":126}},"type":"binary-expr","locations":[{"start":{"line":32,"column":8},"end":{"line":32,"column":19}},{"start":{"line":32,"column":23},"end":{"line":32,"column":32}},{"start":{"line":32,"column":36},"end":{"line":32,"column":73}},{"start":{"line":32,"column":77},"end":{"line":32,"column":113}},{"start":{"line":32,"column":117},"end":{"line":32,"column":126}}]},"16":{"loc":{"start":{"line":36,"column":6},"end":{"line":36,"column":26}},"type":"if","locations":[{"start":{"line":36,"column":6},"end":{"line":36,"column":26}}]},"17":{"loc":{"start":{"line":37,"column":6},"end":{"line":41,"column":7}},"type":"if","locations":[{"start":{"line":37,"column":6},"end":{"line":41,"column":7}},{"start":{"line":39,"column":13},"end":{"line":41,"column":7}}]},"18":{"loc":{"start":{"line":39,"column":13},"end":{"line":41,"column":7}},"type":"if","locations":[{"start":{"line":39,"column":13},"end":{"line":41,"column":7}}]}},"s":{"0":7,"1":7,"2":7,"3":7,"4":7,"5":7,"6":0,"7":7,"8":0,"9":0,"10":0,"11":0,"12":0,"13":0,"14":0,"15":0,"16":0,"17":0,"18":0,"19":0,"20":0,"21":0,"22":0,"23":0,"24":0,"25":0,"26":0,"27":0,"28":0,"29":0,"30":0,"31":0,"32":0,"33":0,"34":0,"35":0,"36":0,"37":0,"38":0,"39":0,"40":7},"f":{"0":0,"1":0,"2":0,"3":0,"4":0},"b":{"0":[0,0],"1":[0,0],"2":[0],"3":[0],"4":[0,0],"5":[0,0],"6":[0,0],"7":[0,0],"8":[0,0],"9":[0,0],"10":[0,0],"11":[0,0],"12":[0,0],"13":[0,0],"14":[0],"15":[0,0,0,0,0],"16":[0],"17":[0,0],"18":[0]}}
,"F:\\Dev_Env\\Multi-Agent-Enterprise-CRM\\gateway\\src\\consumers\\automationExecuted.ts": {"path":"F:\\Dev_Env\\Multi-Agent-Enterprise-CRM\\gateway\\src\\consumers\\automationExecuted.ts","statementMap":{"0":{"start":{"line":1,"column":0},"end":{"line":1,"column":87}},"1":{"start":{"line":2,"column":0},"end":{"line":2,"column":41}},"2":{"start":{"line":3,"column":0},"end":{"line":3,"column":50}},"3":{"start":{"line":4,"column":0},"end":{"line":4,"column":64}},"4":{"start":{"line":6,"column":19},"end":{"line":6,"column":95}},"5":{"start":{"line":7,"column":15},"end":{"line":7,"column":103}},"6":{"start":{"line":7,"column":52},"end":{"line":7,"column":103}},"7":{"start":{"line":9,"column":47},"end":{"line":62,"column":1}},"8":{"start":{"line":10,"column":19},"end":{"line":10,"column":114}},"9":{"start":{"line":12,"column":2},"end":{"line":55,"column":28}},"10":{"start":{"line":13,"column":4},"end":{"line":13,"column":31}},"11":{"start":{"line":13,"column":24},"end":{"line":13,"column":31}},"12":{"start":{"line":16,"column":4},"end":{"line":21,"column":5}},"13":{"start":{"line":17,"column":6},"end":{"line":17,"column":58}},"14":{"start":{"line":19,"column":6},"end":{"line":19,"column":90}},"15":{"start":{"line":20,"column":6},"end":{"line":20,"column":13}},"16":{"start":{"line":23,"column":21},"end":{"line":23,"column":35}},"17":{"start":{"line":24,"column":4},"end":{"line":24,"column":34}},"18":{"start":{"line":24,"column":27},"end":{"line":24,"column":34}},"19":{"start":{"line":25,"column":22},"end":{"line":25,"column":38}},"20":{"start":{"line":27,"column":24},"end":{"line":27,"column":124}},"21":{"start":{"line":28,"column":21},"end":{"line":28,"column":109}},"22":{"start":{"line":29,"column":27},"end":{"line":29,"column":141}},"23":{"start":{"line":30,"column":24},"end":{"line":30,"column":148}},"24":{"start":{"line":31,"column":20},"end":{"line":31,"column":67}},"25":{"start":{"line":32,"column":19},"end":{"line":32,"column":64}},"26":{"start":{"line":33,"column":19},"end":{"line":33,"column":78}},"27":{"start":{"line":35,"column":4},"end":{"line":35,"column":58}},"28":{"start":{"line":35,"column":51},"end":{"line":35,"column":58}},"29":{"start":{"line":37,"column":4},"end":{"line":52,"column":7}},"30":{"start":{"line":38,"column":23},"end":{"line":38,"column":119}},"31":{"start":{"line":39,"column":6},"end":{"line":39,"column":28}},"32":{"start":{"line":39,"column":21},"end":{"line":39,"column":28}},"33":{"start":{"line":40,"column":6},"end":{"line":51,"column":9}},"34":{"start":{"line":54,"column":4},"end":{"line":54,"column":56}},"35":{"start":{"line":57,"column":2},"end":{"line":57,"column":54}},"36":{"start":{"line":59,"column":2},"end":{"line":61,"column":4}},"37":{"start":{"line":60,"column":4},"end":{"line":60,"column":32}},"38":{"start":{"line":9,"column":13},"end":{"line":9,"column":47}}},"fnMap":{"0":{"name":"(anonymous_0)","decl":{"start":{"line":7,"column":15},"end":{"line":7,"column":16}},"loc":{"start":{"line":7,"column":52},"end":{"line":7,"column":103}}},"1":{"name":"(anonymous_1)","decl":{"start":{"line":9,"column":47},"end":{"line":9,"column":52}},"loc":{"start":{"line":9,"column":88},"end":{"line":62,"column":1}}},"2":{"name":"(anonymous_2)","decl":{"start":{"line":12,"column":62},"end":{"line":12,"column":67}},"loc":{"start":{"line":12,"column":91},"end":{"line":55,"column":3}}},"3":{"name":"(anonymous_3)","decl":{"start":{"line":37,"column":33},"end":{"line":37,"column":38}},"loc":{"start":{"line":37,"column":46},"end":{"line":52,"column":5}}},"4":{"name":"(anonymous_4)","decl":{"start":{"line":59,"column":9},"end":{"line":59,"column":14}},"loc":{"start":{"line":59,"column":20},"end":{"line":61,"column":3}}}},"branchMap":{"0":{"loc":{"start":{"line":7,"column":52},"end":{"line":7,"column":103}},"type":"binary-expr","locations":[{"start":{"line":7,"column":52},"end":{"line":7,"column":77}},{"start":{"line":7,"column":81},"end":{"line":7,"column":103}}]},"1":{"loc":{"start":{"line":10,"column":34},"end":{"line":10,"column":113}},"type":"binary-expr","locations":[{"start":{"line":10,"column":34},"end":{"line":10,"column":80}},{"start":{"line":10,"column":84},"end":{"line":10,"column":113}}]},"2":{"loc":{"start":{"line":13,"column":4},"end":{"line":13,"column":31}},"type":"if","locations":[{"start":{"line":13,"column":4},"end":{"line":13,"column":31}}]},"3":{"loc":{"start":{"line":24,"column":4},"end":{"line":24,"column":34}},"type":"if","locations":[{"start":{"line":24,"column":4},"end":{"line":24,"column":34}}]},"4":{"loc":{"start":{"line":25,"column":22},"end":{"line":25,"column":38}},"type":"binary-expr","locations":[{"start":{"line":25,"column":22},"end":{"line":25,"column":32}},{"start":{"line":25,"column":36},"end":{"line":25,"column":38}}]},"5":{"loc":{"start":{"line":27,"column":24},"end":{"line":27,"column":124}},"type":"cond-expr","locations":[{"start":{"line":27,"column":52},"end":{"line":27,"column":69}},{"start":{"line":27,"column":73},"end":{"line":27,"column":123}}]},"6":{"loc":{"start":{"line":27,"column":73},"end":{"line":27,"column":123}},"type":"cond-expr","locations":[{"start":{"line":27,"column":100},"end":{"line":27,"column":116}},{"start":{"line":27,"column":119},"end":{"line":27,"column":123}}]},"7":{"loc":{"start":{"line":28,"column":21},"end":{"line":28,"column":109}},"type":"cond-expr","locations":[{"start":{"line":28,"column":46},"end":{"line":28,"column":60}},{"start":{"line":28,"column":64},"end":{"line":28,"column":108}}]},"8":{"loc":{"start":{"line":28,"column":64},"end":{"line":28,"column":108}},"type":"cond-expr","locations":[{"start":{"line":28,"column":88},"end":{"line":28,"column":101}},{"start":{"line":28,"column":104},"end":{"line":28,"column":108}}]},"9":{"loc":{"start":{"line":29,"column":27},"end":{"line":29,"column":141}},"type":"cond-expr","locations":[{"start":{"line":29,"column":59},"end":{"line":29,"column":80}},{"start":{"line":29,"column":84},"end":{"line":29,"column":140}}]},"10":{"loc":{"start":{"line":29,"column":84},"end":{"line":29,"column":140}},"type":"cond-expr","locations":[{"start":{"line":29,"column":114},"end":{"line":29,"column":133}},{"start":{"line":29,"column":136},"end":{"line":29,"column":140}}]},"11":{"loc":{"start":{"line":30,"column":24},"end":{"line":30,"column":148}},"type":"cond-expr","locations":[{"start":{"line":30,"column":64},"end":{"line":30,"column":81}},{"start":{"line":30,"column":85},"end":{"line":30,"column":147}}]},"12":{"loc":{"start":{"line":30,"column":85},"end":{"line":30,"column":147}},"type":"cond-expr","locations":[{"start":{"line":30,"column":124},"end":{"line":30,"column":140}},{"start":{"line":30,"column":143},"end":{"line":30,"column":147}}]},"13":{"loc":{"start":{"line":31,"column":20},"end":{"line":31,"column":67}},"type":"cond-expr","locations":[{"start":{"line":31,"column":50},"end":{"line":31,"column":62}},{"start":{"line":31,"column":65},"end":{"line":31,"column":67}}]},"14":{"loc":{"start":{"line":32,"column":27},"end":{"line":32,"column":63}},"type":"binary-expr","locations":[{"start":{"line":32,"column":27},"end":{"line":32,"column":39}},{"start":{"line":32,"column":43},"end":{"line":32,"column":54}},{"start":{"line":32,"column":58},"end":{"line":32,"column":63}}]},"15":{"loc":{"start":{"line":33,"column":19},"end":{"line":33,"column":78}},"type":"cond-expr","locations":[{"start":{"line":33,"column":53},"end":{"line":33,"column":64}},{"start":{"line":33,"column":67},"end":{"line":33,"column":78}}]},"16":{"loc":{"start":{"line":35,"column":4},"end":{"line":35,"column":58}},"type":"if","locations":[{"start":{"line":35,"column":4},"end":{"line":35,"column":58}}]},"17":{"loc":{"start":{"line":35,"column":8},"end":{"line":35,"column":49}},"type":"binary-expr","locations":[{"start":{"line":35,"column":8},"end":{"line":35,"column":20}},{"start":{"line":35,"column":24},"end":{"line":35,"column":33}},{"start":{"line":35,"column":37},"end":{"line":35,"column":49}}]},"18":{"loc":{"start":{"line":39,"column":6},"end":{"line":39,"column":28}},"type":"if","locations":[{"start":{"line":39,"column":6},"end":{"line":39,"column":28}}]}},"s":{"0":7,"1":7,"2":7,"3":7,"4":7,"5":7,"6":0,"7":7,"8":0,"9":0,"10":0,"11":0,"12":0,"13":0,"14":0,"15":0,"16":0,"17":0,"18":0,"19":0,"20":0,"21":0,"22":0,"23":0,"24":0,"25":0,"26":0,"27":0,"28":0,"29":0,"30":0,"31":0,"32":0,"33":0,"34":0,"35":0,"36":0,"37":0,"38":7},"f":{"0":0,"1":0,"2":0,"3":0,"4":0},"b":{"0":[0,0],"1":[0,0],"2":[0],"3":[0],"4":[0,0],"5":[0,0],"6":[0,0],"7":[0,0],"8":[0,0],"9":[0,0],"10":[0,0],"11":[0,0],"12":[0,0],"13":[0,0],"14":[0,0,0],"15":[0,0],"16":[0],"17":[0,0,0],"18":[0]}}
,"F:\\Dev_Env\\Multi-Agent-Enterprise-CRM\\gateway\\src\\consumers\\automationSimulationResult.ts": {"path":"F:\\Dev_Env\\Multi-Agent-Enterprise-CRM\\gateway\\src\\consumers\\automationSimulationResult.ts","statementMap":{"0":{"start":{"line":1,"column":0},"end":{"line":1,"column":87}},"1":{"start":{"line":2,"column":0},"end":{"line":2,"column":41}},"2":{"start":{"line":3,"column":0},"end":{"line":3,"column":50}},"3":{"start":{"line":4,"column":0},"end":{"line":4,"column":71}},"4":{"start":{"line":6,"column":19},"end":{"line":6,"column":95}},"5":{"start":{"line":7,"column":15},"end":{"line":7,"column":103}},"6":{"start":{"line":7,"column":52},"end":{"line":7,"column":103}},"7":{"start":{"line":9,"column":55},"end":{"line":69,"column":1}},"8":{"start":{"line":10,"column":19},"end":{"line":10,"column":125}},"9":{"start":{"line":12,"column":2},"end":{"line":62,"column":37}},"10":{"start":{"line":13,"column":4},"end":{"line":13,"column":31}},"11":{"start":{"line":13,"column":24},"end":{"line":13,"column":31}},"12":{"start":{"line":16,"column":4},"end":{"line":21,"column":5}},"13":{"start":{"line":17,"column":6},"end":{"line":17,"column":58}},"14":{"start":{"line":19,"column":6},"end":{"line":19,"column":92}},"15":{"start":{"line":20,"column":6},"end":{"line":20,"column":13}},"16":{"start":{"line":23,"column":21},"end":{"line":23,"column":35}},"17":{"start":{"line":24,"column":4},"end":{"line":24,"column":34}},"18":{"start":{"line":24,"column":27},"end":{"line":24,"column":34}},"19":{"start":{"line":25,"column":22},"end":{"line":25,"column":38}},"20":{"start":{"line":27,"column":25},"end":{"line":27,"column":129}},"21":{"start":{"line":28,"column":21},"end":{"line":28,"column":109}},"22":{"start":{"line":29,"column":24},"end":{"line":29,"column":124}},"23":{"start":{"line":30,"column":19},"end":{"line":30,"column":123}},"24":{"start":{"line":31,"column":17},"end":{"line":31,"column":113}},"25":{"start":{"line":32,"column":19},"end":{"line":32,"column":86}},"26":{"start":{"line":33,"column":31},"end":{"line":33,"column":113}},"27":{"start":{"line":34,"column":37},"end":{"line":34,"column":41}},"28":{"start":{"line":36,"column":4},"end":{"line":36,"column":54}},"29":{"start":{"line":36,"column":47},"end":{"line":36,"column":54}},"30":{"start":{"line":38,"column":4},"end":{"line":59,"column":7}},"31":{"start":{"line":39,"column":23},"end":{"line":39,"column":138}},"32":{"start":{"line":40,"column":6},"end":{"line":40,"column":28}},"33":{"start":{"line":40,"column":21},"end":{"line":40,"column":28}},"34":{"start":{"line":41,"column":6},"end":{"line":41,"column":41}},"35":{"start":{"line":43,"column":6},"end":{"line":53,"column":9}},"36":{"start":{"line":55,"column":6},"end":{"line":58,"column":9}},"37":{"start":{"line":61,"column":4},"end":{"line":61,"column":98}},"38":{"start":{"line":61,"column":21},"end":{"line":61,"column":98}},"39":{"start":{"line":64,"column":2},"end":{"line":64,"column":63}},"40":{"start":{"line":66,"column":2},"end":{"line":68,"column":4}},"41":{"start":{"line":67,"column":4},"end":{"line":67,"column":32}},"42":{"start":{"line":9,"column":13},"end":{"line":9,"column":55}}},"fnMap":{"0":{"name":"(anonymous_0)","decl":{"start":{"line":7,"column":15},"end":{"line":7,"column":16}},"loc":{"start":{"line":7,"column":52},"end":{"line":7,"column":103}}},"1":{"name":"(anonymous_1)","decl":{"start":{"line":9,"column":55},"end":{"line":9,"column":60}},"loc":{"start":{"line":9,"column":96},"end":{"line":69,"column":1}}},"2":{"name":"(anonymous_2)","decl":{"start":{"line":12,"column":71},"end":{"line":12,"column":76}},"loc":{"start":{"line":12,"column":100},"end":{"line":62,"column":3}}},"3":{"name":"(anonymous_3)","decl":{"start":{"line":38,"column":33},"end":{"line":38,"column":38}},"loc":{"start":{"line":38,"column":46},"end":{"line":59,"column":5}}},"4":{"name":"(anonymous_4)","decl":{"start":{"line":66,"column":9},"end":{"line":66,"column":14}},"loc":{"start":{"line":66,"column":20},"end":{"line":68,"column":3}}}},"branchMap":{"0":{"loc":{"start":{"line":7,"column":52},"end":{"line":7,"column":103}},"type":"binary-expr","locations":[{"start":{"line":7,"column":52},"end":{"line":7,"column":77}},{"start":{"line":7,"column":81},"end":{"line":7,"column":103}}]},"1":{"loc":{"start":{"line":10,"column":34},"end":{"line":10,"column":124}},"type":"binary-expr","locations":[{"start":{"line":10,"column":34},"end":{"line":10,"column":82}},{"start":{"line":10,"column":86},"end":{"line":10,"column":124}}]},"2":{"loc":{"start":{"line":13,"column":4},"end":{"line":13,"column":31}},"type":"if","locations":[{"start":{"line":13,"column":4},"end":{"line":13,"column":31}}]},"3":{"loc":{"start":{"line":24,"column":4},"end":{"line":24,"column":34}},"type":"if","locations":[{"start":{"line":24,"column":4},"e
[...]
{"line":26,"column":6},"end":{"line":28,"column":7}},"9":{"start":{"line":27,"column":8},"end":{"line":27,"column":30}},"10":{"start":{"line":29,"column":6},"end":{"line":29,"column":25}},"11":{"start":{"line":30,"column":6},"end":{"line":30,"column":16}},"12":{"start":{"line":34,"column":2},"end":{"line":36,"column":5}},"13":{"start":{"line":35,"column":4},"end":{"line":35,"column":37}},"14":{"start":{"line":38,"column":2},"end":{"line":110,"column":5}},"15":{"start":{"line":40,"column":18},"end":{"line":40,"column":39}},"16":{"start":{"line":41,"column":4},"end":{"line":44,"column":5}},"17":{"start":{"line":42,"column":6},"end":{"line":42,"column":48}},"18":{"start":{"line":43,"column":6},"end":{"line":43,"column":13}},"19":{"start":{"line":46,"column":4},"end":{"line":78,"column":5}},"20":{"start":{"line":47,"column":22},"end":{"line":49,"column":null}},"21":{"start":{"line":51,"column":23},"end":{"line":51,"column":60}},"22":{"start":{"line":52,"column":6},"end":{"line":55,"column":7}},"23":{"start":{"line":53,"column":8},"end":{"line":53,"column":40}},"24":{"start":{"line":54,"column":8},"end":{"line":54,"column":15}},"25":{"start":{"line":57,"column":6},"end":{"line":57,"column":30}},"26":{"start":{"line":58,"column":6},"end":{"line":58,"column":29}},"27":{"start":{"line":59,"column":6},"end":{"line":59,"column":24}},"28":{"start":{"line":62,"column":6},"end":{"line":62,"column":47}},"29":{"start":{"line":64,"column":6},"end":{"line":67,"column":9}},"30":{"start":{"line":70,"column":6},"end":{"line":73,"column":10}},"31":{"start":{"line":76,"column":6},"end":{"line":76,"column":38}},"32":{"start":{"line":77,"column":6},"end":{"line":77,"column":13}},"33":{"start":{"line":81,"column":4},"end":{"line":83,"column":7}},"34":{"start":{"line":82,"column":6},"end":{"line":82,"column":24}},"35":{"start":{"line":86,"column":4},"end":{"line":93,"column":7}},"36":{"start":{"line":87,"column":6},"end":{"line":92,"column":7}},"37":{"start":{"line":88,"column":42},"end":{"line":88,"column":69}},"38":{"start":{"line":89,"column":8},"end":{"line":89,"column":35}},"39":{"start":{"line":91,"column":8},"end":{"line":91,"column":61}},"40":{"start":{"line":96,"column":4},"end":{"line":104,"column":7}},"41":{"start":{"line":97,"column":6},"end":{"line":103,"column":7}},"42":{"start":{"line":98,"column":8},"end":{"line":98,"column":53}},"43":{"start":{"line":99,"column":8},"end":{"line":102,"column":11}},"44":{"start":{"line":107,"column":4},"end":{"line":109,"column":7}},"45":{"start":{"line":108,"column":6},"end":{"line":108,"column":68}},"46":{"start":{"line":22,"column":13},"end":{"line":22,"column":30}},"47":{"start":{"line":114,"column":14},"end":{"line":114,"column":74}},"48":{"start":{"line":115,"column":2},"end":{"line":115,"column":39}},"49":{"start":{"line":119,"column":2},"end":{"line":121,"column":3}},"50":{"start":{"line":120,"column":4},"end":{"line":120,"column":41}},"51":{"start":{"line":123,"column":28},"end":{"line":123,"column":54}},"52":{"start":{"line":125,"column":2},"end":{"line":127,"column":3}},"53":{"start":{"line":126,"column":4},"end":{"line":126,"column":45}},"54":{"start":{"line":129,"column":2},"end":{"line":129,"column":41}},"55":{"start":{"line":133,"column":28},"end":{"line":133,"column":53}},"56":{"start":{"line":134,"column":2},"end":{"line":134,"column":33}},"57":{"start":{"line":134,"column":26},"end":{"line":134,"column":33}},"58":{"start":{"line":136,"column":26},"end":{"line":136,"column":55}},"59":{"start":{"line":137,"column":2},"end":{"line":137,"column":31}},"60":{"start":{"line":137,"column":24},"end":{"line":137,"column":31}},"61":{"start":{"line":139,"column":2},"end":{"line":139,"column":29}},"62":{"start":{"line":141,"column":2},"end":{"line":143,"column":3}},"63":{"start":{"line":142,"column":4},"end":{"line":142,"column":37}},"64":{"start":{"line":145,"column":2},"end":{"line":147,"column":3}},"65":{"start":{"line":146,"column":4},"end":{"line":146,"column":33}},"66":{"start":{"line":151,"column":2},"end":{"line":163,"column":3}},"67":{"start":{"line":153,"column":6},"end":{"line":153,"column":61}},"68":{"start":{"line":154,"column":6},"end":{"line":154,"column":12}},"69":{"start":{"line":158,"column":6},"end":{"line":158,"column":50}},"70":{"start":{"line":159,"column":6},"end":{"line":159,"column":12}},"71":{"start":{"line":162,"column":6},"end":{"line":162,"column":66}},"72":{"start":{"line":167,"column":2},"end":{"line":170,"column":3}},"73":{"start":{"line":168,"column":4},"end":{"line":168,"column":46}},"74":{"start":{"line":169,"column":4},"end":{"line":169,"column":11}},"75":{"start":{"line":172,"column":2},"end":{"line":175,"column":3}},"76":{"start":{"line":173,"column":4},"end":{"line":173,"column":83}},"77":{"start":{"line":174,"column":4},"end":{"line":174,"column":11}},"78":{"start":{"line":177,"column":25},"end":{"line":177,"column":49}},"79":{"start":{"line":178,"column":2},"end":{"line":181,"column":3}},"80":{"start":{"line":179,"column":4},"end":{"line":179,"column":97}},"81":{"start":{"line":180,"column":4},"end":{"line":180,"column":11}},"82":{"start":{"line":183,"column":12},"end":{"line":183,"column":33}},"83":{"start":{"line":184,"column":2},"end":{"line":187,"column":3}},"84":{"start":{"line":185,"column":4},"end":{"line":185,"column":28}},"85":{"start":{"line":186,"column":4},"end":{"line":186,"column":31}},"86":{"start":{"line":188,"column":2},"end":{"line":188,"column":17}},"87":{"start":{"line":190,"column":2},"end":{"line":190,"column":69}},"88":{"start":{"line":191,"column":2},"end":{"line":191,"column":70}},"89":{"start":{"line":195,"column":26},"end":{"line":208,"column":1}},"90":{"start":{"line":196,"column":28},"end":{"line":196,"column":53}},"91":{"start":{"line":197,"column":2},"end":{"line":197,"column":33}},"92":{"start":{"line":197,"column":26},"end":{"line":197,"column":33}},"93":{"start":{"line":199,"column":26},"end":{"line":199,"column":55}},"94":{"start":{"line":200,"column":2},"end":{"line":200,"column":31}},"95":{"start":{"line":200,"column":24},"end":{"line":200,"column":31}},"96":{"start":{"line":202,"column":21},"end":{"line":202,"column":44}},"97":{"start":{"line":203,"column":2},"end":{"line":207,"column":5}},"98":{"start":{"line":204,"column":4},"end":{"line":206,"column":5}},"99":{"start":{"line":205,"column":6},"end":{"line":205,"column":26}},"100":{"start":{"line":195,"column":13},"end":{"line":195,"column":26}},"101":{"start":{"line":211,"column":28},"end":{"line":223,"column":1}},"102":{"start":{"line":212,"column":28},"end":{"line":212,"column":53}},"103":{"start":{"line":213,"column":2},"end":{"line":213,"column":33}},"104":{"start":{"line":213,"column":26},"end":{"line":213,"column":33}},"105":{"start":{"line":215,"column":21},"end":{"line":215,"column":44}},"106":{"start":{"line":216,"column":2},"end":{"line":222,"column":5}},"107":{"start":{"line":217,"column":4},"end":{"line":221,"column":7}},"108":{"start":{"line":218,"column":6},"end":{"line":220,"column":7}},"109":{"start":{"line":219,"column":8},"end":{"line":219,"column":28}},"110":{"start":{"line":211,"column":13},"end":{"line":211,"column":28}},"111":{"start":{"line":226,"column":25},"end":{"line":237,"column":1}},"112":{"start":{"line":227,"column":21},"end":{"line":227,"column":44}},"113":{"start":{"line":228,"column":2},"end":{"line":236,"column":5}},"114":{"start":{"line":229,"column":4},"end":{"line":235,"column":7}},"115":{"start":{"line":230,"column":6},"end":{"line":234,"column":9}},"116":{"start":{"line":231,"column":8},"end":{"line":233,"column":9}},"117":{"start":{"line":232,"column":10},"end":{"line":232,"column":30}},"118":{"start":{"line":226,"column":13},"end":{"line":226,"column":25}}},"fnMap":{"0":{"name":"(anonymous_1)","decl":{"start":{"line":22,"column":30},"end":{"line":22,"column":31}},"loc":{"start":{"line":22,"column":61},"end":{"line":111,"column":1}}},"1":{"name":"(anonymous_2)","decl":{"start":{"line":24,"column":40},"end":{"line":24,"column":43}},"loc":{"start":{"line":24,"column":45},"end":{"line":32,"column":3}}},"2":{"name":"(anonymous_3)","decl":{"start":{"line":25,"column":24},"end":{"line":25,"column":25}},"loc":{"start":{"line":25,"column":55},"end":{"line":31,"column":5}}},"3":{"name":"(anonymous_4)","decl":{"start":{"line":34,"column":18},"end":{"line":34,"column":21}},"loc":{"start":{"line":34,"column":23},"end":{"line":36,"column":3}}},"4":{"name":"(anonymous_5)","decl":{"start":{"line":38,"column":23},"end":{"line":38,"column":24}},"loc":{"start":{"line":38,"column":80},"end":{"line":110,"column":3}}},"5":{"name":"(anonymous_6)","decl":{"start":{"line":81,"column":18},"end":{"line":81,"column":21}},"loc":{"start":{"line":81,"column":23},"end":{"line":83,"column":5}}},"6":{"name":"(anonymous_7)","decl":{"start":{"line":86,"column":21},"end":{"line":86,"column":22}},"loc":{"start":{"line":86,"column":30},"end":{"line":93,"column":5}}},"7":{"name":"(anonymous_8)","decl":{"start":{"line":96,"column":19},"end":{"line":96,"column":22}},"loc":{"start":{"line":96,"column":24},"end":{"line":104,"column":5}}},"8":{"name":"(anonymous_9)","decl":{"start":{"line":107,"column":19},"end":{"line":107,"column":20}},"loc":{"start":{"line":107,"column":29},"end":{"line":109,"column":5}}},"9":{"name":"extractToken","decl":{"start":{"line":113,"column":9},"end":{"line":113,"column":21}},"loc":{"start":{"line":113,"column":46},"end":{"line":116,"column":1}}},"10":{"name":"addConnection","decl":{"start":{"line":118,"column":9},"end":{"line":118,"column":22}},"loc":{"start":{"line":118,"column":83},"end":{"line":130,"column":1}}},"11":{"name":"removeConnection","decl":{"start":{"line":132,"column":9},"end":{"line":132,"column":25}},"loc":{"start":{"line":132,"column":86},"end":{"line":148,"column":1}}},"12":{"name":"handleMessage","decl":{"start":{"line":150,"column":9},"end":{"line":150,"column":22}},"loc":{"start":{"line":150,"column":76},"end":{"line":164,"column":1}}},"13":{"name":"handleSubscribe","decl":{"start":{"line":166,"column":9},"end":{"line":166,"column":24}},"loc":{"start":{"line":166,"column":67},"end":{"line":192,"column":1}}},"14":{"name":"(anonymous_15)","decl":{"start":{"line":195,"column":26},"end":{"line":195,"column":27}},"loc":{"start":{"line":195,"column":96},"end":{"line":208,"column":1}}},"15":{"name":"(anonymous_16)","decl":{"start":{"line":203,"column":26},"end":{"line":203,"column":27}},"loc":{"start":{"line":203,"column":33},"end":{"line":207,"column":3}}},"16":{"name":"(anonymous_17)","decl":{"start":{"line":211,"column":28},"end":{"line":211,"column":29}},"loc":{"start":{"line":211,"column":82},"end":{"line":223,"column":1}}},"17":{"name":"(anonymous_18)","decl":{"start":{"line":216,"column":28},"end":{"line":216,"column":29}},"loc":{"start":{"line":216,"column":48},"end":{"line":222,"column":3}}},"18":{"name":"(anonymous_19)","decl":{"start":{"line":217,"column":28},"end":{"line":217,"column":29}},"loc":{"start":{"line":217,"column":35},"end":{"line":221,"column":5}}},"19":{"name":"(anonymous_20)","decl":{"start":{"line":226,"column":25},"end":{"line":226,"column":26}},"loc":{"start":{"line":226,"column":61},"end":{"line":237,"column":1}}},"20":{"name":"(anonymous_21)","decl":{"start":{"line":228,"column":22},"end":{"line":228,"column":23}},"loc":{"start":{"line":228,"column":44},"end":{"line":236,"column":3}}},"21":{"name":"(anonymous_22)","decl":{"start":{"line":229,"column":30},"end":{"line":229,"column":31}},"loc":{"start":{"line":229,"column":50},"end":{"line":235,"column":5}}},"22":{"name":"(anonymous_23)","decl":{"start":{"line":230,"column":30},"end":{"line":230,"column":31}},"loc":{"start":{"line":230,"column":37},"end":{"line":234,"column":7}}}},"branchMap":{"0":{"loc":{"start":{"line":26,"column":6},"end":{"line":28,"column":7}},"type":"if","locations":[{"start":{"line":26,"column":6},"end":{"line":28,"column":7}}]},"1":{"loc":{"start":{"line":41,"column":4},"end":{"line":44,"column":5}},"type":"if","locations":[{"start":{"line":41,"column":4},"end":{"line":44,"column":5}}]},"2":{"loc":{"start":{"line":49,"column":8},"end":{"line":49,"column":75}},"type":"binary-expr","locations":[{"start":{"line":49,"column":8},"end":{"line":49,"column":30}},{"start":{"line":49,"column":34},"end":{"line":49,"column":75}}]},"3":{"loc":{"start":{"line":51,"column":23},"end":{"line":51,"column":60}},"type":"binary-expr","locations":[{"start":{"line":51,"column":23},"end":{"line":51,"column":39}},{"start":{"line":51,"column":43},"end":{"line":51,"column":60}}]},"4":{"loc":{"start":{"line":52,"column":6},"end":{"line":55,"column":7}},"type":"if","locations":[{"start":{"line":52,"column":6},"end":{"line":55,"column":7}}]},"5":{"loc":{"start":{"line":97,"column":6},"end":{"line":103,"column":7}},"type":"if","locations":[{"start":{"line":97,"column":6},"end":{"line":103,"column":7}}]},"6":{"loc":{"start":{"line":97,"column":10},"end":{"line":97,"column":34}},"type":"binary-expr","locations":[{"start":{"line":97,"column":10},"end":{"line":97,"column":21}},{"start":{"line":97,"column":25},"end":{"line":97,"column":34}}]},"7":{"loc":{"start":{"line":114,"column":22},"end":{"line":114,"column":39}},"type":"binary-expr","locations":[{"start":{"line":114,"column":22},"end":{"line":114,"column":33}},{"start":{"line":114,"column":37},"end":{"line":114,"column":39}}]},"8":{"loc":{"start":{"line":119,"column":2},"end":{"line":121,"column":3}},"type":"if","locations":[{"start":{"line":119,"column":2},"end":{"line":121,"column":3}}]},"9":{"loc":{"start":{"line":125,"column":2},"end":{"line":127,"column":3}},"type":"if","locations":[{"start":{"line":125,"column":2},"end":{"line":127,"column":3}}]},"10":{"loc":{"start":{"line":134,"column":2},"end":{"line":134,"column":33}},"type":"if","locations":[{"start":{"line":134,"column":2},"end":{"line":134,"column":33}}]},"11":{"loc":{"start":{"line":137,"column":2},"end":{"line":137,"column":31}},"type":"if","locations":[{"start":{"line":137,"column":2},"end":{"line":137,"column":31}}]},"12":{"loc":{"start":{"line":141,"column":2},"end":{"line":143,"column":3}},"type":"if","locations":[{"start":{"line":141,"column":2},"end":{"line":143,"column":3}}]},"13":{"loc":{"start":{"line":145,"column":2},"end":{"line":147,"column":3}},"type":"if","locations":[{"start":{"line":145,"column":2},"end":{"line":147,"column":3}}]},"14":{"loc":{"start":{"line":151,"column":2},"end":{"line":163,"column":3}},"type":"switch","locations":[{"start":{"line":152,"column":4},"end":{"line":154,"column":12}},{"start":{"line":156,"column":4},"end":{"line":159,"column":12}},{"start":{"line":161,"column":4},"end":{"line":162,"column":66}}]},"15":{"loc":{"start":{"line":167,"column":2},"end":{"line":170,"column":3}},"type":"if","locations":[{"start":{"line":167,"column":2},"end":{"line":170,"column":3}}]},"16":{"loc":{"start":{"line":167,"column":6},"end":{"line":167,"column":32}},"type":"binary-expr","locations":[{"start":{"line":167,"column":6},"end":{"line":167,"column":18}},{"start":{"line":167,"column":22},"end":{"line":167,"column":32}}]},"17":{"loc":{"start":{"line":172,"column":2},"end":{"line":175,"column":3}},"type":"if","locations":[{"start":{"line":172,"column":2},"end":{"line":175,"column":3}}]},"18":{"loc":{"start":{"line":172,"column":6},"end":{"line":172,"column":53}},"type":"binary-expr","locations":[{"start":{"line":172,"column":6},"end":{"line":172,"column":31}},{"start":{"line":172,"column":35},"end":{"line":172,"column":53}}]},"19":{"loc":{"start":{"line":178,"column":2},"end":{"line":181,"column":3}},"type":"if","locations":[{"start":{"line":178,"column":2},"end":{"line":181,"column":3}}]},"20":{"loc":{"start":{"line":184,"column":2},"end":{"line":187,"column":3}},"type":"if","locations":[{"start":{"line":184,"column":2},"end":{"line":187,"column":3}}]},"21":{"loc":{"start":{"line":197,"column":2},"end":{"line":197,"column":33}},"type":"if","locations":[{"start":{"line":197,"column":2},"end":{"line":197,"column":33}}]},"22":{"loc":{"start":{"line":200,"column":2},"end":{"line":200,"column":31}},"type":"if","locations":[{"start":{"line":200,"column":2},"end":{"line":200,"column":31}}]},"23":{"loc":{"start":{"line":204,"column":4},"end":{"line":206,"column":5}},"type":"if","locations":[{"start":{"line":204,"column":4},"end":{"line":206,"column":5}}]},"24":{"loc":{"start":{"line":213,"column":2},"end":{"line":213,"column":33}},"type":"if","locations":[{"start":{"line":213,"column":2},"end":{"line":213,"column":33}}]},"25":{"loc":{"start":{"line":218,"column":6},"end":{"line":220,"column":7}},"type":"if","locations":[{"start":{"line":218,"column":6},"end":{"line":220,"column":7}}]},"26":{"loc":{"start":{"line":231,"column":8},"end":{"line":233,"column":9}},"type":"if","locations":[{"start":{"line":231,"column":8},"end":{"line":233,"column":9}}]}},"s":{"0":7,"1":7,"2":7,"3":7,"4":7,"5":7,"6":7,"7":0,"8":0,"9":0,"10":0,"11":0,"12":7,"13":0,"14":7,"15":0,"16":0,"17":0,"18":0,"19":0,"20":0,"21":0,"22":0,"23":0,"24":0,"25":0,"26":0,"27":0,"28":0,"29":0,"30":0,"31":0,"32":0,"33":0,"34":0,"35":0,"36":0,"37":0,"38":0,"39":0,"40":0,"41":0,"42":0,"43":0,"44":0,"45":0,"46":7,"47":0,"48":0,"49":0,"50":0,"51":0,"52":0,"53":0,"54":0,"55":0,"56":0,"57":0,"58":0,"59":0,"60":0,"61":0,"62":0,"63":0,"64":0,"65":0,"66":0,"67":0,"68":0,"69":0,"70":0,"71":0,"72":0,"73":0,"74":0,"75":0,"76":0,"77":0,"78":0,"79":0,"80":0,"81":0,"82":0,"83":0,"84":0,"85":0,"86":0,"87":0,"88":0,"89":7,"90":0,"91":0,"92":0,"93":0,"94":0,"95":0,"96":0,"97":0,"98":0,"99":0,"100":7,"101":7,"102":0,"103":0,"104":0,"105":0,"106":0,"107":0,"108":0,"109":0,"110":7,"111":7,"112":0,"113":0,"114":0,"115":0,"116":0,"117":0,"118":7},"f":{"0":7,"1":0,"2":0,"3":0,"4":0,"5":0,"6":0,"7":0,"8":0,"9":0,"10":0,"11":0,"12":0,"13":0,"14":0,"15":0,"16":0,"17":0,"18":0,"19":0,"20":0,"21":0,"22":0},"b":{"0":[0],"1":[0],"2":[0,0],"3":[0,0],"4":[0],"5":[0],"6":[0,0],"7":[0,0],"8":[0],"9":[0],"10":[0],"11":[0],"12":[0],"13":[0],"14":[0,0,0],"15":[0],"16":[0,0],"17":[0],"18":[0,0],"19":[0],"20":[0],"21":[0],"22":[0],"23":[0],"24":[0],"25":[0],"26":[0]}}
,"F:\\Dev_Env\\Multi-Agent-Enterprise-CRM\\gateway\\src\\utils\\logger.ts": {"path":"F:\\Dev_Env\\Multi-Agent-Enterprise-CRM\\gateway\\src\\utils\\logger.ts","statementMap":{"0":{"start":{"line":1,"column":0},"end":{"line":1,"column":30}},"1":{"start":{"line":3,"column":18},"end":{"line":6,"column":null}},"2":{"start":{"line":9,"column":22},"end":{"line":15,"column":null}},"3":{"start":{"line":13,"column":20},"end":{"line":13,"column":72}},"4":{"start":{"line":14,"column":4},"end":{"line":14,"column":60}},"5":{"start":{"line":18,"column":13},"end":{"line":28,"column":3}},"6":{"start":{"line":31,"column":0},"end":{"line":44,"column":1}},"7":{"start":{"line":32,"column":2},"end":{"line":37,"column":6}},"8":{"start":{"line":39,"column":2},"end":{"line":43,"column":6}}},"fnMap":{"0":{"name":"(anonymous_1)","decl":{"start":{"line":12,"column":24},"end":{"line":12,"column":25}},"loc":{"start":{"line":12,"column":67},"end":{"line":15,"column":3}}}},"branchMap":{"0":{"loc":{"start":{"line":13,"column":20},"end":{"line":13,"column":72}},"type":"cond-expr","locations":[{"start":{"line":13,"column":47},"end":{"line":13,"column":67}},{"start":{"line":13,"column":70},"end":{"line":13,"column":72}}]},"1":{"loc":{"start":{"line":19,"column":9},"end":{"line":19,"column":40}},"type":"binary-expr","locations":[{"start":{"line":19,"column":9},"end":{"line":19,"column":30}},{"start":{"line":19,"column":34},"end":{"line":19,"column":40}}]},"2":{"loc":{"start":{"line":25,"column":14},"end":{"line":25,"column":79}},"type":"cond-expr","locations":[{"start":{"line":25,"column":54},"end":{"line":25,"column":63}},{"start":{"line":25,"column":66},"end":{"line":25,"column":79}}]},"3":{"loc":{"start":{"line":31,"column":0},"end":{"line":44,"column":1}},"type":"if","locations":[{"start":{"line":31,"column":0},"end":{"line":44,"column":1}}]}},"s":{"0":7,"1":7,"2":7,"3":0,"4":0,"5":7,"6":7,"7":0,"8":0},"f":{"0":0},"b":{"0":[0,0],"1":[7,7],"2":[0,7],"3":[0]}}
}
