TN:
SF:src\index.ts
FN:97,(anonymous_1)
FN:110,(anonymous_2)
FN:119,(anonymous_3)
FN:209,(anonymous_4)
FN:229,(anonymous_5)
FN:233,(anonymous_6)
FN:275,(anonymous_7)
FN:281,(anonymous_8)
FN:291,(anonymous_9)
FN:331,(anonymous_10)
FNF:10
FNH:0
FNDA:0,(anonymous_1)
FNDA:0,(anonymous_2)
FNDA:0,(anonymous_3)
FNDA:0,(anonymous_4)
FNDA:0,(anonymous_5)
FNDA:0,(anonymous_6)
FNDA:0,(anonymous_7)
FNDA:0,(anonymous_8)
FNDA:0,(anonymous_9)
FNDA:0,(anonymous_10)
DA:1,7
DA:2,7
DA:3,7
DA:4,7
DA:5,7
DA:6,7
DA:7,7
DA:8,7
DA:10,7
DA:11,7
DA:12,7
DA:13,7
DA:14,7
DA:15,7
DA:16,7
DA:18,7
DA:19,7
DA:20,7
DA:21,7
DA:22,7
DA:23,7
DA:24,7
DA:25,7
DA:26,7
DA:27,7
DA:28,7
DA:29,7
DA:30,7
DA:31,7
DA:32,7
DA:33,7
DA:34,7
DA:35,7
DA:36,7
DA:37,7
DA:39,7
DA:40,7
DA:41,7
DA:42,7
DA:43,7
DA:44,7
DA:45,7
DA:46,7
DA:47,7
DA:48,7
DA:49,7
DA:50,7
DA:51,7
DA:52,7
DA:53,7
DA:54,7
DA:56,7
DA:57,7
DA:60,7
DA:63,7
DA:67,7
DA:71,7
DA:74,7
DA:81,7
DA:84,7
DA:93,7
DA:94,7
DA:97,7
DA:98,0
DA:99,0
DA:100,0
DA:104,7
DA:107,7
DA:110,7
DA:111,0
DA:119,7
DA:120,0
DA:121,0
DA:122,0
DA:125,0
DA:127,0
DA:129,0
DA:130,0
DA:131,0
DA:133,0
DA:135,0
DA:140,7
DA:143,7
DA:151,7
DA:152,7
DA:153,7
DA:154,7
DA:155,7
DA:156,7
DA:157,7
DA:158,7
DA:159,7
DA:160,7
DA:161,7
DA:162,7
DA:163,7
DA:164,7
DA:165,7
DA:166,7
DA:168,7
DA:176,7
DA:184,7
DA:192,7
DA:200,7
DA:209,7
DA:210,0
DA:219,7
DA:222,7
DA:225,7
DA:226,7
DA:229,7
DA:230,0
DA:233,0
DA:234,0
DA:237,0
DA:238,0
DA:240,0
DA:241,0
DA:243,0
DA:244,0
DA:246,0
DA:247,0
DA:249,0
DA:250,0
DA:252,0
DA:253,0
DA:255,0
DA:256,0
DA:258,0
DA:259,0
DA:261,0
DA:262,0
DA:264,0
DA:265,0
DA:267,0
DA:268,0
DA:272,0
DA:275,0
DA:276,0
DA:277,0
DA:281,0
DA:282,0
DA:283,0
DA:287,7
DA:288,7
DA:291,7
DA:292,0
DA:294,0
DA:295,0
DA:297,0
DA:298,0
DA:300,0
DA:301,0
DA:303,0
DA:304,0
DA:306,0
DA:307,0
DA:309,0
DA:310,0
DA:312,0
DA:313,0
DA:315,0
DA:316,0
DA:318,0
DA:319,0
DA:321,0
DA:322,0
DA:324,0
DA:325,0
DA:327,0
DA:328,0
DA:331,0
DA:332,0
DA:333,0
DA:336,0
DA:337,0
DA:341,7
DA:342,0
DA:345,7
LF:179
LH:101
BRDA:57,0,0,7
BRDA:57,0,1,0
BRDA:65,1,0,0
BRDA:65,1,1,7
BRDA:68,2,0,7
BRDA:68,2,1,0
BRDA:98,3,0,0
BRDA:98,3,1,0
BRDA:114,4,0,0
BRDA:114,4,1,0
BRDA:121,5,0,0
BRDA:237,6,0,0
BRDA:240,7,0,0
BRDA:243,8,0,0
BRDA:246,9,0,0
BRDA:249,10,0,0
BRDA:252,11,0,0
BRDA:255,12,0,0
BRDA:258,13,0,0
BRDA:261,14,0,0
BRDA:264,15,0,0
BRDA:267,16,0,0
BRDA:297,17,0,0
BRDA:300,18,0,0
BRDA:303,19,0,0
BRDA:306,20,0,0
BRDA:309,21,0,0
BRDA:312,22,0,0
BRDA:315,23,0,0
BRDA:318,24,0,0
BRDA:321,25,0,0
BRDA:324,26,0,0
BRDA:327,27,0,0
BRDA:333,28,0,0
BRDA:333,28,1,0
BRDA:341,29,0,0
BRF:36
BRH:3
end_of_record
TN:
SF:src\consumers\approvalsRequired.ts
FN:7,(anonymous_0)
FN:9,(anonymous_1)
FN:12,(anonymous_2)
FN:54,(anonymous_3)
FN:78,(anonymous_4)
FNF:5
FNH:0
FNDA:0,(anonymous_0)
FNDA:0,(anonymous_1)
FNDA:0,(anonymous_2)
FNDA:0,(anonymous_3)
FNDA:0,(anonymous_4)
DA:1,7
DA:2,7
DA:3,7
DA:5,7
DA:7,7
DA:9,7
DA:10,0
DA:12,0
DA:13,0
DA:16,0
DA:17,0
DA:19,0
DA:20,0
DA:23,0
DA:24,0
DA:26,0
DA:27,0
DA:29,0
DA:30,0
DA:31,0
DA:32,0
DA:34,0
DA:35,0
DA:36,0
DA:38,0
DA:39,0
DA:41,0
DA:54,0
DA:55,0
DA:56,0
DA:58,0
DA:76,0
DA:78,0
DA:79,0
LF:34
LH:6
BRDA:7,0,0,0
BRDA:7,0,1,0
BRDA:10,1,0,0
BRDA:10,1,1,0
BRDA:13,2,0,0
BRDA:24,3,0,0
BRDA:24,3,1,0
BRDA:26,4,0,0
BRDA:26,4,1,0
BRDA:26,5,0,0
BRDA:26,5,1,0
BRDA:27,6,0,0
BRDA:27,7,0,0
BRDA:27,7,1,0
BRDA:29,8,0,0
BRDA:29,8,1,0
BRDA:30,9,0,0
BRDA:30,9,1,0
BRDA:32,10,0,0
BRDA:32,11,0,0
BRDA:32,11,1,0
BRDA:35,12,0,0
BRDA:35,12,1,0
BRDA:36,13,0,0
BRDA:36,13,1,0
BRDA:38,14,0,0
BRDA:38,14,1,0
BRDA:38,15,0,0
BRDA:38,15,1,0
BRDA:39,16,0,0
BRDA:39,16,1,0
BRDA:39,17,0,0
BRDA:39,17,1,0
BRDA:42,18,0,0
BRDA:42,18,1,0
BRDA:51,19,0,0
BRDA:51,19,1,0
BRDA:56,20,0,0
BRDA:62,21,0,0
BRDA:62,21,1,0
BRF:40
BRH:0
end_of_record
TN:
SF:src\consumers\auditEvents.ts
FN:9,(anonymous_0)
FN:11,(anonymous_1)
FN:17,(anonymous_2)
FN:20,(anonymous_3)
FN:52,(anonymous_4)
FN:77,(anonymous_5)
FNF:6
FNH:0
FNDA:0,(anonymous_0)
FNDA:0,(anonymous_1)
FNDA:0,(anonymous_2)
FNDA:0,(anonymous_3)
FNDA:0,(anonymous_4)
FNDA:0,(anonymous_5)
DA:1,7
DA:2,7
DA:3,7
DA:4,7
DA:6,7
DA:7,7
DA:9,7
DA:11,7
DA:12,0
DA:13,0
DA:14,0
DA:17,7
DA:18,0
DA:20,0
DA:21,0
DA:24,0
DA:25,0
DA:27,0
DA:28,0
DA:31,0
DA:32,0
DA:34,0
DA:35,0
DA:37,0
DA:38,0
DA:39,0
DA:40,0
DA:41,0
DA:42,0
DA:44,0
DA:50,0
DA:52,0
DA:53,0
DA:54,0
DA:55,0
DA:75,0
DA:77,0
DA:78,0
LF:38
LH:9
BRDA:9,0,0,0
BRDA:9,0,1,0
BRDA:12,1,0,0
BRDA:13,2,0,0
BRDA:13,3,0,0
BRDA:13,3,1,0
BRDA:18,4,0,0
BRDA:18,4,1,0
BRDA:21,5,0,0
BRDA:32,6,0,0
BRDA:34,7,0,0
BRDA:34,7,1,0
BRDA:34,8,0,0
BRDA:34,8,1,0
BRDA:37,9,0,0
BRDA:37,9,1,0
BRDA:39,10,0,0
BRDA:39,10,1,0
BRDA:40,11,0,0
BRDA:40,11,1,0
BRDA:41,12,0,0
BRDA:41,12,1,0
BRDA:42,13,0,0
BRDA:42,13,1,0
BRDA:50,14,0,0
BRDA:50,14,1,0
BRDA:54,15,0,0
BRDA:66,16,0,0
BRDA:66,16,1,0
BRDA:67,17,0,0
BRDA:67,17,1,0
BRDA:68,18,0,0
BRDA:68,18,1,0
BRF:33
BRH:0
end_of_record
TN:
SF:src\consumers\automationActionRequested.ts
FN:7,(anonymous_0)
FN:9,resolveUsersByRole
FN:14,(anonymous_2)
FN:18,(anonymous_3)
FN:22,(anonymous_4)
FN:25,(anonymous_5)
FN:55,(anonymous_6)
FN:85,(anonymous_7)
FN:116,(anonymous_8)
FNF:9
FNH:0
FNDA:0,(anonymous_0)
FNDA:0,resolveUsersByRole
FNDA:0,(anonymous_2)
FNDA:0,(anonymous_3)
FNDA:0,(anonymous_4)
FNDA:0,(anonymous_5)
FNDA:0,(anonymous_6)
FNDA:0,(anonymous_7)
FNDA:0,(anonymous_8)
DA:1,7
DA:2,7
DA:3,7
DA:4,7
DA:6,7
DA:7,7
DA:10,0
DA:11,0
DA:12,0
DA:14,0
DA:15,0
DA:16,0
DA:17,0
DA:18,0
DA:22,7
DA:23,0
DA:25,0
DA:26,0
DA:29,0
DA:30,0
DA:32,0
DA:33,0
DA:36,0
DA:37,0
DA:38,0
DA:39,0
DA:40,0
DA:41,0
DA:42,0
DA:43,0
DA:44,0
DA:46,0
DA:48,0
DA:49,0
DA:51,0
DA:52,0
DA:53,0
DA:54,0
DA:55,0
DA:56,0
DA:67,0
DA:70,0
DA:71,0
DA:72,0
DA:73,0
DA:74,0
DA:76,0
DA:77,0
DA:78,0
DA:81,0
DA:85,0
DA:86,0
DA:87,0
DA:88,0
DA:110,0
DA:114,0
DA:116,0
DA:117,0
LF:58
LH:7
BRDA:7,0,0,0
BRDA:7,0,1,0
BRDA:10,1,0,0
BRDA:12,2,0,0
BRDA:16,3,0,0
BRDA:23,4,0,0
BRDA:23,4,1,0
BRDA:26,5,0,0
BRDA:37,6,0,0
BRDA:38,7,0,0
BRDA:38,7,1,0
BRDA:39,8,0,0
BRDA:39,8,1,0
BRDA:39,9,0,0
BRDA:39,9,1,0
BRDA:40,10,0,0
BRDA:40,10,1,0
BRDA:40,11,0,0
BRDA:40,11,1,0
BRDA:41,12,0,0
BRDA:41,12,1,0
BRDA:41,13,0,0
BRDA:41,13,1,0
BRDA:42,14,0,0
BRDA:42,14,1,0
BRDA:42,15,0,0
BRDA:42,15,1,0
BRDA:43,16,0,0
BRDA:43,16,1,0
BRDA:43,17,0,0
BRDA:43,17,1,0
BRDA:44,18,0,0
BRDA:44,18,1,0
BRDA:44,19,0,0
BRDA:44,19,1,0
BRDA:46,20,0,0
BRDA:46,21,0,0
BRDA:46,21,1,0
BRDA:46,21,2,0
BRDA:48,22,0,0
BRDA:48,22,1,0
BRDA:49,23,0,0
BRDA:51,24,0,0
BRDA:52,25,0,0
BRDA:52,25,1,0
BRDA:54,26,0,0
BRDA:54,26,1,0
BRDA:54,27,0,0
BRDA:54,27,1,0
BRDA:70,28,0,0
BRDA:70,29,0,0
BRDA:70,29,1,0
BRDA:71,30,0,0
BRDA:71,30,1,0
BRDA:71,31,0,0
BRDA:71,31,1,0
BRDA:72,32,0,0
BRDA:72,32,1,0
BRDA:73,33,0,0
BRDA:73,33,1,0
BRDA:74,34,0,0
BRDA:76,35,0,0
BRDA:76,35,1,0
BRDA:77,36,0,0
BRDA:77,36,1,0
BRDA:77,37,0,0
BRDA:77,37,1,0
BRDA:78,38,0,0
BRDA:78,38,1,0
BRDA:79,39,0,0
BRDA:79,39,1,0
BRDA:81,40,0,0
BRDA:81,40,1,0
BRDA:82,41,0,0
BRDA:82,41,1,0
BRDA:82,42,0,0
BRDA:82,42,1,0
BRDA:83,43,0,0
BRDA:83,43,1,0
BRDA:83,44,0,0
BRDA:83,44,1,0
BRDA:87,45,0,0
BRDA:92,46,0,0
BRDA:92,46,1,0
BRF:84
BRH:0
end_of_record
TN:
SF:src\consumers\automationActivationDecision.ts
FN:7,(anonymous_0)
FN:9,(anonymous_1)
FN:12,(anonymous_2)
FN:34,(anonymous_3)
FN:49,(anonymous_4)
FNF:5
FNH:0
FNDA:0,(anonymous_0)
FNDA:0,(anonymous_1)
FNDA:0,(anonymous_2)
FNDA:0,(anonymous_3)
FNDA:0,(anonymous_4)
DA:1,7
DA:2,7
DA:3,7
DA:4,7
DA:6,7
DA:7,7
DA:9,7
DA:10,0
DA:12,0
DA:13,0
DA:16,0
DA:17,0
DA:19,0
DA:20,0
DA:23,0
DA:24,0
DA:25,0
DA:26,0
DA:27,0
DA:28,0
DA:29,0
DA:30,0
DA:32,0
DA:34,0
DA:35,0
DA:36,0
DA:37,0
DA:38,0
DA:39,0
DA:40,0
DA:42,0
DA:43,0
DA:47,0
DA:49,0
DA:50,0
LF:35
LH:7
BRDA:7,0,0,0
BRDA:7,0,1,0
BRDA:10,1,0,0
BRDA:10,1,1,0
BRDA:13,2,0,0
BRDA:24,3,0,0
BRDA:25,4,0,0
BRDA:25,4,1,0
BRDA:26,5,0,0
BRDA:26,5,1,0
BRDA:26,6,0,0
BRDA:26,6,1,0
BRDA:27,7,0,0
BRDA:27,7,1,0
BRDA:28,8,0,0
BRDA:28,8,1,0
BRDA:28,9,0,0
BRDA:28,9,1,0
BRDA:29,10,0,0
BRDA:29,10,1,0
BRDA:29,11,0,0
BRDA:29,11,1,0
BRDA:30,12,0,0
BRDA:30,12,1,0
BRDA:30,13,0,0
BRDA:30,13,1,0
BRDA:32,14,0,0
BRDA:32,15,0,0
BRDA:32,15,1,0
BRDA:32,15,2,0
BRDA:32,15,3,0
BRDA:32,15,4,0
BRDA:36,16,0,0
BRDA:37,17,0,0
BRDA:37,17,1,0
BRDA:39,18,0,0
BRF:36
BRH:0
end_of_record
TN:
SF:src\consumers\automationExecuted.ts
FN:7,(anonymous_0)
FN:9,(anonymous_1)
FN:12,(anonymous_2)
FN:37,(anonymous_3)
FN:59,(anonymous_4)
FNF:5
FNH:0
FNDA:0,(anonymous_0)
FNDA:0,(anonymous_1)
FNDA:0,(anonymous_2)
FNDA:0,(anonymous_3)
FNDA:0,(anonymous_4)
DA:1,7
DA:2,7
DA:3,7
DA:4,7
DA:6,7
DA:7,7
DA:9,7
DA:10,0
DA:12,0
DA:13,0
DA:16,0
DA:17,0
DA:19,0
DA:20,0
DA:23,0
DA:24,0
DA:25,0
DA:27,0
DA:28,0
DA:29,0
DA:30,0
DA:31,0
DA:32,0
DA:33,0
DA:35,0
DA:37,0
DA:38,0
DA:39,0
DA:40,0
DA:54,0
DA:57,0
DA:59,0
DA:60,0
LF:33
LH:7
BRDA:7,0,0,0
BRDA:7,0,1,0
BRDA:10,1,0,0
BRDA:10,1,1,0
BRDA:13,2,0,0
BRDA:24,3,0,0
BRDA:25,4,0,0
BRDA:25,4,1,0
BRDA:27,5,0,0
BRDA:27,5,1,0
BRDA:27,6,0,0
BRDA:27,6,1,0
BRDA:28,7,0,0
BRDA:28,7,1,0
BRDA:28,8,0,0
BRDA:28,8,1,0
BRDA:29,9,0,0
BRDA:29,9,1,0
BRDA:29,10,0,0
BRDA:29,10,1,0
BRDA:30,11,0,0
BRDA:30,11,1,0
BRDA:30,12,0,0
BRDA:30,12,1,0
BRDA:31,13,0,0
BRDA:31,13,1,0
BRDA:32,14,0,0
BRDA:32,14,1,0
BRDA:32,14,2,0
BRDA:33,15,0,0
BRDA:33,15,1,0
BRDA:35,16,0,0
BRDA:35,17,0,0
BRDA:35,17,1,0
BRDA:35,17,2,0
BRDA:39,18,0,0
BRF:36
BRH:0
end_of_record
TN:
SF:src\consumers\automationSimulationResult.ts
FN:7,(anonymous_0)
FN:9,(anonymous_1)
FN:12,(anonymous_2)
FN:38,(anonymous_3)
FN:66,(anonymous_4)
FNF:5
FNH:0
FNDA:0,(anonymous_0)
FNDA:0,(anonymous_1)
FNDA:0,(anonymous_2)
FNDA:0,(anonymous_3)
FNDA:0,(anonymous_4)
DA:1,7
DA:2,7
DA:3,7
DA:4,7
DA:6,7
DA:7,7
DA:9,7
DA:10,0
DA:12,0
DA:13,0
DA:16,0
DA:17,0
DA:19,0
DA:20,0
DA:23,0
DA:24,0
DA:25,0
DA:27,0
DA:28,0
DA:29,0
DA:30,0
DA:31,0
DA:32,0
DA:33,0
DA:34,0
DA:36,0
DA:38,0
DA:39,0
DA:40,0
DA:41,0
DA:43,0
DA:55,0
DA:61,0
DA:64,0
DA:66,0
DA:67,0
LF:36
LH:7
BRDA:7,0,0,0
BRDA:7,0,1,0
BRDA:10,1,0,0
BRDA:10,1,1,0
BRDA:13,2,0,0
BRDA:24,3,0,0
BRDA:25,4,0,0
BRDA:25,4,1,0
BRDA:27,5,0,0
BRDA:27,5,1,0
BRDA:27,6,0,0
BRDA:27,6,1,0
BRDA:28,7,0,0
BRDA:28,7,1,0
BRDA:28,8,0,0
BRDA:28,8,1,0
BRDA:29,9,0,0
BRDA:29,9,1,0
BRDA:29,10,0,0
BRDA:29,10,1,0
BRDA:30,11,0,0
BRDA:30,11,1,0
BRDA:30,12,0,0
BRDA:30,12,1,0
BRDA:31,13,0,0
BRDA:31,13,1,0
BRDA:31,14,0,0
BRDA:31,14,1,0
BRDA:32,15,0,0
BRDA:32,15,1,0
BRDA:32,16,0,0
BRDA:32,16,1,0
BRDA:33,17,0,0
BRDA:33,17,1,0
BRDA:36,18,0,0
BRDA:36,19,0,0
BRDA:36,19,1,0
BRDA:36,19,2,0
BRDA:40,20,0,0
BRDA:49,21,0,0
BRDA:49,21,1,0
BRDA:50,22,0,0
BRDA:50,22,1,0
BRDA:61,23,0,0
BRF:44
BRH:0
end_of_record
TN:
SF:src\consumers\cacheInvalidation.ts
FN:7,(anonymous_0)
FN:9,(anonymous_1)
FN:15,(anonymous_2)
FN:73,(anonymous_3)
FNF:4
FNH:0
FNDA:0,(anonymous_0)
FNDA:0,(anonymous_1)
FNDA:0,(anonymous_2)
FNDA:0,(anonymous_3)
DA:1,7
DA:2,7
DA:3,7
DA:4,7
DA:6,7
DA:7,7
DA:9,7
DA:10,0
DA:12,0
DA:16,0
DA:19,0
DA:20,0
DA:22,0
DA:23,0
DA:26,0
DA:27,0
DA:29,0
DA:30,0
DA:31,0
DA:32,0
DA:35,0
DA:36,0
DA:37,0
DA:38,0
DA:41,0
DA:43,0
DA:44,0
DA:45,0
DA:47,0
DA:48,0
DA:49,0
DA:50,0
DA:53,0
DA:54,0
DA:55,0
DA:56,0
DA:57,0
DA:58,0
DA:61,0
DA:62,0
DA:63,0
DA:64,0
DA:65,0
DA:66,0
DA:71,0
DA:73,0
DA:74,0
LF:47
LH:7
BRDA:7,0,0,0
BRDA:7,0,1,0
BRDA:10,1,0,0
BRDA:10,1,1,0
BRDA:16,2,0,0
BRDA:27,3,0,0
BRDA:29,4,0,0
BRDA:35,5,0,0
BRDA:41,6,0,0
BRDA:43,7,0,0
BRDA:43,7,1,0
BRDA:44,8,0,0
BRDA:44,8,1,0
BRDA:45,9,0,0
BRDA:47,10,0,0
BRDA:53,11,0,0
BRDA:54,12,0,0
BRDA:54,12,1,0
BRDA:55,13,0,0
BRDA:61,14,0,0
BRDA:61,15,0,0
BRDA:61,15,1,0
BRDA:62,16,0,0
BRDA:62,16,1,0
BRDA:63,17,0,0
BRF:25
BRH:0
end_of_record
TN:
SF:src\consumers\journeyUpdated.ts
FN:7,(anonymous_0)
FN:9,(anonymous_1)
FN:12,(anonymous_2)
FN:41,(anonymous_3)
FN:78,(anonymous_4)
FNF:5
FNH:0
FNDA:0,(anonymous_0)
FNDA:0,(anonymous_1)
FNDA:0,(anonymous_2)
FNDA:0,(anonymous_3)
FNDA:0,(anonymous_4)
DA:1,7
DA:2,7
DA:3,7
DA:4,7
DA:6,7
DA:7,7
DA:9,7
DA:10,0
DA:12,0
DA:13,0
DA:16,0
DA:17,0
DA:19,0
DA:20,0
DA:23,0
DA:24,0
DA:25,0
DA:27,0
DA:28,0
DA:29,0
DA:30,0
DA:31,0
DA:32,0
DA:33,0
DA:34,0
DA:36,0
DA:38,0
DA:39,0
DA:41,0
DA:42,0
DA:43,0
DA:53,0
DA:71,0
DA:72,0
DA:76,0
DA:78,0
DA:79,0
LF:37
LH:7
BRDA:7,0,0,0
BRDA:7,0,1,0
BRDA:10,1,0,0
BRDA:10,1,1,0
BRDA:13,2,0,0
BRDA:24,3,0,0
BRDA:25,4,0,0
BRDA:25,4,1,0
BRDA:27,5,0,0
BRDA:27,5,1,0
BRDA:27,6,0,0
BRDA:27,6,1,0
BRDA:28,7,0,0
BRDA:28,7,1,0
BRDA:29,8,0,0
BRDA:29,8,1,0
BRDA:30,9,0,0
BRDA:30,9,1,0
BRDA:30,10,0,0
BRDA:30,10,1,0
BRDA:31,11,0,0
BRDA:31,11,1,0
BRDA:31,12,0,0
BRDA:31,12,1,0
BRDA:32,13,0,0
BRDA:32,13,1,0
BRDA:33,14,0,0
BRDA:33,14,1,0
BRDA:33,15,0,0
BRDA:33,15,1,0
BRDA:34,16,0,0
BRDA:34,16,1,0
BRDA:36,17,0,0
BRDA:36,18,0,0
BRDA:36,18,1,0
BRDA:36,18,2,0
BRDA:36,18,3,0
BRDA:39,19,0,0
BRDA:39,19,1,0
BRDA:72,20,0,0
BRDA:72,21,0,0
BRDA:72,21,1,0
BRF:42
BRH:0
end_of_record
TN:
SF:src\consumers\knowledgeDraftCreated.ts
FN:6,(anonymous_0)
FN:8,(anonymous_1)
FN:11,(anonymous_2)
FN:32,(anonymous_3)
FNF:4
FNH:0
FNDA:0,(anonymous_0)
FNDA:0,(anonymous_1)
FNDA:0,(anonymous_2)
FNDA:0,(anonymous_3)
DA:1,7
DA:2,7
DA:3,7
DA:5,7
DA:6,7
DA:8,7
DA:9,0
DA:11,0
DA:12,0
DA:15,0
DA:16,0
DA:18,0
DA:19,0
DA:22,0
DA:23,0
DA:24,0
DA:25,0
DA:26,0
DA:27,0
DA:30,0
DA:32,0
DA:33,0
LF:22
LH:6
BRDA:6,0,0,0
BRDA:6,0,1,0
BRDA:9,1,0,0
BRDA:9,1,1,0
BRDA:12,2,0,0
BRDA:23,3,0,0
BRDA:24,4,0,0
BRDA:24,4,1,0
BRDA:25,5,0,0
BRDA:25,5,1,0
BRDA:25,6,0,0
BRDA:25,6,1,0
BRDA:26,7,0,0
BRDA:26,7,1,0
BRF:14
BRH:0
end_of_record
TN:
SF:src\consumers\predictionGenerated.ts
FN:7,(anonymous_0)
FN:9,(anonymous_1)
FN:12,(anonymous_2)
FN:42,(anonymous_3)
FN:65,(anonymous_4)
FNF:5
FNH:0
FNDA:0,(anonymous_0)
FNDA:0,(anonymous_1)
FNDA:0,(anonymous_2)
FNDA:0,(anonymous_3)
FNDA:0,(anonymous_4)
DA:1,7
DA:2,7
DA:3,7
DA:4,7
DA:6,7
DA:7,7
DA:9,7
DA:10,0
DA:12,0
DA:13,0
DA:16,0
DA:17,0
DA:19,0
DA:20,0
DA:23,0
DA:24,0
DA:25,0
DA:27,0
DA:28,0
DA:29,0
DA:30,0
DA:31,0
DA:32,0
DA:33,0
DA:34,0
DA:35,0
DA:37,0
DA:39,0
DA:40,0
DA:42,0
DA:43,0
DA:59,0
DA:60,0
DA:63,0
DA:65,0
DA:66,0
LF:36
LH:7
BRDA:7,0,0,0
BRDA:7,0,1,0
BRDA:10,1,0,0
BRDA:10,1,1,0
BRDA:13,2,0,0
BRDA:24,3,0,0
BRDA:25,4,0,0
BRDA:25,4,1,0
BRDA:27,5,0,0
BRDA:27,5,1,0
BRDA:27,6,0,0
BRDA:27,6,1,0
BRDA:28,7,0,0
BRDA:28,7,1,0
BRDA:28,8,0,0
BRDA:28,8,1,0
BRDA:29,9,0,0
BRDA:29,9,1,0
BRDA:29,10,0,0
BRDA:29,10,1,0
BRDA:30,11,0,0
BRDA:30,11,1,0
BRDA:31,12,0,0
BRDA:31,12,1,0
BRDA:31,13,0,0
BRDA:31,13,1,0
BRDA:32,14,0,0
BRDA:32,14,1,0
BRDA:33,15,0,0
BRDA:33,15,1,0
BRDA:33,16,0,0
BRDA:33,16,1,0
BRDA:34,17,0,0
BRDA:34,17,1,0
BRDA:34,18,0,0
BRDA:34,18,1,0
BRDA:35,19,0,0
BRDA:35,19,1,0
BRDA:37,20,0,0
BRDA:37,21,0,0
BRDA:37,21,1,0
BRDA:37,21,2,0
BRDA:37,21,3,0
BRDA:37,21,4,0
BRDA:37,21,5,0
BRDA:39,22,0,0
BRDA:39,22,1,0
BRDA:40,23,0,0
BRDA:40,23,1,0
BRF:49
BRH:0
end_of_record
TN:
SF:src\consumers\productivityActionSuggested.ts
FN:7,(anonymous_0)
FN:9,(anonymous_1)
FN:12,(anonymous_2)
FN:42,(anonymous_3)
FN:72,(anonymous_4)
FNF:5
FNH:0
FNDA:0,(anonymous_0)
FNDA:0,(anonymous_1)
FNDA:0,(anonymous_2)
FNDA:0,(anonymous_3)
FNDA:0,(anonymous_4)
DA:1,7
DA:2,7
DA:3,7
DA:4,7
DA:6,7
DA:7,7
DA:9,7
DA:10,0
DA:12,0
DA:13,0
DA:16,0
DA:17,0
DA:19,0
DA:20,0
DA:23,0
DA:24,0
DA:25,0
DA:27,0
DA:28,0
DA:29,0
DA:30,0
DA:31,0
DA:32,0
DA:33,0
DA:34,0
DA:35,0
DA:36,0
DA:37,0
DA:39,0
DA:40,0
DA:42,0
DA:43,0
DA:47,0
DA:49,0
DA:67,0
DA:70,0
DA:72,0
DA:73,0
LF:38
LH:7
BRDA:7,0,0,0
BRDA:7,0,1,0
BRDA:10,1,0,0
BRDA:10,1,1,0
BRDA:13,2,0,0
BRDA:24,3,0,0
BRDA:25,4,0,0
BRDA:25,4,1,0
BRDA:27,5,0,0
BRDA:27,5,1,0
BRDA:27,6,0,0
BRDA:27,6,1,0
BRDA:28,7,0,0
BRDA:28,7,1,0
BRDA:28,8,0,0
BRDA:28,8,1,0
BRDA:29,9,0,0
BRDA:29,9,1,0
BRDA:29,10,0,0
BRDA:29,10,1,0
BRDA:30,11,0,0
BRDA:30,11,1,0
BRDA:30,12,0,0
BRDA:30,12,1,0
BRDA:31,13,0,0
BRDA:31,13,1,0
BRDA:31,14,0,0
BRDA:31,14,1,0
BRDA:32,15,0,0
BRDA:32,15,1,0
BRDA:33,16,0,0
BRDA:33,16,1,0
BRDA:34,17,0,0
BRDA:34,17,1,0
BRDA:34,18,0,0
BRDA:34,18,1,0
BRDA:35,19,0,0
BRDA:35,19,1,0
BRDA:35,20,0,0
BRDA:35,20,1,0
BRDA:36,21,0,0
BRDA:36,21,1,0
BRDA:36,22,0,0
BRDA:36,22,1,0
BRDA:37,23,0,0
BRDA:37,23,1,0
BRDA:37,24,0,0
BRDA:37,24,1,0
BRDA:39,25,0,0
BRDA:39,26,0,0
BRDA:39,26,1,0
BRDA:39,26,2,0
BRDA:39,26,3,0
BRDA:39,26,4,0
BRDA:39,26,5,0
BRDA:40,27,0,0
BRDA:47,28,0,0
BRF:57
BRH:0
end_of_record
TN:
SF:src\middleware\audit.ts
FN:6,(anonymous_0)
FN:16,(anonymous_1)
FN:48,(anonymous_2)
FN:66,extractResourceType
FN:68,(anonymous_4)
FN:72,extractResourceId
FN:74,(anonymous_6)
FN:82,sanitizeBody
FNF:8
FNH:0
FNDA:0,(anonymous_0)
FNDA:0,(anonymous_1)
FNDA:0,(anonymous_2)
FNDA:0,extractResourceType
FNDA:0,(anonymous_4)
FNDA:0,extractResourceId
FNDA:0,(anonymous_6)
FNDA:0,sanitizeBody
DA:3,7
DA:4,7
DA:6,7
DA:12,0
DA:13,0
DA:16,0
DA:18,0
DA:21,0
DA:24,0
DA:25,0
DA:42,0
DA:49,0
DA:52,0
DA:60,0
DA:63,0
DA:67,0
DA:68,0
DA:69,0
DA:73,0
DA:74,0
DA:75,0
DA:76,0
DA:77,0
DA:79,0
DA:83,0
DA:86,0
DA:87,0
DA:89,0
DA:90,0
DA:91,0
DA:95,0
LF:31
LH:3
BRDA:24,0,0,0
BRDA:45,1,0,0
BRDA:45,1,1,0
BRDA:69,2,0,0
BRDA:69,2,1,0
BRDA:76,3,0,0
BRDA:76,4,0,0
BRDA:76,4,1,0
BRDA:83,5,0,0
BRDA:90,6,0,0
BRF:10
BRH:0
end_of_record
TN:
SF:src\middleware\auth.ts
FN:24,(anonymous_1)
FN:86,(anonymous_2)
FN:92,(anonymous_3)
FN:102,(anonymous_4)
FNF:4
FNH:0
FNDA:0,(anonymous_1)
FNDA:0,(anonymous_2)
FNDA:0,(anonymous_3)
FNDA:0,(anonymous_4)
DA:2,7
DA:3,7
DA:4,7
DA:5,7
DA:22,7
DA:24,7
DA:29,0
DA:31,0
DA:33,0
DA:34,0
DA:37,0
DA:40,0
DA:41,0
DA:42,0
DA:43,0
DA:46,0
DA:50,0
DA:51,0
DA:54,0
DA:55,0
DA:59,0
DA:60,0
DA:63,0
DA:64,0
DA:65,0
DA:67,0
DA:73,0
DA:75,0
DA:76,0
DA:77,0
DA:78,0
DA:80,0
DA:86,7
DA:87,0
DA:88,0
DA:92,7
DA:93,0
DA:94,0
DA:102,7
DA:103,0
DA:105,0
DA:106,0
DA:109,0
LF:43
LH:9
BRDA:22,0,0,7
BRDA:22,0,1,7
BRDA:33,1,0,0
BRDA:33,2,0,0
BRDA:33,2,1,0
BRDA:42,3,0,0
BRDA:51,4,0,0
BRDA:51,4,1,0
BRDA:54,5,0,0
BRDA:54,6,0,0
BRDA:54,6,1,0
BRDA:65,7,0,0
BRDA:65,7,1,0
BRDA:70,8,0,0
BRDA:70,8,1,0
BRDA:75,9,0,0
BRDA:75,9,1,0
BRDA:77,10,0,0
BRDA:77,10,1,0
BRDA:87,11,0,0
BRDA:87,11,1,0
BRDA:93,12,0,0
BRDA:93,12,1,0
BRDA:105,13,0,0
BRF:24
BRH:2
end_of_record
TN:
SF:src\middleware\errorHandler.ts
FN:10,(anonymous_0)
FN:49,(anonymous_1)
FN:62,(anonymous_2)
FN:65,(anonymous_3)
FN:68,(anonymous_4)
FN:71,(anonymous_5)
FN:74,(anonymous_6)
FN:77,(anonymous_7)
FN:80,(anonymous_8)
FNF:9
FNH:0
FNDA:0,(anonymous_0)
FNDA:0,(anonymous_1)
FNDA:0,(anonymous_2)
FNDA:0,(anonymous_3)
FNDA:0,(anonymous_4)
FNDA:0,(anonymous_5)
FNDA:0,(anonymous_6)
FNDA:0,(anonymous_7)
FNDA:0,(anonymous_8)
DA:2,7
DA:10,7
DA:16,0
DA:19,0
DA:30,0
DA:33,0
DA:38,0
DA:49,7
DA:55,0
DA:56,0
DA:57,0
DA:58,0
DA:59,0
DA:62,7
DA:63,0
DA:65,7
DA:66,0
DA:68,7
DA:69,0
DA:71,7
DA:72,0
DA:74,7
DA:75,0
DA:77,7
DA:78,0
DA:80,7
DA:81,0
LF:27
LH:10
BRDA:30,0,0,0
BRDA:30,0,1,0
BRDA:33,1,0,0
BRDA:33,1,1,0
BRDA:33,2,0,0
BRDA:33,2,1,0
BRDA:40,3,0,0
BRDA:40,3,1,0
BRDA:42,4,0,0
BRDA:42,4,1,0
BRDA:65,5,0,0
BRDA:68,6,0,0
BRDA:71,7,0,0
BRDA:77,8,0,0
BRDA:80,9,0,0
BRF:15
BRH:0
end_of_record
TN:
SF:src\middleware\opa.ts
FN:37,(anonymous_1)
FN:45,(anonymous_2)
FN:175,queryOpa
FN:195,(anonymous_4)
FN:208,queryOpaPolicy
FN:229,buildAction
FN:243,extractResourceType
FN:246,(anonymous_8)
FN:255,extractResourceId
FN:258,(anonymous_10)
FNF:10
FNH:0
FNDA:0,(anonymous_1)
FNDA:0,(anonymous_2)
FNDA:0,queryOpa
FNDA:0,(anonymous_4)
FNDA:0,queryOpaPolicy
FNDA:0,buildAction
FNDA:0,extractResourceType
FNDA:0,(anonymous_8)
FNDA:0,extractResourceId
FNDA:0,(anonymous_10)
DA:2,7
DA:4,7
DA:5,7
DA:6,7
DA:7,7
DA:8,7
DA:10,7
DA:11,7
DA:12,7
DA:37,7
DA:42,0
DA:44,0
DA:45,0
DA:46,0
DA:49,0
DA:50,0
DA:51,0
DA:52,0
DA:54,0
DA:55,0
DA:57,0
DA:61,0
DA:64,0
DA:65,0
DA:82,0
DA:84,0
DA:85,0
DA:86,0
DA:87,0
DA:88,0
DA:94,0
DA:95,0
DA:104,0
DA:105,0
DA:106,0
DA:107,0
DA:108,0
DA:109,0
DA:111,0
DA:113,0
DA:117,0
DA:118,0
DA:119,0
DA:121,0
DA:122,0
DA:123,0
DA:128,0
DA:132,0
DA:134,0
DA:137,0
DA:138,0
DA:139,0
DA:140,0
DA:146,0
DA:147,0
DA:156,0
DA:158,0
DA:162,0
DA:165,0
DA:166,0
DA:167,0
DA:168,0
DA:170,0
DA:176,0
DA:178,0
DA:185,0
DA:193,0
DA:195,0
DA:197,0
DA:203,0
DA:204,0
DA:209,0
DA:210,0
DA:219,0
DA:221,0
DA:222,0
DA:223,0
DA:225,0
DA:230,0
DA:232,0
DA:240,0
DA:245,0
DA:246,0
DA:248,0
DA:249,0
DA:252,0
DA:257,0
DA:258,0
DA:260,0
DA:261,0
DA:263,0
DA:264,0
DA:268,0
DA:272,7
LF:94
LH:11
BRDA:10,0,0,7
BRDA:10,0,1,7
BRDA:12,1,0,7
BRDA:12,1,1,7
BRDA:45,2,0,0
BRDA:49,3,0,0
BRDA:50,4,0,0
BRDA:50,4,1,0
BRDA:50,4,2,0
BRDA:51,5,0,0
BRDA:51,5,1,0
BRDA:52,6,0,0
BRDA:52,6,1,0
BRDA:52,6,2,0
BRDA:54,7,0,0
BRDA:54,8,0,0
BRDA:54,8,1,0
BRDA:54,8,2,0
BRDA:64,9,0,0
BRDA:64,9,1,0
BRDA:64,9,2,0
BRDA:68,10,0,0
BRDA:68,10,1,0
BRDA:69,11,0,0
BRDA:69,11,1,0
BRDA:84,12,0,0
BRDA:84,12,1,0
BRDA:84,12,2,0
BRDA:84,12,3,0
BRDA:85,13,0,0
BRDA:102,14,0,0
BRDA:102,14,1,0
BRDA:102,15,0,0
BRDA:102,15,1,0
BRDA:105,16,0,0
BRDA:107,17,0,0
BRDA:107,18,0,0
BRDA:107,18,1,0
BRDA:108,19,0,0
BRDA:121,20,0,0
BRDA:122,21,0,0
BRDA:122,21,1,0
BRDA:132,22,0,0
BRDA:137,23,0,0
BRDA:154,24,0,0
BRDA:154,24,1,0
BRDA:154,25,0,0
BRDA:154,25,1,0
BRDA:165,26,0,0
BRDA:165,26,1,0
BRDA:165,27,0,0
BRDA:165,27,1,0
BRDA:186,28,0,0
BRDA:186,28,1,0
BRDA:187,29,0,0
BRDA:187,29,1,0
BRDA:188,30,0,0
BRDA:188,30,1,0
BRDA:193,31,0,0
BRDA:193,31,1,0
BRDA:193,31,2,0
BRDA:193,31,3,0
BRDA:193,31,4,0
BRDA:198,32,0,0
BRDA:198,32,1,0
BRDA:199,33,0,0
BRDA:199,33,1,0
BRDA:200,34,0,0
BRDA:200,34,1,0
BRDA:200,34,2,0
BRDA:219,35,0,0
BRDA:219,35,1,0
BRDA:221,36,0,0
BRDA:221,37,0,0
BRDA:221,37,1,0
BRDA:240,38,0,0
BRDA:240,38,1,0
BRDA:248,39,0,0
BRDA:248,40,0,0
BRDA:248,40,1,0
BRDA:260,41,0,0
BRDA:260,42,0,0
BRDA:260,42,1,0
BRDA:263,43,0,0
BRF:84
BRH:4
end_of_record
TN:
SF:src\middleware\requestLogger.ts
FN:4,(anonymous_0)
FN:22,(anonymous_1)
FNF:2
FNH:0
FNDA:0,(anonymous_0)
FNDA:0,(anonymous_1)
DA:2,7
DA:4,7
DA:9,0
DA:12,0
DA:22,0
DA:23,0
DA:25,0
DA:28,0
DA:37,0
LF:9
LH:2
BRDA:25,0,0,0
BRDA:25,0,1,0
BRDA:26,1,0,0
BRDA:26,1,1,0
BRF:4
BRH:0
end_of_record
TN:
SF:src\middleware\tenant.ts
FN:6,(anonymous_0)
FN:52,(anonymous_1)
FNF:2
FNH:0
FNDA:0,(anonymous_0)
FNDA:0,(anonymous_1)
DA:3,7
DA:4,7
DA:6,7
DA:11,0
DA:13,0
DA:16,0
DA:18,0
DA:19,0
DA:23,0
DA:24,0
DA:25,0
DA:28,0
DA:34,0
DA:36,0
DA:40,0
DA:41,0
DA:43,0
DA:45,0
DA:47,0
DA:52,7
DA:56,0
LF:21
LH:4
BRDA:18,0,0,0
BRDA:23,1,0,0
BRDA:23,1,1,0
BRDA:23,2,0,0
BRDA:23,2,1,0
BRDA:24,3,0,0
BRF:6
BRH:0
end_of_record
TN:
SF:src\routes\agents.ts
FN:10,(anonymous_0)
FN:12,(anonymous_1)
FN:26,(anonymous_2)
FN:28,(anonymous_3)
FN:44,(anonymous_4)
FN:59,(anonymous_5)
FN:85,(anonymous_6)
FN:87,(anonymous_7)
FN:113,(anonymous_8)
FN:128,(anonymous_9)
FN:151,(anonymous_10)
FN:153,(anonymous_11)
FNF:12
FNH:0
FNDA:0,(anonymous_0)
FNDA:0,(anonymous_1)
FNDA:0,(anonymous_2)
FNDA:0,(anonymous_3)
FNDA:0,(anonymous_4)
FNDA:0,(anonymous_5)
FNDA:0,(anonymous_6)
FNDA:0,(anonymous_7)
FNDA:0,(anonymous_8)
FNDA:0,(anonymous_9)
FNDA:0,(anonymous_10)
FNDA:0,(anonymous_11)
DA:1,7
DA:2,7
DA:3,7
DA:5,7
DA:7,7
DA:10,7
DA:11,0
DA:12,0
DA:13,0
DA:19,0
DA:21,0
DA:26,7
DA:27,0
DA:28,0
DA:29,0
DA:34,0
DA:35,0
DA:37,0
DA:42,7
DA:45,0
DA:46,0
DA:47,0
DA:48,0
DA:50,0
DA:55,0
DA:56,0
DA:59,0
DA:60,0
DA:74,0
DA:79,0
DA:85,7
DA:86,0
DA:87,0
DA:88,0
DA:103,0
DA:104,0
DA:106,0
DA:111,7
DA:114,0
DA:115,0
DA:116,0
DA:117,0
DA:119,0
DA:124,0
DA:125,0
DA:128,0
DA:129,0
DA:140,0
DA:145,0
DA:151,7
DA:152,0
DA:153,0
DA:154,0
DA:166,0
DA:168,0
DA:185,0
DA:189,7
LF:57
LH:12
BRDA:34,0,0,0
BRDA:46,1,0,0
BRDA:46,1,1,0
BRDA:47,2,0,0
BRDA:47,2,1,0
BRDA:55,3,0,0
BRDA:103,4,0,0
BRDA:115,5,0,0
BRDA:115,5,1,0
BRDA:116,6,0,0
BRDA:116,6,1,0
BRDA:124,7,0,0
BRDA:166,8,0,0
BRF:13
BRH:0
end_of_record
TN:
SF:src\routes\aggregates.ts
FN:9,(anonymous_1)
FNF:1
FNH:0
FNDA:0,(anonymous_1)
DA:1,7
DA:2,7
DA:5,7
DA:7,7
DA:9,7
DA:10,0
DA:11,0
DA:18,0
DA:20,0
DA:24,7
LF:10
LH:6
BRDA:7,0,0,7
BRDA:7,0,1,7
BRF:2
BRH:2
end_of_record
TN:
SF:src\routes\approvals.ts
FN:18,(anonymous_0)
FN:33,(anonymous_1)
FN:56,(anonymous_2)
FN:58,(anonymous_3)
FN:81,(anonymous_4)
FN:91,(anonymous_5)
FN:140,(anonymous_6)
FN:145,(anonymous_7)
FN:224,(anonymous_8)
FN:226,(anonymous_9)
FNF:10
FNH:0
FNDA:0,(anonymous_0)
FNDA:0,(anonymous_1)
FNDA:0,(anonymous_2)
FNDA:0,(anonymous_3)
FNDA:0,(anonymous_4)
FNDA:0,(anonymous_5)
FNDA:0,(anonymous_6)
FNDA:0,(anonymous_7)
FNDA:0,(anonymous_8)
FNDA:0,(anonymous_9)
DA:1,7
DA:2,7
DA:3,7
DA:4,7
DA:5,7
DA:6,7
DA:8,7
DA:9,7
DA:10,7
DA:11,7
DA:13,7
DA:16,7
DA:19,0
DA:20,0
DA:21,0
DA:22,0
DA:24,0
DA:27,0
DA:28,0
DA:30,0
DA:33,0
DA:34,0
DA:45,0
DA:50,0
DA:56,7
DA:57,0
DA:58,0
DA:59,0
DA:67,0
DA:68,0
DA:70,0
DA:75,7
DA:82,0
DA:83,0
DA:84,0
DA:87,0
DA:88,0
DA:90,0
DA:91,0
DA:92,0
DA:110,0
DA:123,0
DA:129,0
DA:131,0
DA:137,7
DA:141,0
DA:142,0
DA:143,0
DA:145,0
DA:146,0
DA:150,0
DA:152,0
DA:153,0
DA:156,0
DA:157,0
DA:161,0
DA:164,0
DA:174,0
DA:178,0
DA:194,0
DA:195,0
DA:198,0
DA:199,0
DA:209,0
DA:216,0
DA:218,0
DA:224,7
DA:225,0
DA:226,0
DA:227,0
DA:231,0
DA:233,0
DA:234,0
DA:237,0
DA:238,0
DA:241,0
DA:247,0
DA:249,0
DA:253,7
LF:79
LH:17
BRDA:20,0,0,0
BRDA:20,0,1,0
BRDA:21,1,0,0
BRDA:21,1,1,0
BRDA:27,2,0,0
BRDA:27,2,1,0
BRDA:67,3,0,0
BRDA:84,4,0,0
BRDA:88,5,0,0
BRDA:88,5,1,0
BRDA:143,6,0,0
BRDA:150,7,0,0
BRDA:152,8,0,0
BRDA:156,9,0,0
BRDA:156,10,0,0
BRDA:156,10,1,0
BRDA:198,11,0,0
BRDA:231,12,0,0
BRDA:233,13,0,0
BRDA:233,14,0,0
BRDA:233,14,1,0
BRDA:237,15,0,0
BRF:22
BRH:0
end_of_record
TN:
SF:src\routes\audit.ts
FN:14,requireAuditRole
FN:30,(anonymous_8)
FN:97,(anonymous_9)
FN:105,(anonymous_10)
FN:106,(anonymous_11)
FN:120,(anonymous_12)
FN:149,(anonymous_13)
FNF:7
FNH:0
FNDA:0,requireAuditRole
FNDA:0,(anonymous_8)
FNDA:0,(anonymous_9)
FNDA:0,(anonymous_10)
FNDA:0,(anonymous_11)
FNDA:0,(anonymous_12)
FNDA:0,(anonymous_13)
DA:1,7
DA:2,7
DA:3,7
DA:4,7
DA:6,7
DA:7,7
DA:8,7
DA:10,7
DA:12,7
DA:15,0
DA:16,0
DA:17,0
DA:21,7
DA:31,0
DA:32,0
DA:34,0
DA:35,0
DA:37,0
DA:39,0
DA:63,0
DA:86,0
DA:87,0
DA:89,0
DA:94,7
DA:98,0
DA:99,0
DA:100,0
DA:101,0
DA:103,0
DA:105,0
DA:106,0
DA:107,0
DA:108,0
DA:109,0
DA:110,0
DA:111,0
DA:112,0
DA:113,0
DA:119,0
DA:120,0
DA:121,0
DA:122,0
DA:123,0
DA:124,0
DA:125,0
DA:126,0
DA:127,0
DA:128,0
DA:132,0
DA:134,0
DA:135,0
DA:149,0
DA:151,0
DA:156,7
LF:54
LH:12
BRDA:12,0,0,7
BRDA:12,0,1,7
BRDA:15,1,0,0
BRDA:15,1,1,0
BRDA:16,2,0,0
BRDA:16,3,0,0
BRDA:16,3,1,0
BRDA:16,3,2,0
BRDA:35,4,0,0
BRDA:37,5,0,0
BRDA:37,5,1,0
BRDA:56,6,0,0
BRDA:56,6,1,0
BRDA:58,7,0,0
BRDA:58,7,1,0
BRDA:75,8,0,0
BRDA:75,8,1,0
BRDA:76,9,0,0
BRDA:76,9,1,0
BRDA:77,10,0,0
BRDA:77,10,1,0
BRDA:78,11,0,0
BRDA:78,11,1,0
BRDA:79,12,0,0
BRDA:79,12,1,0
BRDA:80,13,0,0
BRDA:80,13,1,0
BRDA:82,14,0,0
BRDA:82,14,1,0
BRDA:101,15,0,0
BRDA:103,16,0,0
BRDA:103,16,1,0
BRDA:124,17,0,0
BRDA:124,17,1,0
BRDA:126,18,0,0
BRDA:126,19,0,0
BRDA:126,19,1,0
BRDA:126,19,2,0
BRDA:134,20,0,0
BRDA:134,20,1,0
BRF:40
BRH:2
end_of_record
TN:
SF:src\routes\auth.ts
FN:20,(anonymous_1)
FN:29,(anonymous_2)
FN:65,(anonymous_3)
FN:108,(anonymous_4)
FN:131,(anonymous_5)
FN:148,(anonymous_6)
FN:171,(anonymous_7)
FN:198,(anonymous_8)
FN:220,(anonymous_9)
FNF:9
FNH:0
FNDA:0,(anonymous_1)
FNDA:0,(anonymous_2)
FNDA:0,(anonymous_3)
FNDA:0,(anonymous_4)
FNDA:0,(anonymous_5)
FNDA:0,(anonymous_6)
FNDA:0,(anonymous_7)
FNDA:0,(anonymous_8)
FNDA:0,(anonymous_9)
DA:1,7
DA:2,7
DA:3,7
DA:4,7
DA:5,7
DA:6,7
DA:7,7
DA:8,7
DA:9,7
DA:12,7
DA:13,7
DA:16,7
DA:21,0
DA:22,0
DA:23,0
DA:24,0
DA:27,0
DA:29,0
DA:30,0
DA:32,0
DA:36,0
DA:37,0
DA:40,0
DA:42,0
DA:52,0
DA:53,0
DA:56,0
DA:57,0
DA:58,0
DA:61,0
DA:62,0
DA:65,0
DA:67,0
DA:72,0
DA:75,0
DA:81,0
DA:83,0
DA:85,0
DA:100,0
DA:106,7
DA:109,0
DA:110,0
DA:113,0
DA:114,0
DA:115,0
DA:116,0
DA:119,0
DA:125,0
DA:126,0
DA:128,0
DA:131,0
DA:132,0
DA:133,0
DA:143,0
DA:144,0
DA:148,0
DA:149,0
DA:155,0
DA:158,0
DA:160,0
DA:165,0
DA:171,7
DA:172,0
DA:173,0
DA:174,0
DA:175,0
DA:177,0
DA:180,0
DA:181,0
DA:182,0
DA:185,0
DA:187,0
DA:192,7
DA:199,0
DA:200,0
DA:201,0
DA:202,0
DA:205,0
DA:208,0
DA:212,0
DA:213,0
DA:217,0
DA:220,0
DA:221,0
DA:223,0
DA:231,0
DA:234,0
DA:246,0
DA:257,0
DA:266,0
DA:269,0
DA:275,0
DA:281,0
DA:283,0
DA:298,0
DA:303,7
LF:96
LH:16
BRDA:23,0,0,0
BRDA:36,1,0,0
BRDA:52,2,0,0
BRDA:52,3,0,0
BRDA:52,3,1,0
BRDA:57,4,0,0
BRDA:61,5,0,0
BRDA:115,6,0,0
BRDA:143,7,0,0
BRDA:143,8,0,0
BRDA:143,8,1,0
BRDA:174,9,0,0
BRDA:181,10,0,0
BRDA:201,11,0,0
BRDA:212,12,0,0
BRF:15
BRH:0
end_of_record
TN:
SF:src\routes\automations.ts
FN:20,(anonymous_1)
FN:33,(anonymous_2)
FN:64,(anonymous_3)
FN:66,(anonymous_4)
FN:81,(anonymous_5)
FN:84,(anonymous_6)
FN:102,(anonymous_7)
FN:134,(anonymous_8)
FN:163,(anonymous_9)
FN:198,(anonymous_10)
FN:226,(anonymous_11)
FN:264,(anonymous_12)
FN:271,(anonymous_13)
FN:298,(anonymous_14)
FN:302,(anonymous_15)
FN:357,(anonymous_16)
FN:359,(anonymous_17)
FN:365,(anonymous_18)
FN:373,(anonymous_19)
FN:375,(anonymous_20)
FN:381,(anonymous_21)
FN:389,(anonymous_22)
FN:391,(anonymous_23)
FN:396,(anonymous_24)
FNF:24
FNH:0
FNDA:0,(anonymous_1)
FNDA:0,(anonymous_2)
FNDA:0,(anonymous_3)
FNDA:0,(anonymous_4)
FNDA:0,(anonymous_5)
FNDA:0,(anonymous_6)
FNDA:0,(anonymous_7)
FNDA:0,(anonymous_8)
FNDA:0,(anonymous_9)
FNDA:0,(anonymous_10)
FNDA:0,(anonymous_11)
FNDA:0,(anonymous_12)
FNDA:0,(anonymous_13)
FNDA:0,(anonymous_14)
FNDA:0,(anonymous_15)
FNDA:0,(anonymous_16)
FNDA:0,(anonymous_17)
FNDA:0,(anonymous_18)
FNDA:0,(anonymous_19)
FNDA:0,(anonymous_20)
FNDA:0,(anonymous_21)
FNDA:0,(anonymous_22)
FNDA:0,(anonymous_23)
FNDA:0,(anonymous_24)
DA:1,7
DA:2,7
DA:3,7
DA:4,7
DA:5,7
DA:6,7
DA:8,7
DA:9,7
DA:11,7
DA:13,7
DA:15,7
DA:21,0
DA:22,0
DA:23,0
DA:25,0
DA:26,0
DA:27,0
DA:28,0
DA:30,0
DA:31,0
DA:33,0
DA:34,0
DA:57,0
DA:59,0
DA:64,7
DA:65,0
DA:66,0
DA:67,0
DA:74,0
DA:75,0
DA:77,0
DA:81,7
DA:82,0
DA:83,0
DA:84,0
DA:85,0
DA:86,0
DA:87,0
DA:93,0
DA:95,0
DA:99,7
DA:103,0
DA:104,0
DA:105,0
DA:107,0
DA:108,0
DA:124,0
DA:126,0
DA:131,7
DA:135,0
DA:136,0
DA:137,0
DA:139,0
DA:140,0
DA:156,0
DA:157,0
DA:158,0
DA:159,0
DA:161,0
DA:163,0
DA:164,0
DA:179,0
DA:188,0
DA:190,0
DA:195,7
DA:199,0
DA:200,0
DA:201,0
DA:203,0
DA:204,0
DA:220,0
DA:221,0
DA:222,0
DA:223,0
DA:224,0
DA:226,0
DA:227,0
DA:228,0
DA:229,0
DA:230,0
DA:244,0
DA:253,0
DA:255,0
DA:260,7
DA:265,0
DA:266,0
DA:267,0
DA:269,0
DA:271,0
DA:272,0
DA:273,0
DA:274,0
DA:277,0
DA:291,0
DA:293,0
DA:298,7
DA:299,0
DA:300,0
DA:302,0
DA:303,0
DA:304,0
DA:305,0
DA:306,0
DA:308,0
DA:309,0
DA:311,0
DA:332,0
DA:335,0
DA:351,0
DA:353,0
DA:357,7
DA:358,0
DA:359,0
DA:360,0
DA:361,0
DA:362,0
DA:363,0
DA:365,0
DA:366,0
DA:367,0
DA:369,0
DA:373,7
DA:374,0
DA:375,0
DA:376,0
DA:377,0
DA:378,0
DA:379,0
DA:381,0
DA:382,0
DA:383,0
DA:385,0
DA:389,7
DA:390,0
DA:391,0
DA:392,0
DA:393,0
DA:394,0
DA:396,0
DA:397,0
DA:398,0
DA:400,0
DA:404,7
LF:143
LH:22
BRDA:13,0,0,7
BRDA:13,0,1,7
BRDA:23,1,0,0
BRDA:25,2,0,0
BRDA:25,2,1,0
BRDA:26,3,0,0
BRDA:26,3,1,0
BRDA:28,4,0,0
BRDA:28,4,1,0
BRDA:31,5,0,0
BRDA:74,6,0,0
BRDA:83,7,0,0
BRDA:83,7,1,0
BRDA:86,8,0,0
BRDA:105,9,0,0
BRDA:117,10,0,0
BRDA:117,10,1,0
BRDA:119,11,0,0
BRDA:119,11,1,0
BRDA:124,12,0,0
BRDA:124,12,1,0
BRDA:137,13,0,0
BRDA:149,14,0,0
BRDA:149,14,1,0
BRDA:151,15,0,0
BRDA:151,15,1,0
BRDA:156,16,0,0
BRDA:156,16,1,0
BRDA:157,17,0,0
BRDA:157,17,1,0
BRDA:158,18,0,0
BRDA:158,18,1,0
BRDA:159,19,0,0
BRDA:159,19,1,0
BRDA:159,19,2,0
BRDA:161,20,0,0
BRDA:161,21,0,0
BRDA:161,21,1,0
BRDA:161,21,2,0
BRDA:201,22,0,0
BRDA:213,23,0,0
BRDA:213,23,1,0
BRDA:215,24,0,0
BRDA:215,24,1,0
BRDA:220,25,0,0
BRDA:220,25,1,0
BRDA:221,26,0,0
BRDA:221,26,1,0
BRDA:222,27,0,0
BRDA:222,27,1,0
BRDA:223,28,0,0
BRDA:223,28,1,0
BRDA:223,28,2,0
BRDA:224,29,0,0
BRDA:224,30,0,0
BRDA:224,30,1,0
BRDA:224,30,2,0
BRDA:228,31,0,0
BRDA:229,32,0,0
BRDA:267,33,0,0
BRDA:273,34,0,0
BRDA:286,35,0,0
BRDA:286,35,1,0
BRDA:287,36,0,0
BRDA:287,36,1,0
BRDA:304,37,0,0
BRDA:305,38,0,0
BRDA:306,39,0,0
BRDA:361,40,0,0
BRDA:362,41,0,0
BRDA:377,42,0,0
BRDA:378,43,0,0
BRDA:393,44,0,0
BRF:73
BRH:2
end_of_record
TN:
SF:src\routes\customers.ts
FN:17,(anonymous_0)
FN:27,(anonymous_1)
FN:50,(anonymous_2)
FN:52,(anonymous_3)
FN:72,(anonymous_4)
FN:76,(anonymous_5)
FN:93,(anonymous_6)
FN:96,(anonymous_7)
FN:134,(anonymous_8)
FN:140,(anonymous_9)
FN:174,(anonymous_10)
FN:176,(anonymous_11)
FN:213,(anonymous_12)
FN:215,(anonymous_13)
FNF:14
FNH:0
FNDA:0,(anonymous_0)
FNDA:0,(anonymous_1)
FNDA:0,(anonymous_2)
FNDA:0,(anonymous_3)
FNDA:0,(anonymous_4)
FNDA:0,(anonymous_5)
FNDA:0,(anonymous_6)
FNDA:0,(anonymous_7)
FNDA:0,(anonymous_8)
FNDA:0,(anonymous_9)
FNDA:0,(anonymous_10)
FNDA:0,(anonymous_11)
FNDA:0,(anonymous_12)
FNDA:0,(anonymous_13)
DA:1,7
DA:2,7
DA:3,7
DA:4,7
DA:5,7
DA:7,7
DA:8,7
DA:10,7
DA:13,7
DA:18,0
DA:19,0
DA:20,0
DA:21,0
DA:23,0
DA:24,0
DA:25,0
DA:27,0
DA:28,0
DA:39,0
DA:44,0
DA:50,7
DA:51,0
DA:52,0
DA:53,0
DA:62,0
DA:63,0
DA:65,0
DA:70,7
DA:73,0
DA:74,0
DA:75,0
DA:76,0
DA:77,0
DA:78,0
DA:79,0
DA:85,0
DA:87,0
DA:93,7
DA:94,0
DA:95,0
DA:96,0
DA:97,0
DA:98,0
DA:100,0
DA:101,0
DA:107,0
DA:108,0
DA:109,0
DA:112,0
DA:115,0
DA:123,0
DA:128,7
DA:135,0
DA:136,0
DA:137,0
DA:139,0
DA:140,0
DA:141,0
DA:156,0
DA:164,0
DA:165,0
DA:167,0
DA:173,7
DA:175,0
DA:176,0
DA:177,0
DA:181,0
DA:183,0
DA:197,0
DA:205,0
DA:207,0
DA:213,7
DA:214,0
DA:215,0
DA:216,0
DA:220,0
DA:222,0
DA:224,0
DA:225,0
DA:227,0
DA:231,7
LF:81
LH:16
BRDA:19,0,0,0
BRDA:19,0,1,0
BRDA:20,1,0,0
BRDA:20,1,1,0
BRDA:24,2,0,0
BRDA:25,3,0,0
BRDA:62,4,0,0
BRDA:74,5,0,0
BRDA:74,5,1,0
BRDA:78,6,0,0
BRDA:98,7,0,0
BRDA:109,8,0,0
BRDA:116,9,0,0
BRDA:116,9,1,0
BRDA:117,10,0,0
BRDA:117,10,1,0
BRDA:118,11,0,0
BRDA:118,11,1,0
BRDA:119,12,0,0
BRDA:119,12,1,0
BRDA:137,13,0,0
BRDA:151,14,0,0
BRDA:151,14,1,0
BRDA:181,15,0,0
BRDA:186,16,0,0
BRDA:186,16,1,0
BRDA:187,17,0,0
BRDA:187,17,1,0
BRDA:188,18,0,0
BRDA:188,18,1,0
BRDA:189,19,0,0
BRDA:189,19,1,0
BRDA:190,20,0,0
BRDA:190,20,1,0
BRDA:191,21,0,0
BRDA:191,21,1,0
BRDA:192,22,0,0
BRDA:192,22,1,0
BRDA:220,23,0,0
BRF:39
BRH:0
end_of_record
TN:
SF:src\routes\deals.ts
FN:17,(anonymous_0)
FN:27,(anonymous_1)
FN:55,(anonymous_2)
FN:57,(anonymous_3)
FN:81,(anonymous_4)
FN:87,(anonymous_5)
FN:126,(anonymous_6)
FN:128,(anonymous_7)
FN:182,(anonymous_8)
FN:184,(anonymous_9)
FN:219,(anonymous_10)
FN:221,(anonymous_11)
FNF:12
FNH:0
FNDA:0,(anonymous_0)
FNDA:0,(anonymous_1)
FNDA:0,(anonymous_2)
FNDA:0,(anonymous_3)
FNDA:0,(anonymous_4)
FNDA:0,(anonymous_5)
FNDA:0,(anonymous_6)
FNDA:0,(anonymous_7)
FNDA:0,(anonymous_8)
FNDA:0,(anonymous_9)
FNDA:0,(anonymous_10)
FNDA:0,(anonymous_11)
DA:1,7
DA:2,7
DA:3,7
DA:4,7
DA:5,7
DA:7,7
DA:8,7
DA:10,7
DA:13,7
DA:18,0
DA:19,0
DA:20,0
DA:21,0
DA:23,0
DA:24,0
DA:25,0
DA:27,0
DA:28,0
DA:44,0
DA:49,0
DA:55,7
DA:56,0
DA:57,0
DA:58,0
DA:68,0
DA:69,0
DA:71,0
DA:76,7
DA:82,0
DA:83,0
DA:84,0
DA:86,0
DA:87,0
DA:88,0
DA:106,0
DA:114,0
DA:115,0
DA:117,0
DA:123,7
DA:127,0
DA:128,0
DA:129,0
DA:133,0
DA:135,0
DA:147,0
DA:150,0
DA:163,0
DA:164,0
DA:173,0
DA:175,0
DA:181,7
DA:183,0
DA:184,0
DA:185,0
DA:189,0
DA:191,0
DA:203,0
DA:211,0
DA:213,0
DA:219,7
DA:220,0
DA:221,0
DA:222,0
DA:226,0
DA:228,0
DA:230,0
DA:231,0
DA:233,0
DA:237,7
LF:69
LH:15
BRDA:19,0,0,0
BRDA:19,0,1,0
BRDA:20,1,0,0
BRDA:20,1,1,0
BRDA:24,2,0,0
BRDA:25,3,0,0
BRDA:68,4,0,0
BRDA:84,5,0,0
BRDA:96,6,0,0
BRDA:96,6,1,0
BRDA:101,7,0,0
BRDA:101,7,1,0
BRDA:133,8,0,0
BRDA:140,9,0,0
BRDA:140,9,1,0
BRDA:163,10,0,0
BRDA:189,11,0,0
BRDA:194,12,0,0
BRDA:194,12,1,0
BRDA:195,13,0,0
BRDA:195,13,1,0
BRDA:196,14,0,0
BRDA:196,14,1,0
BRDA:197,15,0,0
BRDA:197,15,1,0
BRDA:198,16,0,0
BRDA:198,16,1,0
BRDA:226,17,0,0
BRF:28
BRH:0
end_of_record
TN:
SF:src\routes\devx.ts
FN:18,(anonymous_1)
FN:19,(anonymous_2)
FN:28,(anonymous_3)
FN:61,(anonymous_4)
FN:103,(anonymous_5)
FN:146,(anonymous_6)
FN:188,(anonymous_7)
FNF:7
FNH:0
FNDA:0,(anonymous_1)
FNDA:0,(anonymous_2)
FNDA:0,(anonymous_3)
FNDA:0,(anonymous_4)
FNDA:0,(anonymous_5)
FNDA:0,(anonymous_6)
FNDA:0,(anonymous_7)
DA:1,7
DA:2,7
DA:3,7
DA:5,7
DA:6,7
DA:8,7
DA:10,7
DA:13,7
DA:18,7
DA:19,0
DA:26,7
DA:29,0
DA:30,0
DA:31,0
DA:32,0
DA:35,0
DA:37,0
DA:47,0
DA:49,0
DA:58,7
DA:62,0
DA:63,0
DA:64,0
DA:65,0
DA:68,0
DA:69,0
DA:70,0
DA:73,0
DA:74,0
DA:76,0
DA:89,0
DA:91,0
DA:100,7
DA:104,0
DA:105,0
DA:106,0
DA:107,0
DA:110,0
DA:111,0
DA:112,0
DA:115,0
DA:116,0
DA:118,0
DA:132,0
DA:134,0
DA:143,7
DA:147,0
DA:148,0
DA:149,0
DA:150,0
DA:153,0
DA:154,0
DA:155,0
DA:158,0
DA:159,0
DA:161,0
DA:175,0
DA:177,0
DA:186,7
DA:189,0
DA:190,0
DA:191,0
DA:192,0
DA:195,0
DA:197,0
DA:207,0
DA:209,0
DA:214,7
LF:68
LH:15
BRDA:10,0,0,7
BRDA:10,0,1,7
BRDA:30,1,0,0
BRDA:30,1,1,0
BRDA:31,2,0,0
BRDA:35,3,0,0
BRDA:35,3,1,0
BRDA:43,4,0,0
BRDA:43,4,1,0
BRDA:64,5,0,0
BRDA:68,6,0,0
BRDA:68,6,1,0
BRDA:69,7,0,0
BRDA:74,8,0,0
BRDA:74,8,1,0
BRDA:84,9,0,0
BRDA:84,9,1,0
BRDA:106,10,0,0
BRDA:110,11,0,0
BRDA:110,11,1,0
BRDA:111,12,0,0
BRDA:116,13,0,0
BRDA:116,13,1,0
BRDA:127,14,0,0
BRDA:127,14,1,0
BRDA:149,15,0,0
BRDA:153,16,0,0
BRDA:153,16,1,0
BRDA:154,17,0,0
BRDA:159,18,0,0
BRDA:159,18,1,0
BRDA:170,19,0,0
BRDA:170,19,1,0
BRDA:190,20,0,0
BRDA:190,20,1,0
BRDA:191,21,0,0
BRDA:195,22,0,0
BRDA:195,22,1,0
BRDA:203,23,0,0
BRDA:203,23,1,0
BRF:40
BRH:2
end_of_record
TN:
SF:src\routes\governance.ts
FN:18,(anonymous_0)
FN:35,(anonymous_1)
FN:75,(anonymous_2)
FN:82,(anonymous_3)
FN:109,(anonymous_4)
FN:126,(anonymous_5)
FN:160,(anonymous_6)
FN:201,(anonymous_7)
FN:242,(anonymous_8)
FNF:9
FNH:0
FNDA:0,(anonymous_0)
FNDA:0,(anonymous_1)
FNDA:0,(anonymous_2)
FNDA:0,(anonymous_3)
FNDA:0,(anonymous_4)
FNDA:0,(anonymous_5)
FNDA:0,(anonymous_6)
FNDA:0,(anonymous_7)
FNDA:0,(anonymous_8)
DA:1,7
DA:2,7
DA:3,7
DA:4,7
DA:6,7
DA:7,7
DA:8,7
DA:9,7
DA:11,7
DA:13,7
DA:19,0
DA:20,0
DA:21,0
DA:22,0
DA:25,0
DA:26,0
DA:28,0
DA:29,0
DA:30,0
DA:32,0
DA:33,0
DA:35,0
DA:36,0
DA:47,0
DA:48,0
DA:63,0
DA:65,0
DA:70,0
DA:75,7
DA:76,0
DA:77,0
DA:78,0
DA:79,0
DA:82,0
DA:83,0
DA:85,0
DA:87,0
DA:88,0
DA:101,0
DA:103,0
DA:105,0
DA:109,7
DA:110,0
DA:111,0
DA:112,0
DA:113,0
DA:114,0
DA:115,0
DA:116,0
DA:119,0
DA:121,0
DA:122,0
DA:123,0
DA:124,0
DA:126,0
DA:127,0
DA:128,0
DA:130,0
DA:131,0
DA:133,0
DA:135,0
DA:136,0
DA:137,0
DA:139,0
DA:140,0
DA:141,0
DA:142,0
DA:143,0
DA:144,0
DA:145,0
DA:146,0
DA:150,0
DA:152,0
DA:156,7
DA:161,0
DA:162,0
DA:163,0
DA:165,0
DA:166,0
DA:167,0
DA:170,0
DA:171,0
DA:172,0
DA:174,0
DA:175,0
DA:177,0
DA:178,0
DA:180,0
DA:188,0
DA:190,0
DA:192,0
DA:197,7
DA:202,0
DA:203,0
DA:204,0
DA:206,0
DA:207,0
DA:208,0
DA:211,0
DA:212,0
DA:213,0
DA:215,0
DA:216,0
DA:218,0
DA:219,0
DA:221,0
DA:229,0
DA:231,0
DA:233,0
DA:238,7
DA:243,0
DA:244,0
DA:245,0
DA:247,0
DA:248,0
DA:251,0
DA:252,0
DA:253,0
DA:255,0
DA:256,0
DA:258,0
DA:266,0
DA:268,0
DA:270,0
DA:275,7
LF:125
LH:16
BRDA:20,0,0,0
BRDA:20,0,1,0
BRDA:21,1,0,0
BRDA:21,2,0,0
BRDA:21,2,1,0
BRDA:21,2,2,0
BRDA:26,3,0,0
BRDA:28,4,0,0
BRDA:28,4,1,0
BRDA:29,5,0,0
BRDA:29,5,1,0
BRDA:33,6,0,0
BRDA:47,7,0,0
BRDA:47,7,1,0
BRDA:58,8,0,0
BRDA:58,8,1,0
BRDA:77,9,0,0
BRDA:77,9,1,0
BRDA:78,10,0,0
BRDA:78,11,0,0
BRDA:78,11,1,0
BRDA:78,11,2,0
BRDA:85,12,0,0
BRDA:87,13,0,0
BRDA:87,13,1,0
BRDA:119,14,0,0
BRDA:119,14,1,0
BRDA:128,15,0,0
BRDA:135,16,0,0
BRDA:140,17,0,0
BRDA:140,18,0,0
BRDA:140,18,1,0
BRDA:141,19,0,0
BRDA:141,19,1,0
BRDA:141,20,0,0
BRDA:141,20,1,0
BRDA:143,21,0,0
BRDA:143,21,1,0
BRDA:143,22,0,0
BRDA:143,22,1,0
BRDA:145,23,0,0
BRDA:145,24,0,0
BRDA:145,24,1,0
BRDA:145,24,2,0
BRDA:150,25,0,0
BRDA:150,25,1,0
BRDA:163,26,0,0
BRDA:165,27,0,0
BRDA:165,27,1,0
BRDA:166,28,0,0
BRDA:166,29,0,0
BRDA:166,29,1,0
BRDA:171,30,0,0
BRDA:171,30,1,0
BRDA:171,31,0,0
BRDA:171,31,1,0
BRDA:172,32,0,0
BRDA:175,33,0,0
BRDA:175,33,1,0
BRDA:185,34,0,0
BRDA:185,34,1,0
BRDA:204,35,0,0
BRDA:206,36,0,0
BRDA:206,36,1,0
BRDA:207,37,0,0
BRDA:207,38,0,0
BRDA:207,38,1,0
BRDA:212,39,0,0
BRDA:212,39,1,0
BRDA:212,40,0,0
BRDA:212,40,1,0
BRDA:213,41,0,0
BRDA:216,42,0,0
BRDA:216,42,1,0
BRDA:226,43,0,0
BRDA:226,43,1,0
BRDA:245,44,0,0
BRDA:247,45,0,0
BRDA:247,46,0,0
BRDA:247,46,1,0
BRDA:251,47,0,0
BRDA:251,47,1,0
BRDA:252,48,0,0
BRDA:252,48,1,0
BRDA:253,49,0,0
BRDA:253,49,1,0
BRDA:263,50,0,0
BRDA:263,50,1,0
BRDA:264,51,0,0
BRDA:264,51,1,0
BRDA:266,52,0,0
BRDA:266,52,1,0
BRF:92
BRH:0
end_of_record
TN:
SF:src\routes\intelligence.ts
FN:18,(anonymous_1)
FN:93,(anonymous_2)
FN:126,(anonymous_3)
FN:158,(anonymous_4)
FNF:4
FNH:0
FNDA:0,(anonymous_1)
FNDA:0,(anonymous_2)
FNDA:0,(anonymous_3)
FNDA:0,(anonymous_4)
DA:1,7
DA:2,7
DA:3,7
DA:5,7
DA:6,7
DA:7,7
DA:9,7
DA:11,7
DA:13,7
DA:18,7
DA:19,0
DA:20,0
DA:21,0
DA:22,0
DA:25,0
DA:26,0
DA:27,0
DA:29,0
DA:43,0
DA:44,0
DA:57,0
DA:58,0
DA:60,0
DA:61,0
DA:79,0
DA:81,0
DA:85,7
DA:86,7
DA:88,7
DA:94,0
DA:95,0
DA:96,0
DA:97,0
DA:100,0
DA:101,0
DA:115,0
DA:117,0
DA:122,7
DA:127,0
DA:128,0
DA:129,0
DA:130,0
DA:133,0
DA:134,0
DA:147,0
DA:149,0
DA:154,7
DA:159,0
DA:160,0
DA:161,0
DA:163,0
DA:164,0
DA:165,0
DA:167,0
DA:181,0
DA:183,0
DA:188,7
LF:57
LH:16
BRDA:11,0,0,7
BRDA:11,0,1,7
BRDA:21,1,0,0
BRDA:25,2,0,0
BRDA:25,2,1,0
BRDA:26,3,0,0
BRDA:26,3,1,0
BRDA:39,4,0,0
BRDA:39,4,1,0
BRDA:50,5,0,0
BRDA:50,5,1,0
BRDA:52,6,0,0
BRDA:52,6,1,0
BRDA:53,7,0,0
BRDA:53,7,1,0
BRDA:58,8,0,0
BRDA:58,8,1,0
BRDA:60,9,0,0
BRDA:71,10,0,0
BRDA:71,10,1,0
BRDA:96,11,0,0
BRDA:129,12,0,0
BRDA:161,13,0,0
BRDA:163,14,0,0
BRDA:163,14,1,0
BRDA:164,15,0,0
BRDA:164,15,1,0
BRDA:165,16,0,0
BRDA:175,17,0,0
BRDA:175,17,1,0
BRDA:176,18,0,0
BRDA:176,18,1,0
BRF:32
BRH:2
end_of_record
TN:
SF:src\routes\knowledge.ts
FN:12,requireKnowledgeRead
FN:19,requireKnowledgeApprove
FN:31,(anonymous_2)
FN:45,(anonymous_3)
FN:69,(anonymous_4)
FN:72,(anonymous_5)
FN:100,(anonymous_6)
FN:106,(anonymous_7)
FN:135,(anonymous_8)
FN:141,(anonymous_9)
FN:165,(anonymous_10)
FN:170,(anonymous_11)
FN:221,(anonymous_12)
FN:235,(anonymous_13)
FN:259,(anonymous_14)
FN:263,(anonymous_15)
FN:293,updateApprovalRate
FN:294,(anonymous_17)
FN:305,renderMarkdown
FN:314,(anonymous_19)
FN:318,(anonymous_20)
FN:322,(anonymous_21)
FNF:22
FNH:0
FNDA:0,requireKnowledgeRead
FNDA:0,requireKnowledgeApprove
FNDA:0,(anonymous_2)
FNDA:0,(anonymous_3)
FNDA:0,(anonymous_4)
FNDA:0,(anonymous_5)
FNDA:0,(anonymous_6)
FNDA:0,(anonymous_7)
FNDA:0,(anonymous_8)
FNDA:0,(anonymous_9)
FNDA:0,(anonymous_10)
FNDA:0,(anonymous_11)
FNDA:0,(anonymous_12)
FNDA:0,(anonymous_13)
FNDA:0,(anonymous_14)
FNDA:0,(anonymous_15)
FNDA:0,updateApprovalRate
FNDA:0,(anonymous_17)
FNDA:0,renderMarkdown
FNDA:0,(anonymous_19)
FNDA:0,(anonymous_20)
FNDA:0,(anonymous_21)
DA:1,7
DA:2,7
DA:3,7
DA:4,7
DA:6,7
DA:7,7
DA:8,7
DA:10,7
DA:13,0
DA:14,0
DA:15,0
DA:20,0
DA:21,0
DA:22,0
DA:26,7
DA:32,0
DA:33,0
DA:34,0
DA:35,0
DA:37,0
DA:38,0
DA:39,0
DA:40,0
DA:42,0
DA:43,0
DA:45,0
DA:46,0
DA:52,0
DA:53,0
DA:62,0
DA:64,0
DA:69,7
DA:70,0
DA:71,0
DA:72,0
DA:73,0
DA:75,0
DA:76,0
DA:85,0
DA:87,0
DA:91,7
DA:101,0
DA:102,0
DA:103,0
DA:104,0
DA:106,0
DA:107,0
DA:108,0
DA:109,0
DA:111,0
DA:125,0
DA:127,0
DA:132,7
DA:136,0
DA:137,0
DA:138,0
DA:139,0
DA:141,0
DA:142,0
DA:143,0
DA:144,0
DA:145,0
DA:156,0
DA:157,0
DA:158,0
DA:160,0
DA:165,7
DA:166,0
DA:167,0
DA:168,0
DA:170,0
DA:171,0
DA:172,0
DA:173,0
DA:175,0
DA:176,0
DA:177,0
DA:187,0
DA:196,0
DA:199,0
DA:208,0
DA:209,0
DA:210,0
DA:212,0
DA:216,7
DA:222,0
DA:223,0
DA:224,0
DA:225,0
DA:227,0
DA:228,0
DA:229,0
DA:230,0
DA:232,0
DA:233,0
DA:235,0
DA:236,0
DA:242,0
DA:243,0
DA:252,0
DA:254,0
DA:259,7
DA:260,0
DA:261,0
DA:263,0
DA:264,0
DA:265,0
DA:266,0
DA:270,0
DA:273,0
DA:275,0
DA:276,0
DA:285,0
DA:286,0
DA:287,0
DA:289,0
DA:294,0
DA:295,0
DA:299,0
DA:301,0
DA:302,0
DA:306,0
DA:307,0
DA:308,0
DA:309,0
DA:311,0
DA:312,0
DA:313,0
DA:314,0
DA:315,0
DA:316,0
DA:317,0
DA:318,0
DA:320,0
DA:321,0
DA:322,0
DA:324,0
DA:325,0
DA:326,0
DA:329,7
LF:140
LH:16
BRDA:13,0,0,0
BRDA:13,0,1,0
BRDA:14,1,0,0
BRDA:14,2,0,0
BRDA:14,2,1,0
BRDA:14,2,2,0
BRDA:20,3,0,0
BRDA:20,3,1,0
BRDA:21,4,0,0
BRDA:21,5,0,0
BRDA:21,5,1,0
BRDA:35,6,0,0
BRDA:37,7,0,0
BRDA:37,7,1,0
BRDA:38,8,0,0
BRDA:38,8,1,0
BRDA:40,9,0,0
BRDA:40,9,1,0
BRDA:43,10,0,0
BRDA:52,11,0,0
BRDA:52,11,1,0
BRDA:73,12,0,0
BRDA:75,13,0,0
BRDA:75,13,1,0
BRDA:104,14,0,0
BRDA:108,15,0,0
BRDA:109,16,0,0
BRDA:114,17,0,0
BRDA:114,17,1,0
BRDA:115,18,0,0
BRDA:115,18,1,0
BRDA:116,19,0,0
BRDA:116,19,1,0
BRDA:117,20,0,0
BRDA:117,20,1,0
BRDA:118,21,0,0
BRDA:118,21,1,0
BRDA:119,22,0,0
BRDA:119,22,1,0
BRDA:120,23,0,0
BRDA:120,23,1,0
BRDA:139,24,0,0
BRDA:143,25,0,0
BRDA:144,26,0,0
BRDA:151,27,0,0
BRDA:151,27,1,0
BRDA:168,28,0,0
BRDA:168,28,1,0
BRDA:172,29,0,0
BRDA:173,30,0,0
BRDA:176,31,0,0
BRDA:176,31,1,0
BRDA:225,32,0,0
BRDA:227,33,0,0
BRDA:227,33,1,0
BRDA:228,34,0,0
BRDA:228,34,1,0
BRDA:230,35,0,0
BRDA:230,35,1,0
BRDA:233,36,0,0
BRDA:242,37,0,0
BRDA:242,37,1,0
BRDA:265,38,0,0
BRDA:273,39,0,0
BRDA:275,40,0,0
BRDA:275,40,1,0
BRDA:301,41,0,0
BRDA:301,41,1,0
BRDA:306,42,0,0
BRDA:306,42,1,0
BRDA:307,43,0,0
BRDA:307,43,1,0
BRDA:308,44,0,0
BRDA:308,44,1,0
BRDA:309,45,0,0
BRDA:309,45,1,0
BRDA:313,46,0,0
BRDA:314,47,0,0
BRDA:316,48,0,0
BRDA:320,49,0,0
BRDA:324,50,0,0
BRDA:325,51,0,0
BRF:82
BRH:0
end_of_record
TN:
SF:src\routes\leads.ts
FN:18,(anonymous_0)
FN:36,(anonymous_1)
FN:69,(anonymous_2)
FN:71,(anonymous_3)
FN:103,(anonymous_4)
FN:111,(anonymous_5)
FN:183,(anonymous_6)
FN:191,(anonymous_7)
FN:260,(anonymous_8)
FN:262,(anonymous_9)
FN:290,(anonymous_10)
FN:292,(anonymous_11)
FNF:12
FNH:0
FNDA:0,(anonymous_0)
FNDA:0,(anonymous_1)
FNDA:0,(anonymous_2)
FNDA:0,(anonymous_3)
FNDA:0,(anonymous_4)
FNDA:0,(anonymous_5)
FNDA:0,(anonymous_6)
FNDA:0,(anonymous_7)
FNDA:0,(anonymous_8)
FNDA:0,(anonymous_9)
FNDA:0,(anonymous_10)
FNDA:0,(anonymous_11)
DA:1,7
DA:2,7
DA:3,7
DA:4,7
DA:5,7
DA:7,7
DA:8,7
DA:10,7
DA:13,7
DA:19,0
DA:20,0
DA:21,0
DA:22,0
DA:24,0
DA:28,0
DA:29,0
DA:32,0
DA:33,0
DA:36,0
DA:37,0
DA:53,0
DA:63,0
DA:69,7
DA:70,0
DA:71,0
DA:72,0
DA:86,0
DA:87,0
DA:90,0
DA:92,0
DA:97,7
DA:104,0
DA:105,0
DA:106,0
DA:107,0
DA:110,0
DA:111,0
DA:112,0
DA:129,0
DA:144,0
DA:168,0
DA:170,0
DA:172,0
DA:178,7
DA:184,0
DA:185,0
DA:186,0
DA:187,0
DA:191,0
DA:192,0
DA:199,0
DA:200,0
DA:203,0
DA:217,0
DA:221,0
DA:235,0
DA:250,0
DA:252,0
DA:254,0
DA:260,7
DA:261,0
DA:262,0
DA:263,0
DA:270,0
DA:271,0
DA:274,0
DA:279,0
DA:281,0
DA:283,0
DA:288,7
DA:291,0
DA:292,0
DA:293,0
DA:300,0
DA:301,0
DA:304,0
DA:315,0
DA:317,0
DA:322,7
LF:79
LH:15
BRDA:20,0,0,0
BRDA:20,0,1,0
BRDA:21,1,0,0
BRDA:21,1,1,0
BRDA:28,2,0,0
BRDA:32,3,0,0
BRDA:86,4,0,0
BRDA:106,5,0,0
BRDA:120,6,0,0
BRDA:120,6,1,0
BRDA:123,7,0,0
BRDA:123,7,1,0
BRDA:186,8,0,0
BRDA:199,9,0,0
BRDA:206,10,0,0
BRDA:206,10,1,0
BRDA:207,11,0,0
BRDA:207,11,1,0
BRDA:208,12,0,0
BRDA:208,12,1,0
BRDA:209,13,0,0
BRDA:209,13,1,0
BRDA:210,14,0,0
BRDA:210,14,1,0
BRDA:211,15,0,0
BRDA:211,15,1,0
BRDA:212,16,0,0
BRDA:212,16,1,0
BRDA:213,17,0,0
BRDA:213,17,1,0
BRDA:270,18,0,0
BRDA:300,19,0,0
BRF:32
BRH:0
end_of_record
TN:
SF:src\routes\predictions.ts
FN:13,(anonymous_0)
FN:21,(anonymous_1)
FN:25,(anonymous_2)
FNF:3
FNH:0
FNDA:0,(anonymous_0)
FNDA:0,(anonymous_1)
FNDA:0,(anonymous_2)
DA:1,7
DA:2,7
DA:3,7
DA:5,7
DA:7,7
DA:9,7
DA:14,0
DA:15,0
DA:16,0
DA:18,0
DA:19,0
DA:21,0
DA:25,0
DA:26,0
DA:33,0
DA:34,0
DA:35,0
DA:36,0
DA:39,0
DA:41,0
DA:46,7
LF:21
LH:7
BRDA:16,0,0,0
BRDA:35,1,0,0
BRDA:36,2,0,0
BRF:3
BRH:0
end_of_record
TN:
SF:src\routes\productivity.ts
FN:17,(anonymous_0)
FN:32,(anonymous_1)
FN:51,(anonymous_2)
FN:60,(anonymous_3)
FNF:4
FNH:0
FNDA:0,(anonymous_0)
FNDA:0,(anonymous_1)
FNDA:0,(anonymous_2)
FNDA:0,(anonymous_3)
DA:1,7
DA:2,7
DA:3,7
DA:5,7
DA:6,7
DA:7,7
DA:8,7
DA:10,7
DA:12,7
DA:18,0
DA:19,0
DA:20,0
DA:22,0
DA:23,0
DA:24,0
DA:26,0
DA:27,0
DA:28,0
DA:29,0
DA:30,0
DA:32,0
DA:33,0
DA:40,0
DA:42,0
DA:47,7
DA:52,0
DA:53,0
DA:54,0
DA:56,0
DA:57,0
DA:58,0
DA:60,0
DA:61,0
DA:64,0
DA:65,0
DA:66,0
DA:67,0
DA:69,0
DA:80,0
DA:81,0
DA:82,0
DA:83,0
DA:86,0
DA:103,0
DA:105,0
DA:110,7
LF:46
LH:11
BRDA:20,0,0,0
BRDA:22,1,0,0
BRDA:22,1,1,0
BRDA:23,2,0,0
BRDA:23,2,1,0
BRDA:24,3,0,0
BRDA:24,3,1,0
BRDA:26,4,0,0
BRDA:26,4,1,0
BRDA:27,5,0,0
BRDA:27,5,1,0
BRDA:27,5,2,0
BRDA:29,6,0,0
BRDA:30,7,0,0
BRDA:54,8,0,0
BRDA:58,9,0,0
BRDA:58,9,1,0
BRDA:64,10,0,0
BRDA:65,11,0,0
BRDA:65,11,1,0
BRDA:66,12,0,0
BRDA:66,12,1,0
BRDA:66,12,2,0
BRDA:67,13,0,0
BRDA:67,14,0,0
BRDA:67,14,1,0
BRDA:81,15,0,0
BRDA:82,16,0,0
BRDA:82,17,0,0
BRDA:82,17,1,0
BRDA:86,18,0,0
BRDA:86,18,1,0
BRDA:87,19,0,0
BRDA:87,19,1,0
BRF:34
BRH:0
end_of_record
TN:
SF:src\routes\replay.ts
FN:9,(anonymous_1)
FN:30,(anonymous_2)
FN:44,(anonymous_3)
FNF:3
FNH:0
FNDA:0,(anonymous_1)
FNDA:0,(anonymous_2)
FNDA:0,(anonymous_3)
DA:1,7
DA:2,7
DA:5,7
DA:7,7
DA:9,7
DA:10,0
DA:11,0
DA:24,0
DA:26,0
DA:30,7
DA:31,0
DA:32,0
DA:38,0
DA:40,0
DA:44,7
DA:45,0
DA:46,0
DA:53,0
DA:55,0
DA:59,7
LF:20
LH:8
BRDA:7,0,0,7
BRDA:7,0,1,7
BRF:2
BRH:2
end_of_record
TN:
SF:src\routes\security.ts
FN:12,(anonymous_0)
FN:20,(anonymous_1)
FN:46,(anonymous_2)
FN:69,(anonymous_3)
FN:90,(anonymous_4)
FNF:5
FNH:0
FNDA:0,(anonymous_0)
FNDA:0,(anonymous_1)
FNDA:0,(anonymous_2)
FNDA:0,(anonymous_3)
FNDA:0,(anonymous_4)
DA:1,7
DA:2,7
DA:3,7
DA:5,7
DA:6,7
DA:7,7
DA:8,7
DA:10,7
DA:12,7
DA:13,0
DA:14,0
DA:17,7
DA:21,0
DA:22,0
DA:23,0
DA:24,0
DA:26,0
DA:27,0
DA:34,0
DA:35,0
DA:36,0
DA:38,0
DA:43,7
DA:47,0
DA:48,0
DA:49,0
DA:50,0
DA:52,0
DA:53,0
DA:60,0
DA:61,0
DA:62,0
DA:64,0
DA:69,7
DA:70,0
DA:71,0
DA:72,0
DA:79,0
DA:80,0
DA:81,0
DA:83,0
DA:87,7
DA:91,0
DA:92,0
DA:93,0
DA:94,0
DA:96,0
DA:97,0
DA:104,0
DA:105,0
DA:106,0
DA:108,0
DA:113,7
LF:53
LH:14
BRDA:13,0,0,0
BRDA:13,0,1,0
BRDA:14,1,0,0
BRDA:14,2,0,0
BRDA:14,2,1,0
BRDA:24,3,0,0
BRDA:50,4,0,0
BRDA:94,5,0,0
BRF:8
BRH:0
end_of_record
TN:
SF:src\routes\tickets.ts
FN:18,(anonymous_0)
FN:29,(anonymous_1)
FN:56,(anonymous_2)
FN:58,(anonymous_3)
FN:81,(anonymous_4)
FN:98,(anonymous_5)
FN:162,(anonymous_6)
FN:164,(anonymous_7)
FN:216,(anonymous_8)
FN:218,(anonymous_9)
FN:273,(anonymous_10)
FN:275,(anonymous_11)
FNF:12
FNH:0
FNDA:0,(anonymous_0)
FNDA:0,(anonymous_1)
FNDA:0,(anonymous_2)
FNDA:0,(anonymous_3)
FNDA:0,(anonymous_4)
FNDA:0,(anonymous_5)
FNDA:0,(anonymous_6)
FNDA:0,(anonymous_7)
FNDA:0,(anonymous_8)
FNDA:0,(anonymous_9)
FNDA:0,(anonymous_10)
FNDA:0,(anonymous_11)
DA:1,7
DA:2,7
DA:3,7
DA:4,7
DA:5,7
DA:7,7
DA:8,7
DA:10,7
DA:13,7
DA:19,0
DA:20,0
DA:21,0
DA:22,0
DA:24,0
DA:25,0
DA:26,0
DA:27,0
DA:29,0
DA:30,0
DA:45,0
DA:50,0
DA:56,7
DA:57,0
DA:58,0
DA:59,0
DA:68,0
DA:69,0
DA:71,0
DA:76,7
DA:82,0
DA:83,0
DA:84,0
DA:87,0
DA:93,0
DA:94,0
DA:95,0
DA:97,0
DA:98,0
DA:99,0
DA:116,0
DA:129,0
DA:152,0
DA:153,0
DA:155,0
DA:161,7
DA:163,0
DA:164,0
DA:165,0
DA:169,0
DA:171,0
DA:184,0
DA:192,0
DA:206,0
DA:208,0
DA:214,7
DA:217,0
DA:218,0
DA:219,0
DA:223,0
DA:225,0
DA:235,0
DA:248,0
DA:264,0
DA:265,0
DA:267,0
DA:273,7
DA:274,0
DA:275,0
DA:276,0
DA:280,0
DA:282,0
DA:284,0
DA:286,0
DA:290,7
LF:74
LH:15
BRDA:20,0,0,0
BRDA:20,0,1,0
BRDA:21,1,0,0
BRDA:21,1,1,0
BRDA:25,2,0,0
BRDA:26,3,0,0
BRDA:27,4,0,0
BRDA:68,5,0,0
BRDA:84,6,0,0
BRDA:93,7,0,0
BRDA:93,7,1,0
BRDA:111,8,0,0
BRDA:111,8,1,0
BRDA:169,9,0,0
BRDA:174,10,0,0
BRDA:174,10,1,0
BRDA:175,11,0,0
BRDA:175,11,1,0
BRDA:176,12,0,0
BRDA:176,12,1,0
BRDA:177,13,0,0
BRDA:177,13,1,0
BRDA:178,14,0,0
BRDA:178,14,1,0
BRDA:179,15,0,0
BRDA:179,15,1,0
BRDA:223,16,0,0
BRDA:243,17,0,0
BRDA:243,17,1,0
BRDA:243,18,0,0
BRDA:243,18,1,0
BRDA:280,19,0,0
BRF:32
BRH:0
end_of_record
TN:
SF:src\routes\twins.ts
FN:32,(anonymous_1)
FN:33,(anonymous_2)
FN:43,(anonymous_3)
FN:88,(anonymous_4)
FN:154,(anonymous_5)
FN:196,(anonymous_6)
FNF:6
FNH:0
FNDA:0,(anonymous_1)
FNDA:0,(anonymous_2)
FNDA:0,(anonymous_3)
FNDA:0,(anonymous_4)
FNDA:0,(anonymous_5)
FNDA:0,(anonymous_6)
DA:1,7
DA:2,7
DA:3,7
DA:5,7
DA:6,7
DA:7,7
DA:9,7
DA:11,7
DA:14,7
DA:25,7
DA:27,7
DA:32,7
DA:33,0
DA:40,7
DA:44,0
DA:45,0
DA:46,0
DA:47,0
DA:50,0
DA:51,0
DA:52,0
DA:55,0
DA:56,0
DA:58,0
DA:72,0
DA:74,0
DA:83,7
DA:89,0
DA:90,0
DA:91,0
DA:92,0
DA:95,0
DA:96,0
DA:97,0
DA:100,0
DA:101,0
DA:103,0
DA:125,0
DA:140,0
DA:142,0
DA:151,7
DA:155,0
DA:156,0
DA:157,0
DA:158,0
DA:161,0
DA:162,0
DA:163,0
DA:166,0
DA:167,0
DA:169,0
DA:183,0
DA:185,0
DA:194,7
DA:197,0
DA:211,7
LF:56
LH:17
BRDA:11,0,0,7
BRDA:11,0,1,7
BRDA:46,1,0,0
BRDA:50,2,0,0
BRDA:50,2,1,0
BRDA:51,3,0,0
BRDA:56,4,0,0
BRDA:56,4,1,0
BRDA:67,5,0,0
BRDA:67,5,1,0
BRDA:91,6,0,0
BRDA:95,7,0,0
BRDA:95,7,1,0
BRDA:96,8,0,0
BRDA:101,9,0,0
BRDA:101,9,1,0
BRDA:110,10,0,0
BRDA:110,10,1,0
BRDA:119,11,0,0
BRDA:119,11,1,0
BRDA:157,12,0,0
BRDA:161,13,0,0
BRDA:161,13,1,0
BRDA:162,14,0,0
BRDA:167,15,0,0
BRDA:167,15,1,0
BRDA:178,16,0,0
BRDA:178,16,1,0
BRF:28
BRH:2
end_of_record
TN:
SF:src\routes\voice.ts
FN:24,(anonymous_1)
FN:71,(anonymous_2)
FN:164,(anonymous_3)
FN:204,getAudioFormat
FNF:4
FNH:0
FNDA:0,(anonymous_1)
FNDA:0,(anonymous_2)
FNDA:0,(anonymous_3)
FNDA:0,getAudioFormat
DA:1,7
DA:2,7
DA:3,7
DA:5,7
DA:6,7
DA:7,7
DA:9,7
DA:11,7
DA:19,7
DA:25,0
DA:36,0
DA:37,0
DA:39,0
DA:68,7
DA:72,0
DA:73,0
DA:74,0
DA:76,0
DA:77,0
DA:80,0
DA:81,0
DA:84,0
DA:98,0
DA:116,0
DA:117,0
DA:120,0
DA:121,0
DA:137,0
DA:151,0
DA:161,7
DA:165,0
DA:166,0
DA:167,0
DA:169,0
DA:170,0
DA:173,0
DA:174,0
DA:177,0
DA:197,0
DA:199,0
DA:205,0
DA:216,0
DA:219,7
LF:43
LH:12
BRDA:11,0,0,7
BRDA:11,0,1,7
BRDA:36,1,0,0
BRDA:36,1,1,0
BRDA:73,2,0,0
BRDA:73,2,1,0
BRDA:76,3,0,0
BRDA:109,4,0,0
BRDA:109,4,1,0
BRDA:120,5,0,0
BRDA:138,6,0,0
BRDA:138,6,1,0
BRDA:140,7,0,0
BRDA:140,7,1,0
BRDA:141,8,0,0
BRDA:141,8,1,0
BRDA:166,9,0,0
BRDA:166,9,1,0
BRDA:167,10,0,0
BRDA:167,10,1,0
BRDA:169,11,0,0
BRDA:187,12,0,0
BRDA:187,12,1,0
BRDA:189,13,0,0
BRDA:189,13,1,0
BRDA:190,14,0,0
BRDA:190,14,1,0
BRDA:216,15,0,0
BRDA:216,15,1,0
BRF:29
BRH:2
end_of_record
TN:
SF:src\services\kafka.ts
FN:42,(anonymous_0)
FN:85,(anonymous_1)
FN:97,(anonymous_2)
FN:110,(anonymous_3)
FNF:4
FNH:0
FNDA:0,(anonymous_0)
FNDA:0,(anonymous_1)
FNDA:0,(anonymous_2)
FNDA:0,(anonymous_3)
DA:1,7
DA:2,7
DA:3,7
DA:5,7
DA:6,7
DA:9,7
DA:20,7
DA:23,7
DA:42,7
DA:47,0
DA:54,0
DA:55,0
DA:56,0
DA:58,0
DA:72,0
DA:74,0
DA:76,0
DA:77,0
DA:78,0
DA:80,0
DA:85,7
DA:86,0
DA:97,7
DA:103,0
DA:105,0
DA:106,0
DA:109,0
DA:111,0
DA:112,0
DA:113,0
DA:115,0
DA:127,0
DA:131,7
LF:33
LH:12
BRDA:5,0,0,7
BRDA:5,0,1,7
BRDA:6,1,0,7
BRDA:6,1,1,7
BRDA:55,2,0,0
BRDA:61,3,0,0
BRDA:61,3,1,0
BRDA:77,4,0,0
BRDA:101,5,0,0
BRF:9
BRH:4
end_of_record
TN:
SF:src\services\metrics.ts
FN:226,(anonymous_0)
FN:227,(anonymous_1)
FNF:2
FNH:1
FNDA:7,(anonymous_0)
FNDA:0,(anonymous_1)
DA:2,7
DA:5,7
DA:8,7
DA:11,7
DA:18,7
DA:26,7
DA:33,7
DA:40,7
DA:47,7
DA:54,7
DA:61,7
DA:68,7
DA:75,7
DA:82,7
DA:89,7
DA:96,7
DA:103,7
DA:110,7
DA:117,7
DA:124,7
DA:131,7
DA:138,7
DA:145,7
DA:152,7
DA:159,7
DA:167,7
DA:175,7
DA:182,7
DA:189,7
DA:196,7
DA:203,7
DA:210,7
DA:217,7
DA:226,7
DA:227,7
DA:228,0
DA:229,0
DA:230,0
DA:232,0
DA:237,7
LF:40
LH:36
BRF:0
BRH:0
end_of_record
TN:
SF:src\services\prisma.ts
FN:15,(anonymous_0)
FN:29,(anonymous_1)
FN:37,(anonymous_2)
FN:44,(anonymous_3)
FNF:4
FNH:0
FNDA:0,(anonymous_0)
FNDA:0,(anonymous_1)
FNDA:0,(anonymous_2)
FNDA:0,(anonymous_3)
DA:1,7
DA:2,7
DA:5,7
DA:14,7
DA:15,7
DA:16,0
DA:17,0
DA:25,7
DA:29,7
DA:33,0
DA:34,0
DA:37,0
DA:38,0
DA:39,0
DA:44,7
DA:45,0
LF:16
LH:8
BRDA:14,0,0,7
BRDA:16,1,0,0
BRDA:33,2,0,0
BRDA:33,3,0,0
BRDA:33,3,1,0
BRF:5
BRH:1
end_of_record
TN:
SF:src\services\redis.ts
FN:9,(anonymous_1)
FN:15,(anonymous_2)
FN:19,(anonymous_3)
FN:23,(anonymous_4)
FN:30,(anonymous_5)
FN:41,(anonymous_6)
FN:51,(anonymous_7)
FN:56,(anonymous_8)
FN:62,(anonymous_9)
FN:78,(anonymous_10)
FN:88,(anonymous_11)
FN:96,(anonymous_12)
FN:102,(anonymous_13)
FN:106,(anonymous_14)
FN:110,(anonymous_15)
FN:120,(anonymous_16)
FN:131,(anonymous_17)
FN:135,(anonymous_18)
FNF:18
FNH:0
FNDA:0,(anonymous_1)
FNDA:0,(anonymous_2)
FNDA:0,(anonymous_3)
FNDA:0,(anonymous_4)
FNDA:0,(anonymous_5)
FNDA:0,(anonymous_6)
FNDA:0,(anonymous_7)
FNDA:0,(anonymous_8)
FNDA:0,(anonymous_9)
FNDA:0,(anonymous_10)
FNDA:0,(anonymous_11)
FNDA:0,(anonymous_12)
FNDA:0,(anonymous_13)
FNDA:0,(anonymous_14)
FNDA:0,(anonymous_15)
FNDA:0,(anonymous_16)
FNDA:0,(anonymous_17)
FNDA:0,(anonymous_18)
DA:1,7
DA:2,7
DA:4,7
DA:6,7
DA:10,0
DA:11,0
DA:15,7
DA:16,0
DA:19,7
DA:20,0
DA:23,7
DA:24,0
DA:28,7
DA:31,0
DA:32,0
DA:33,0
DA:34,0
DA:36,0
DA:42,0
DA:43,0
DA:44,0
DA:46,0
DA:52,0
DA:57,0
DA:58,0
DA:67,0
DA:68,0
DA:70,0
DA:71,0
DA:72,0
DA:77,7
DA:79,0
DA:81,0
DA:82,0
DA:85,0
DA:89,0
DA:90,0
DA:95,7
DA:97,0
DA:98,0
DA:99,0
DA:103,0
DA:107,0
DA:111,0
DA:112,0
DA:113,0
DA:119,7
DA:121,0
DA:128,0
DA:132,0
DA:140,0
DA:141,0
DA:142,0
DA:145,0
DA:146,0
DA:148,0
LF:56
LH:11
BRDA:4,0,0,7
BRDA:4,0,1,7
BRDA:10,1,0,0
BRDA:32,2,0,0
BRDA:42,3,0,0
BRDA:42,3,1,0
BRDA:43,4,0,0
BRDA:43,4,1,0
BRDA:68,5,0,0
BRDA:81,6,0,0
BRDA:90,7,0,0
BRDA:90,7,1,0
BRDA:96,8,0,0
BRDA:112,9,0,0
BRDA:120,10,0,0
BRDA:138,11,0,0
BRDA:141,12,0,0
BRF:17
BRH:2
end_of_record
TN:
SF:src\services\secureCache.ts
FN:6,(anonymous_1)
FN:7,(anonymous_2)
FN:11,(anonymous_3)
FN:16,(anonymous_4)
FN:25,(anonymous_5)
FN:29,(anonymous_6)
FN:33,(anonymous_7)
FN:37,(anonymous_8)
FN:50,(anonymous_9)
FN:51,(anonymous_10)
FN:52,(anonymous_11)
FN:54,(anonymous_12)
FN:57,(anonymous_13)
FN:59,(anonymous_14)
FNF:14
FNH:0
FNDA:0,(anonymous_1)
FNDA:0,(anonymous_2)
FNDA:0,(anonymous_3)
FNDA:0,(anonymous_4)
FNDA:0,(anonymous_5)
FNDA:0,(anonymous_6)
FNDA:0,(anonymous_7)
FNDA:0,(anonymous_8)
FNDA:0,(anonymous_9)
FNDA:0,(anonymous_10)
FNDA:0,(anonymous_11)
FNDA:0,(anonymous_12)
FNDA:0,(anonymous_13)
FNDA:0,(anonymous_14)
DA:1,7
DA:2,7
DA:6,7
DA:7,0
DA:8,0
DA:11,7
DA:12,0
DA:15,7
DA:17,0
DA:22,0
DA:26,0
DA:30,0
DA:34,0
DA:46,0
DA:50,7
DA:51,7
DA:52,7
DA:54,7
DA:55,0
DA:56,0
DA:57,0
DA:58,0
DA:59,0
DA:60,0
LF:24
LH:9
BRDA:22,0,0,0
BRDA:22,0,1,0
BRDA:22,1,0,0
BRDA:22,1,1,0
BRDA:22,2,0,0
BRDA:22,2,1,0
BRDA:55,3,0,0
BRDA:55,4,0,0
BRDA:55,4,1,0
BRDA:56,5,0,0
BRDA:57,6,0,0
BRF:11
BRH:0
end_of_record
TN:
SF:src\services\websocket.ts
FN:22,(anonymous_1)
FN:24,(anonymous_2)
FN:25,(anonymous_3)
FN:34,(anonymous_4)
FN:38,(anonymous_5)
FN:81,(anonymous_6)
FN:86,(anonymous_7)
FN:96,(anonymous_8)
FN:107,(anonymous_9)
FN:113,extractToken
FN:118,addConnection
FN:132,removeConnection
FN:150,handleMessage
FN:166,handleSubscribe
FN:195,(anonymous_15)
FN:203,(anonymous_16)
FN:211,(anonymous_17)
FN:216,(anonymous_18)
FN:217,(anonymous_19)
FN:226,(anonymous_20)
FN:228,(anonymous_21)
FN:229,(anonymous_22)
FN:230,(anonymous_23)
FNF:23
FNH:1
FNDA:7,(anonymous_1)
FNDA:0,(anonymous_2)
FNDA:0,(anonymous_3)
FNDA:0,(anonymous_4)
FNDA:0,(anonymous_5)
FNDA:0,(anonymous_6)
FNDA:0,(anonymous_7)
FNDA:0,(anonymous_8)
FNDA:0,(anonymous_9)
FNDA:0,extractToken
FNDA:0,addConnection
FNDA:0,removeConnection
FNDA:0,handleMessage
FNDA:0,handleSubscribe
FNDA:0,(anonymous_15)
FNDA:0,(anonymous_16)
FNDA:0,(anonymous_17)
FNDA:0,(anonymous_18)
FNDA:0,(anonymous_19)
FNDA:0,(anonymous_20)
FNDA:0,(anonymous_21)
FNDA:0,(anonymous_22)
FNDA:0,(anonymous_23)
DA:1,7
DA:3,7
DA:4,7
DA:19,7
DA:20,7
DA:22,7
DA:24,7
DA:25,0
DA:26,0
DA:27,0
DA:29,0
DA:30,0
DA:34,7
DA:35,0
DA:38,7
DA:40,0
DA:41,0
DA:42,0
DA:43,0
DA:46,0
DA:47,0
DA:51,0
DA:52,0
DA:53,0
DA:54,0
DA:57,0
DA:58,0
DA:59,0
DA:62,0
DA:64,0
DA:70,0
DA:76,0
DA:77,0
DA:81,0
DA:82,0
DA:86,0
DA:87,0
DA:88,0
DA:89,0
DA:91,0
DA:96,0
DA:97,0
DA:98,0
DA:99,0
DA:107,0
DA:108,0
DA:114,0
DA:115,0
DA:119,0
DA:120,0
DA:123,0
DA:125,0
DA:126,0
DA:129,0
DA:133,0
DA:134,0
DA:136,0
DA:137,0
DA:139,0
DA:141,0
DA:142,0
DA:145,0
DA:146,0
DA:151,0
DA:153,0
DA:154,0
DA:158,0
DA:159,0
DA:162,0
DA:167,0
DA:168,0
DA:169,0
DA:172,0
DA:173,0
DA:174,0
DA:177,0
DA:178,0
DA:179,0
DA:180,0
DA:183,0
DA:184,0
DA:185,0
DA:186,0
DA:188,0
DA:190,0
DA:191,0
DA:195,7
DA:196,0
DA:197,0
DA:199,0
DA:200,0
DA:202,0
DA:203,0
DA:204,0
DA:205,0
DA:211,7
DA:212,0
DA:213,0
DA:215,0
DA:216,0
DA:217,0
DA:218,0
DA:219,0
DA:226,7
DA:227,0
DA:228,0
DA:229,0
DA:230,0
DA:231,0
DA:232,0
LF:110
LH:12
BRDA:26,0,0,0
BRDA:41,1,0,0
BRDA:49,2,0,0
BRDA:49,2,1,0
BRDA:51,3,0,0
BRDA:51,3,1,0
BRDA:52,4,0,0
BRDA:97,5,0,0
BRDA:97,6,0,0
BRDA:97,6,1,0
BRDA:114,7,0,0
BRDA:114,7,1,0
BRDA:119,8,0,0
BRDA:125,9,0,0
BRDA:134,10,0,0
BRDA:137,11,0,0
BRDA:141,12,0,0
BRDA:145,13,0,0
BRDA:151,14,0,0
BRDA:151,14,1,0
BRDA:151,14,2,0
BRDA:167,15,0,0
BRDA:167,16,0,0
BRDA:167,16,1,0
BRDA:172,17,0,0
BRDA:172,18,0,0
BRDA:172,18,1,0
BRDA:178,19,0,0
BRDA:184,20,0,0
BRDA:197,21,0,0
BRDA:200,22,0,0
BRDA:204,23,0,0
BRDA:213,24,0,0
BRDA:218,25,0,0
BRDA:231,26,0,0
BRF:35
BRH:0
end_of_record
TN:
SF:src\utils\logger.ts
FN:12,(anonymous_1)
FNF:1
FNH:0
FNDA:0,(anonymous_1)
DA:1,7
DA:3,7
DA:9,7
DA:13,0
DA:14,0
DA:18,7
DA:31,7
DA:32,0
DA:39,0
LF:9
LH:5
BRDA:13,0,0,0
BRDA:13,0,1,0
BRDA:19,1,0,7
BRDA:19,1,1,7
BRDA:25,2,0,0
BRDA:25,2,1,7
BRDA:31,3,0,0
BRF:7
BRH:3
end_of_record
