{"numFailedTestSuites":0,"numFailedTests":0,"numPassedTestSuites":1,"numPassedTests":6,"numPendingTestSuites":0,"numPendingTests":0,"numRuntimeErrorTestSuites":0,"numTodoTests":0,"numTotalTestSuites":1,"numTotalTests":6,"openHandles":[],"snapshot":{"added":0,"didUpdate":false,"failure":false,"filesAdded":0,"filesRemoved":0,"filesRemovedList":[],"filesUnmatched":0,"filesUpdated":0,"matched":0,"total":0,"unchecked":0,"uncheckedKeysByFile":[],"unmatched":0,"updated":0},"startTime":1769253656164,"success":true,"testResults":[{"assertionResults":[{"ancestorTitles":["Tenant isolation proof (gateway)"],"duration":333,"failureDetails":[],"failureMessages":[],"fullName":"Tenant isolation proof (gateway) blocks cross-tenant resource access (tenant A cannot read tenant B)","invocations":1,"location":null,"numPassingAsserts":0,"retryReasons":[],"status":"passed","title":"blocks cross-tenant resource access (tenant A cannot read tenant B)"},{"ancestorTitles":["Tenant isolation proof (gateway)"],"duration":135,"failureDetails":[],"failureMessages":[],"fullName":"Tenant isolation proof (gateway) blocks tenant override for non-super-admin (JWT tampering attempt)","invocations":1,"location":null,"numPassingAsserts":0,"retryReasons":[],"status":"passed","title":"blocks tenant override for non-super-admin (JWT tampering attempt)"},{"ancestorTitles":["Tenant isolation proof (gateway)"],"duration":104,"failureDetails":[],"failureMessages":[],"fullName":"Tenant isolation proof (gateway) allows super_admin cross-tenant READ only (OPA enforced)","invocations":1,"location":null,"numPassingAsserts":2,"retryReasons":[],"status":"passed","title":"allows super_admin cross-tenant READ only (OPA enforced)"},{"ancestorTitles":["Tenant isolation proof (gateway)"],"duration":933,"failureDetails":[],"failureMessages":[],"fullName":"Tenant isolation proof (gateway) denies super_admin cross-tenant WRITE (OPA enforced)","invocations":1,"location":null,"numPassingAsserts":0,"retryReasons":[],"status":"passed","title":"denies super_admin cross-tenant WRITE (OPA enforced)"},{"ancestorTitles":["Tenant isolation proof (gateway)"],"duration":19,"failureDetails":[],"failureMessages":[],"fullName":"Tenant isolation proof (gateway) prevents cross-tenant cache key collisions (tenant-scoped keys)","invocations":1,"location":null,"numPassingAsserts":2,"retryReasons":[],"status":"passed","title":"prevents cross-tenant cache key collisions (tenant-scoped keys)"},{"ancestorTitles":["Tenant isolation proof (gateway)"],"duration":69,"failureDetails":[],"failureMessages":[],"fullName":"Tenant isolation proof (gateway) blocks websocket cross-tenant channel subscription","invocations":1,"location":null,"numPassingAsserts":3,"retryReasons":[],"status":"passed","title":"blocks websocket cross-tenant channel subscription"}],"endTime":1769253677548,"message":"","name":"F:\\Dev_Env\\Multi-Agent-Enterprise-CRM\\gateway\\tests\\test_rls_enforcement.ts","startTime":1769253656520,"status":"passed","summary":""}],"wasInterrupted":false}
